[0.007s] Invoking command in '/home/jy/armordetect/build/slam_toolbox': CMAKE_PREFIX_PATH=/home/jy/ws00_helloworld/install/pkg01_helloworld_cpp:/home/jy/ws00_helloworld/install/cpp03_action:/home/jy/ws00_helloworld/install/cpp02_service:/home/jy/ws00_helloworld/install/cpp01_topic:/home/jy/ws00_helloworld/install/base_interfaces_demo:/home/jy/ws00_helloworld/install/py02_service:/home/jy/ws00_helloworld/install/py01_topic:/opt/ros/humble:/home/jy/catkin_ws/devel:/home/jy/catkin_ws/devel_isolated/wpr_simulation:/home/jy/catkin_ws/devel_isolated/ssr_pkg /usr/bin/cmake /home/jy/armordetect/src/slam_toolbox -DCMAKE_INSTALL_PREFIX=/home/jy/armordetect/install/slam_toolbox
[0.059s] -- The C compiler identification is GNU 11.4.0
[0.105s] -- The CXX compiler identification is GNU 11.4.0
[0.110s] -- Detecting C compiler ABI info
[0.170s] -- Detecting C compiler ABI info - done
[0.174s] -- Check for working C compiler: /usr/bin/cc - skipped
[0.174s] -- Detecting C compile features
[0.174s] -- Detecting C compile features - done
[0.176s] -- Detecting CXX compiler ABI info
[0.232s] -- Detecting CXX compiler ABI info - done
[0.236s] -- Check for working CXX compiler: /usr/bin/c++ - skipped
[0.236s] -- Detecting CXX compile features
[0.236s] -- Detecting CXX compile features - done
[0.239s] -- Found ament_cmake: 1.3.12 (/opt/ros/humble/share/ament_cmake/cmake)
[0.466s] -- Found Python3: /usr/bin/python3 (found version "3.10.12") found components: Interpreter 
[0.534s] -- Found message_filters: 4.3.8 (/opt/ros/humble/share/message_filters/cmake)
[0.566s] -- Found rosidl_generator_c: 3.1.7 (/opt/ros/humble/share/rosidl_generator_c/cmake)
[0.569s] -- Found rosidl_adapter: 3.1.7 (/opt/ros/humble/share/rosidl_adapter/cmake)
[0.574s] -- Found rosidl_generator_cpp: 3.1.7 (/opt/ros/humble/share/rosidl_generator_cpp/cmake)
[0.582s] -- Using all available rosidl_typesupport_c: rosidl_typesupport_fastrtps_c;rosidl_typesupport_introspection_c
[0.592s] -- Using all available rosidl_typesupport_cpp: rosidl_typesupport_fastrtps_cpp;rosidl_typesupport_introspection_cpp
[0.620s] -- Found rmw_implementation_cmake: 6.1.2 (/opt/ros/humble/share/rmw_implementation_cmake/cmake)
[0.622s] -- Found rmw_fastrtps_cpp: 6.2.8 (/opt/ros/humble/share/rmw_fastrtps_cpp/cmake)
[0.684s] -- Found OpenSSL: /usr/lib/x86_64-linux-gnu/libcrypto.so (found version "3.0.2")  
[0.710s] -- Found FastRTPS: /opt/ros/humble/include  
[0.746s] -- Using RMW implementation 'rmw_fastrtps_cpp' as default
[0.753s] -- Looking for pthread.h
[0.812s] -- Looking for pthread.h - found
[0.813s] -- Performing Test CMAKE_HAVE_LIBC_PTHREAD
[0.873s] -- Performing Test CMAKE_HAVE_LIBC_PTHREAD - Success
[0.874s] -- Found Threads: TRUE  
[0.908s] -- Found nav_msgs: 4.9.0 (/opt/ros/humble/share/nav_msgs/cmake)
[0.927s] -- Found sensor_msgs: 4.9.0 (/opt/ros/humble/share/sensor_msgs/cmake)
[0.941s] -- Found tf2: 0.25.16 (/opt/ros/humble/share/tf2/cmake)
[0.950s] -- Found tf2_ros: 0.25.16 (/opt/ros/humble/share/tf2_ros/cmake)
[1.013s] -- Found visualization_msgs: 4.9.0 (/opt/ros/humble/share/visualization_msgs/cmake)
[1.028s] -- Found pluginlib: 5.1.0 (/opt/ros/humble/share/pluginlib/cmake)
[1.042s] -- Found tf2_geometry_msgs: 0.25.16 (/opt/ros/humble/share/tf2_geometry_msgs/cmake)
[1.054s] -- Found eigen3_cmake_module: 0.1.1 (/opt/ros/humble/share/eigen3_cmake_module/cmake)
[1.055s] -- Found Eigen3: TRUE (found version "3.4.0") 
[1.055s] -- Ensuring Eigen3 include directory is part of orocos-kdl CMake target
[1.058s] -- Found tf2_sensor_msgs: 0.25.16 (/opt/ros/humble/share/tf2_sensor_msgs/cmake)
[1.062s] -- Found std_srvs: 4.9.0 (/opt/ros/humble/share/std_srvs/cmake)
[1.071s] -- Found rosidl_default_generators: 1.2.0 (/opt/ros/humble/share/rosidl_default_generators/cmake)
[1.083s] -- Found rviz_common: 11.2.20 (/opt/ros/humble/share/rviz_common/cmake)
[1.099s] -- Setting assimp_DIR to: '/opt/ros/humble/share/rviz_assimp_vendor/cmake/../../../opt/rviz_assimp_vendor/lib/cmake/assimp-4.1'
[1.106s] -- Setting OGRE_DIR to: '/opt/ros/humble/share/rviz_ogre_vendor/cmake/../../../opt/rviz_ogre_vendor/lib/OGRE/cmake'
[1.107s] -- Found OGRE
[1.107s] --   static     : OFF
[1.107s] --   components : HLMS;MeshLodGenerator;Overlay;Paging;Property;RTShaderSystem;Terrain;Volume
[1.107s] --   plugins    : Plugin_BSPSceneManager;Plugin_OctreeSceneManager;Plugin_PCZSceneManager;Plugin_ParticleFX;RenderSystem_GL;RenderSystem_GL3Plus;Codec_STBI
[1.107s] --   media      : /opt/ros/humble/opt/rviz_ogre_vendor/share/OGRE/Media
[1.107s] -- OGRE_LIBRARIES: OgreHLMS;OgreMeshLodGenerator;OgreOverlay;OgrePaging;OgreProperty;OgreRTShaderSystem;OgreTerrain;OgreVolume;OgreMain
[1.107s] -- OGRE_LIBRARY_DIRS: /opt/ros/humble/opt/rviz_ogre_vendor/lib
[1.107s] -- OGRE_PLUGINS: Plugin_BSPSceneManager;Plugin_OctreeSceneManager;Plugin_PCZSceneManager;Plugin_ParticleFX;RenderSystem_GL;RenderSystem_GL3Plus;Codec_STBI
[1.107s] -- OGRE_PLUGIN_DIR: /opt/ros/humble/opt/rviz_ogre_vendor/lib/OGRE
[1.107s] -- rviz_ogre_vendor::OgreOverlay for IMPORTED_LOCATION_RELEASE: /opt/ros/humble/opt/rviz_ogre_vendor/lib/libOgreOverlay.so
[1.107s] -- rviz_ogre_vendor::OgreOverlay for IMPORTED_LOCATION_DEBUG: /opt/ros/humble/opt/rviz_ogre_vendor/lib/libOgreOverlay.so
[1.107s] -- rviz_ogre_vendor::OgreMain for IMPORTED_LOCATION_RELEASE: /opt/ros/humble/opt/rviz_ogre_vendor/lib/libOgreMain.so
[1.107s] -- rviz_ogre_vendor::OgreMain for IMPORTED_LOCATION_DEBUG: /opt/ros/humble/opt/rviz_ogre_vendor/lib/libOgreMain.so
[1.120s] -- Found ZLIB: /usr/lib/x86_64-linux-gnu/libz.so (found version "1.2.11") 
[1.123s] -- Found OpenGL: /usr/lib/x86_64-linux-gnu/libOpenGL.so   
[1.202s] -- Found X11: /usr/include   
[1.203s] -- Looking for XOpenDisplay in /usr/lib/x86_64-linux-gnu/libX11.so;/usr/lib/x86_64-linux-gnu/libXext.so
[1.269s] -- Looking for XOpenDisplay in /usr/lib/x86_64-linux-gnu/libX11.so;/usr/lib/x86_64-linux-gnu/libXext.so - found
[1.269s] -- Looking for gethostbyname
[1.320s] -- Looking for gethostbyname - found
[1.320s] -- Looking for connect
[1.414s] -- Looking for connect - found
[1.414s] -- Looking for remove
[1.516s] -- Looking for remove - found
[1.516s] -- Looking for shmat
[1.603s] -- Looking for shmat - found
[1.603s] -- Looking for IceConnectionNumber in ICE
[1.693s] -- Looking for IceConnectionNumber in ICE - found
[1.795s] -- library: /usr/lib/x86_64-linux-gnu/libcurl.so
[1.834s] -- Found rviz_default_plugins: 11.2.20 (/opt/ros/humble/share/rviz_default_plugins/cmake)
[1.888s] -- Found Boost: /usr/lib/x86_64-linux-gnu/cmake/Boost-1.74.0/BoostConfig.cmake (found version "1.74.0") found components: system serialization filesystem thread 
[1.894s] -- Found PkgConfig: /usr/bin/pkg-config (found version "0.29.2") 
[1.900s] -- Found CHOLMOD: /usr/include/suitesparse  
[1.902s] -- Found CSparse: /usr/include/suitesparse  
[1.917s] -- Looking for sgemm_
[1.969s] -- Looking for sgemm_ - not found
[1.996s] -- Looking for sgemm_
[2.073s] -- Looking for sgemm_ - found
[2.073s] -- Found BLAS: /usr/lib/x86_64-linux-gnu/libblas.so  
[2.076s] -- Looking for cheev_
[2.173s] -- Looking for cheev_ - not found
[2.181s] -- Looking for cheev_
[2.252s] -- Looking for cheev_ - not found
[2.253s] -- Looking for cheev_
[2.375s] -- Looking for cheev_ - found
[2.375s] -- Found LAPACK: /usr/lib/x86_64-linux-gnu/liblapack.so;/usr/lib/x86_64-linux-gnu/libblas.so  
[2.379s] -- Found required Ceres dependency: Eigen version 3.4.0 in /usr/include/eigen3
[2.383s] -- Found required Ceres dependency: glog
[2.384s] -- Found required Ceres dependency: gflags
[2.384s] -- Found Ceres version: 2.0.0 installed in: /usr with components: [EigenSparse, SparseLinearAlgebraLibrary, LAPACK, SuiteSparse, CXSparse, SchurSpecializations, Multithreading]
[2.639s] -- Found ament_cmake_ros: 0.10.0 (/opt/ros/humble/share/ament_cmake_ros/cmake)
[2.976s] -- Using all available rosidl_typesupport_c: rosidl_typesupport_fastrtps_c;rosidl_typesupport_introspection_c
[3.102s] -- Using all available rosidl_typesupport_cpp: rosidl_typesupport_fastrtps_cpp;rosidl_typesupport_introspection_cpp
[3.122s] -- Found PythonInterp: /usr/bin/python3 (found suitable version "3.10.12", minimum required is "3.6") 
[3.124s] -- Found python_cmake_module: 0.10.0 (/opt/ros/humble/share/python_cmake_module/cmake)
[3.155s] -- Found PythonLibs: /usr/lib/x86_64-linux-gnu/libpython3.10.so (found suitable version "3.10.12", minimum required is "3.5") 
[3.155s] -- Using PYTHON_EXECUTABLE: /usr/bin/python3
[3.155s] -- Using PYTHON_INCLUDE_DIRS: /usr/include/python3.10
[3.155s] -- Using PYTHON_LIBRARIES: /usr/lib/x86_64-linux-gnu/libpython3.10.so
[3.182s] -- Found PythonExtra: .so  
[3.269s] -- Configuring done
[3.400s] -- Generating done
[3.435s] -- Build files have been written to: /home/jy/armordetect/build/slam_toolbox
[3.448s] Invoked command in '/home/jy/armordetect/build/slam_toolbox' returned '0': CMAKE_PREFIX_PATH=/home/jy/ws00_helloworld/install/pkg01_helloworld_cpp:/home/jy/ws00_helloworld/install/cpp03_action:/home/jy/ws00_helloworld/install/cpp02_service:/home/jy/ws00_helloworld/install/cpp01_topic:/home/jy/ws00_helloworld/install/base_interfaces_demo:/home/jy/ws00_helloworld/install/py02_service:/home/jy/ws00_helloworld/install/py01_topic:/opt/ros/humble:/home/jy/catkin_ws/devel:/home/jy/catkin_ws/devel_isolated/wpr_simulation:/home/jy/catkin_ws/devel_isolated/ssr_pkg /usr/bin/cmake /home/jy/armordetect/src/slam_toolbox -DCMAKE_INSTALL_PREFIX=/home/jy/armordetect/install/slam_toolbox
[3.449s] Invoking command in '/home/jy/armordetect/build/slam_toolbox': CMAKE_PREFIX_PATH=/home/jy/ws00_helloworld/install/pkg01_helloworld_cpp:/home/jy/ws00_helloworld/install/cpp03_action:/home/jy/ws00_helloworld/install/cpp02_service:/home/jy/ws00_helloworld/install/cpp01_topic:/home/jy/ws00_helloworld/install/base_interfaces_demo:/home/jy/ws00_helloworld/install/py02_service:/home/jy/ws00_helloworld/install/py01_topic:/opt/ros/humble:/home/jy/catkin_ws/devel:/home/jy/catkin_ws/devel_isolated/wpr_simulation:/home/jy/catkin_ws/devel_isolated/ssr_pkg /usr/bin/cmake --build /home/jy/armordetect/build/slam_toolbox -- -j16 -l16
[3.487s] [  1%] [34m[1mGenerating C code for ROS interfaces[0m
[3.495s] [  1%] [32mBuilding CXX object lib/karto_sdk/CMakeFiles/kartoSlamToolbox.dir/src/Karto.cpp.o[0m
[3.495s] [  2%] [32mBuilding CXX object lib/karto_sdk/CMakeFiles/kartoSlamToolbox.dir/src/Mapper.cpp.o[0m
[3.507s] [  3%] [34m[1mGenerating C++ code for ROS interfaces[0m
[3.509s] [  3%] Built target ament_cmake_python_copy_slam_toolbox
[3.625s] running egg_info
[3.625s] creating slam_toolbox.egg-info
[3.633s] writing slam_toolbox.egg-info/PKG-INFO
[3.633s] writing dependency_links to slam_toolbox.egg-info/dependency_links.txt
[3.634s] writing top-level names to slam_toolbox.egg-info/top_level.txt
[3.634s] writing manifest file 'slam_toolbox.egg-info/SOURCES.txt'
[3.658s] reading manifest file 'slam_toolbox.egg-info/SOURCES.txt'
[3.659s] writing manifest file 'slam_toolbox.egg-info/SOURCES.txt'
[3.677s] [  3%] Built target ament_cmake_python_build_slam_toolbox_egg
[4.018s] [  3%] [32mBuilding C object CMakeFiles/slam_toolbox__rosidl_generator_c.dir/rosidl_generator_c/slam_toolbox/srv/detail/clear_queue__functions.c.o[0m
[4.018s] [  4%] [32mBuilding C object CMakeFiles/slam_toolbox__rosidl_generator_c.dir/rosidl_generator_c/slam_toolbox/srv/detail/pause__functions.c.o[0m
[4.022s] [  5%] [32mBuilding C object CMakeFiles/slam_toolbox__rosidl_generator_c.dir/rosidl_generator_c/slam_toolbox/srv/detail/toggle_interactive__functions.c.o[0m
[4.022s] [  6%] [32mBuilding C object CMakeFiles/slam_toolbox__rosidl_generator_c.dir/rosidl_generator_c/slam_toolbox/srv/detail/clear__functions.c.o[0m
[4.023s] [  7%] [32mBuilding C object CMakeFiles/slam_toolbox__rosidl_generator_c.dir/rosidl_generator_c/slam_toolbox/srv/detail/save_map__functions.c.o[0m
[4.025s] [  7%] [32mBuilding C object CMakeFiles/slam_toolbox__rosidl_generator_c.dir/rosidl_generator_c/slam_toolbox/srv/detail/loop_closure__functions.c.o[0m
[4.041s] [  8%] [32mBuilding C object CMakeFiles/slam_toolbox__rosidl_generator_c.dir/rosidl_generator_c/slam_toolbox/srv/detail/merge_maps__functions.c.o[0m
[4.046s] [  9%] [32mBuilding C object CMakeFiles/slam_toolbox__rosidl_generator_c.dir/rosidl_generator_c/slam_toolbox/srv/detail/add_submap__functions.c.o[0m
[4.054s] [  9%] [32mBuilding C object CMakeFiles/slam_toolbox__rosidl_generator_c.dir/rosidl_generator_c/slam_toolbox/srv/detail/deserialize_pose_graph__functions.c.o[0m
[4.057s] [ 10%] [32mBuilding C object CMakeFiles/slam_toolbox__rosidl_generator_c.dir/rosidl_generator_c/slam_toolbox/srv/detail/serialize_pose_graph__functions.c.o[0m
[4.066s] [ 10%] Built target slam_toolbox__cpp
[4.077s] [ 12%] [34m[1mGenerating C++ type support for eProsima Fast-RTPS[0m
[4.077s] [ 12%] [34m[1mGenerating C++ introspection for ROS interfaces[0m
[4.077s] [ 12%] [34m[1mGenerating C++ type support dispatch for ROS interfaces[0m
[4.177s] [ 13%] [32m[1mLinking C shared library libslam_toolbox__rosidl_generator_c.so[0m
[4.205s] [ 13%] Built target slam_toolbox__rosidl_generator_c
[4.213s] [ 13%] [34m[1mGenerating C type support dispatch for ROS interfaces[0m
[4.215s] [ 15%] [34m[1mGenerating C introspection for ROS interfaces[0m
[4.215s] [ 15%] [34m[1mGenerating C type support for eProsima Fast-RTPS[0m
[4.430s] [ 17%] [32mBuilding CXX object CMakeFiles/slam_toolbox__rosidl_typesupport_cpp.dir/rosidl_typesupport_cpp/slam_toolbox/srv/add_submap__type_support.cpp.o[0m
[4.430s] [ 17%] [32mBuilding CXX object CMakeFiles/slam_toolbox__rosidl_typesupport_cpp.dir/rosidl_typesupport_cpp/slam_toolbox/srv/clear__type_support.cpp.o[0m
[4.430s] [ 18%] [32mBuilding CXX object CMakeFiles/slam_toolbox__rosidl_typesupport_cpp.dir/rosidl_typesupport_cpp/slam_toolbox/srv/toggle_interactive__type_support.cpp.o[0m
[4.430s] [ 19%] [32mBuilding CXX object CMakeFiles/slam_toolbox__rosidl_typesupport_cpp.dir/rosidl_typesupport_cpp/slam_toolbox/srv/deserialize_pose_graph__type_support.cpp.o[0m
[4.432s] [ 20%] [32mBuilding CXX object CMakeFiles/slam_toolbox__rosidl_typesupport_cpp.dir/rosidl_typesupport_cpp/slam_toolbox/srv/pause__type_support.cpp.o[0m
[4.432s] [ 20%] [32mBuilding CXX object CMakeFiles/slam_toolbox__rosidl_typesupport_cpp.dir/rosidl_typesupport_cpp/slam_toolbox/srv/loop_closure__type_support.cpp.o[0m
[4.433s] [ 21%] [32mBuilding CXX object CMakeFiles/slam_toolbox__rosidl_typesupport_cpp.dir/rosidl_typesupport_cpp/slam_toolbox/srv/clear_queue__type_support.cpp.o[0m
[4.435s] [ 22%] [32mBuilding CXX object CMakeFiles/slam_toolbox__rosidl_typesupport_cpp.dir/rosidl_typesupport_cpp/slam_toolbox/srv/save_map__type_support.cpp.o[0m
[4.437s] [ 22%] [32mBuilding CXX object CMakeFiles/slam_toolbox__rosidl_typesupport_cpp.dir/rosidl_typesupport_cpp/slam_toolbox/srv/merge_maps__type_support.cpp.o[0m
[4.682s] [ 23%] [32mBuilding CXX object CMakeFiles/slam_toolbox__rosidl_typesupport_cpp.dir/rosidl_typesupport_cpp/slam_toolbox/srv/serialize_pose_graph__type_support.cpp.o[0m
[4.714s] [ 24%] [32mBuilding CXX object CMakeFiles/slam_toolbox__rosidl_typesupport_c.dir/rosidl_typesupport_c/slam_toolbox/srv/clear_queue__type_support.cpp.o[0m
[4.715s] [ 25%] [32mBuilding CXX object CMakeFiles/slam_toolbox__rosidl_typesupport_c.dir/rosidl_typesupport_c/slam_toolbox/srv/pause__type_support.cpp.o[0m
[4.717s] [ 26%] [32mBuilding CXX object CMakeFiles/slam_toolbox__rosidl_typesupport_c.dir/rosidl_typesupport_c/slam_toolbox/srv/toggle_interactive__type_support.cpp.o[0m
[4.718s] [ 26%] [32mBuilding CXX object CMakeFiles/slam_toolbox__rosidl_typesupport_introspection_cpp.dir/rosidl_typesupport_introspection_cpp/slam_toolbox/srv/detail/pause__type_support.cpp.o[0m
[4.718s] [ 27%] [32mBuilding CXX object CMakeFiles/slam_toolbox__rosidl_typesupport_introspection_cpp.dir/rosidl_typesupport_introspection_cpp/slam_toolbox/srv/detail/clear_queue__type_support.cpp.o[0m
[4.723s] [ 27%] [32mBuilding CXX object CMakeFiles/slam_toolbox__rosidl_typesupport_c.dir/rosidl_typesupport_c/slam_toolbox/srv/clear__type_support.cpp.o[0m
[4.737s] [ 28%] [32mBuilding CXX object CMakeFiles/slam_toolbox__rosidl_typesupport_c.dir/rosidl_typesupport_c/slam_toolbox/srv/save_map__type_support.cpp.o[0m
[4.745s] [ 29%] [32mBuilding CXX object CMakeFiles/slam_toolbox__rosidl_typesupport_introspection_cpp.dir/rosidl_typesupport_introspection_cpp/slam_toolbox/srv/detail/toggle_interactive__type_support.cpp.o[0m
[4.746s] [ 29%] [32mBuilding CXX object CMakeFiles/slam_toolbox__rosidl_typesupport_introspection_cpp.dir/rosidl_typesupport_introspection_cpp/slam_toolbox/srv/detail/clear__type_support.cpp.o[0m
[4.746s] [ 30%] [32mBuilding CXX object CMakeFiles/slam_toolbox__rosidl_typesupport_c.dir/rosidl_typesupport_c/slam_toolbox/srv/loop_closure__type_support.cpp.o[0m
[4.750s] [ 30%] [32mBuilding CXX object CMakeFiles/slam_toolbox__rosidl_typesupport_c.dir/rosidl_typesupport_c/slam_toolbox/srv/merge_maps__type_support.cpp.o[0m
[4.758s] [ 31%] [32mBuilding CXX object CMakeFiles/slam_toolbox__rosidl_typesupport_introspection_cpp.dir/rosidl_typesupport_introspection_cpp/slam_toolbox/srv/detail/loop_closure__type_support.cpp.o[0m
[4.759s] [ 32%] [32mBuilding CXX object CMakeFiles/slam_toolbox__rosidl_typesupport_fastrtps_cpp.dir/rosidl_typesupport_fastrtps_cpp/slam_toolbox/srv/detail/dds_fastrtps/pause__type_support.cpp.o[0m
[4.761s] [ 33%] [32mBuilding CXX object CMakeFiles/slam_toolbox__rosidl_typesupport_introspection_cpp.dir/rosidl_typesupport_introspection_cpp/slam_toolbox/srv/detail/save_map__type_support.cpp.o[0m
[4.779s] [ 34%] [32mBuilding CXX object CMakeFiles/slam_toolbox__rosidl_typesupport_fastrtps_cpp.dir/rosidl_typesupport_fastrtps_cpp/slam_toolbox/srv/detail/dds_fastrtps/toggle_interactive__type_support.cpp.o[0m
[4.779s] [ 34%] [32mBuilding CXX object CMakeFiles/slam_toolbox__rosidl_typesupport_fastrtps_cpp.dir/rosidl_typesupport_fastrtps_cpp/slam_toolbox/srv/detail/dds_fastrtps/clear_queue__type_support.cpp.o[0m
[4.791s] [ 35%] [32mBuilding CXX object CMakeFiles/slam_toolbox__rosidl_typesupport_fastrtps_cpp.dir/rosidl_typesupport_fastrtps_cpp/slam_toolbox/srv/detail/dds_fastrtps/clear__type_support.cpp.o[0m
[4.797s] [ 36%] [32mBuilding CXX object CMakeFiles/slam_toolbox__rosidl_typesupport_c.dir/rosidl_typesupport_c/slam_toolbox/srv/add_submap__type_support.cpp.o[0m
[4.844s] [ 37%] [32mBuilding CXX object CMakeFiles/slam_toolbox__rosidl_typesupport_c.dir/rosidl_typesupport_c/slam_toolbox/srv/deserialize_pose_graph__type_support.cpp.o[0m
[4.889s] [ 38%] [32mBuilding CXX object CMakeFiles/slam_toolbox__rosidl_typesupport_c.dir/rosidl_typesupport_c/slam_toolbox/srv/serialize_pose_graph__type_support.cpp.o[0m
[4.924s] [ 38%] [32m[1mLinking CXX shared library libslam_toolbox__rosidl_typesupport_c.so[0m
[4.941s] [ 38%] [32m[1mLinking CXX shared library libslam_toolbox__rosidl_typesupport_cpp.so[0m
[4.965s] [ 38%] Built target slam_toolbox__rosidl_typesupport_c
[4.975s] [ 39%] [32mBuilding CXX object CMakeFiles/slam_toolbox__rosidl_typesupport_fastrtps_cpp.dir/rosidl_typesupport_fastrtps_cpp/slam_toolbox/srv/detail/dds_fastrtps/save_map__type_support.cpp.o[0m
[4.988s] [ 39%] Built target slam_toolbox__rosidl_typesupport_cpp
[5.013s] [ 39%] [34m[1mGenerating rviz_plugin/moc_slam_toolbox_rviz_plugin.cpp[0m
[5.045s] [ 40%] [32mBuilding C object CMakeFiles/slam_toolbox__rosidl_typesupport_introspection_c.dir/rosidl_typesupport_introspection_c/slam_toolbox/srv/detail/pause__type_support.c.o[0m
[5.046s] [ 40%] [32mBuilding CXX object CMakeFiles/SlamToolboxPlugin.dir/rviz_plugin/slam_toolbox_rviz_plugin.cpp.o[0m
[5.089s] [ 41%] [32mBuilding CXX object CMakeFiles/slam_toolbox__rosidl_typesupport_introspection_cpp.dir/rosidl_typesupport_introspection_cpp/slam_toolbox/srv/detail/merge_maps__type_support.cpp.o[0m
[5.097s] [ 42%] [32mBuilding C object CMakeFiles/slam_toolbox__rosidl_typesupport_introspection_c.dir/rosidl_typesupport_introspection_c/slam_toolbox/srv/detail/clear_queue__type_support.c.o[0m
[5.111s] [ 43%] [32mBuilding C object CMakeFiles/slam_toolbox__rosidl_typesupport_introspection_c.dir/rosidl_typesupport_introspection_c/slam_toolbox/srv/detail/toggle_interactive__type_support.c.o[0m
[5.115s] [ 44%] [32mBuilding CXX object CMakeFiles/SlamToolboxPlugin.dir/rviz_plugin/moc_slam_toolbox_rviz_plugin.cpp.o[0m
[5.134s] [ 44%] [32mBuilding CXX object CMakeFiles/slam_toolbox__rosidl_typesupport_fastrtps_cpp.dir/rosidl_typesupport_fastrtps_cpp/slam_toolbox/srv/detail/dds_fastrtps/loop_closure__type_support.cpp.o[0m
[5.147s] [ 44%] [32mBuilding C object CMakeFiles/slam_toolbox__rosidl_typesupport_introspection_c.dir/rosidl_typesupport_introspection_c/slam_toolbox/srv/detail/clear__type_support.c.o[0m
[5.154s] [ 45%] [32mBuilding C object CMakeFiles/slam_toolbox__rosidl_typesupport_introspection_c.dir/rosidl_typesupport_introspection_c/slam_toolbox/srv/detail/save_map__type_support.c.o[0m
[5.155s] [ 46%] [32mBuilding CXX object CMakeFiles/slam_toolbox__rosidl_typesupport_fastrtps_cpp.dir/rosidl_typesupport_fastrtps_cpp/slam_toolbox/srv/detail/dds_fastrtps/merge_maps__type_support.cpp.o[0m
[5.157s] [ 47%] [32mBuilding CXX object CMakeFiles/slam_toolbox__rosidl_typesupport_fastrtps_cpp.dir/rosidl_typesupport_fastrtps_cpp/slam_toolbox/srv/detail/dds_fastrtps/add_submap__type_support.cpp.o[0m
[5.173s] [ 48%] [32mBuilding C object CMakeFiles/slam_toolbox__rosidl_typesupport_introspection_c.dir/rosidl_typesupport_introspection_c/slam_toolbox/srv/detail/loop_closure__type_support.c.o[0m
[5.178s] [ 49%] [32mBuilding CXX object CMakeFiles/slam_toolbox__rosidl_typesupport_fastrtps_c.dir/rosidl_typesupport_fastrtps_c/slam_toolbox/srv/detail/pause__type_support_c.cpp.o[0m
[5.191s] [ 50%] [32mBuilding C object CMakeFiles/slam_toolbox__rosidl_typesupport_introspection_c.dir/rosidl_typesupport_introspection_c/slam_toolbox/srv/detail/merge_maps__type_support.c.o[0m
[5.197s] [ 50%] [32mBuilding CXX object CMakeFiles/slam_toolbox__rosidl_typesupport_introspection_cpp.dir/rosidl_typesupport_introspection_cpp/slam_toolbox/srv/detail/add_submap__type_support.cpp.o[0m
[5.199s] [ 50%] [32mBuilding CXX object CMakeFiles/slam_toolbox__rosidl_typesupport_fastrtps_cpp.dir/rosidl_typesupport_fastrtps_cpp/slam_toolbox/srv/detail/dds_fastrtps/deserialize_pose_graph__type_support.cpp.o[0m
[5.200s] [ 50%] [32mBuilding CXX object CMakeFiles/slam_toolbox__rosidl_typesupport_fastrtps_c.dir/rosidl_typesupport_fastrtps_c/slam_toolbox/srv/detail/clear_queue__type_support_c.cpp.o[0m
[5.212s] [ 51%] [32mBuilding CXX object CMakeFiles/slam_toolbox__rosidl_typesupport_introspection_cpp.dir/rosidl_typesupport_introspection_cpp/slam_toolbox/srv/detail/deserialize_pose_graph__type_support.cpp.o[0m
[5.233s] [ 51%] [32mBuilding C object CMakeFiles/slam_toolbox__rosidl_typesupport_introspection_c.dir/rosidl_typesupport_introspection_c/slam_toolbox/srv/detail/add_submap__type_support.c.o[0m
[5.264s] [ 52%] [32mBuilding C object CMakeFiles/slam_toolbox__rosidl_typesupport_introspection_c.dir/rosidl_typesupport_introspection_c/slam_toolbox/srv/detail/deserialize_pose_graph__type_support.c.o[0m
[5.291s] [ 53%] [32mBuilding CXX object CMakeFiles/slam_toolbox__rosidl_typesupport_introspection_cpp.dir/rosidl_typesupport_introspection_cpp/slam_toolbox/srv/detail/serialize_pose_graph__type_support.cpp.o[0m
[5.320s] [ 54%] [32mBuilding C object CMakeFiles/slam_toolbox__rosidl_typesupport_introspection_c.dir/rosidl_typesupport_introspection_c/slam_toolbox/srv/detail/serialize_pose_graph__type_support.c.o[0m
[5.375s] [ 55%] [32mBuilding CXX object CMakeFiles/slam_toolbox__rosidl_typesupport_fastrtps_c.dir/rosidl_typesupport_fastrtps_c/slam_toolbox/srv/detail/toggle_interactive__type_support_c.cpp.o[0m
[5.400s] [ 55%] [32m[1mLinking C shared library libslam_toolbox__rosidl_typesupport_introspection_c.so[0m
[5.467s] [ 55%] Built target slam_toolbox__rosidl_typesupport_introspection_c
[5.477s] [ 56%] [32mBuilding CXX object CMakeFiles/slam_toolbox__rosidl_typesupport_fastrtps_c.dir/rosidl_typesupport_fastrtps_c/slam_toolbox/srv/detail/clear__type_support_c.cpp.o[0m
[5.494s] [ 57%] [32mBuilding CXX object CMakeFiles/slam_toolbox__rosidl_typesupport_fastrtps_c.dir/rosidl_typesupport_fastrtps_c/slam_toolbox/srv/detail/save_map__type_support_c.cpp.o[0m
[5.519s] [ 57%] [32mBuilding CXX object CMakeFiles/slam_toolbox__rosidl_typesupport_fastrtps_c.dir/rosidl_typesupport_fastrtps_c/slam_toolbox/srv/detail/loop_closure__type_support_c.cpp.o[0m
[5.539s] [ 58%] [32mBuilding CXX object CMakeFiles/slam_toolbox__rosidl_typesupport_fastrtps_cpp.dir/rosidl_typesupport_fastrtps_cpp/slam_toolbox/srv/detail/dds_fastrtps/serialize_pose_graph__type_support.cpp.o[0m
[5.591s] [ 59%] [32mBuilding CXX object CMakeFiles/slam_toolbox__rosidl_typesupport_fastrtps_c.dir/rosidl_typesupport_fastrtps_c/slam_toolbox/srv/detail/merge_maps__type_support_c.cpp.o[0m
[5.594s] [ 60%] [32mBuilding CXX object CMakeFiles/slam_toolbox__rosidl_typesupport_fastrtps_c.dir/rosidl_typesupport_fastrtps_c/slam_toolbox/srv/detail/add_submap__type_support_c.cpp.o[0m
[5.598s] [ 60%] [32mBuilding CXX object CMakeFiles/slam_toolbox__rosidl_typesupport_fastrtps_c.dir/rosidl_typesupport_fastrtps_c/slam_toolbox/srv/detail/deserialize_pose_graph__type_support_c.cpp.o[0m
[5.624s] [ 61%] [32mBuilding CXX object CMakeFiles/slam_toolbox__rosidl_typesupport_fastrtps_c.dir/rosidl_typesupport_fastrtps_c/slam_toolbox/srv/detail/serialize_pose_graph__type_support_c.cpp.o[0m
[5.771s] [ 61%] [32m[1mLinking CXX shared library libslam_toolbox__rosidl_typesupport_introspection_cpp.so[0m
[5.847s] [ 61%] Built target slam_toolbox__rosidl_typesupport_introspection_cpp
[5.886s] [ 62%] [32m[1mLinking CXX shared library libslam_toolbox__rosidl_typesupport_fastrtps_cpp.so[0m
[5.941s] [ 62%] Built target slam_toolbox__rosidl_typesupport_fastrtps_cpp
[6.023s] [ 63%] [32m[1mLinking CXX shared library libslam_toolbox__rosidl_typesupport_fastrtps_c.so[0m
[6.080s] [ 63%] Built target slam_toolbox__rosidl_typesupport_fastrtps_c
[6.098s] [ 63%] Built target slam_toolbox
[6.118s] [ 63%] [34m[1mGenerating Python code for ROS interfaces[0m
[7.022s] [ 63%] Built target slam_toolbox__py
[7.037s] [ 64%] [32mBuilding C object CMakeFiles/slam_toolbox__rosidl_generator_py.dir/rosidl_generator_py/slam_toolbox/srv/_clear_queue_s.c.o[0m
[7.038s] [ 64%] [32mBuilding C object CMakeFiles/slam_toolbox__rosidl_generator_py.dir/rosidl_generator_py/slam_toolbox/srv/_save_map_s.c.o[0m
[7.038s] [ 65%] [32mBuilding C object CMakeFiles/slam_toolbox__rosidl_generator_py.dir/rosidl_generator_py/slam_toolbox/srv/_loop_closure_s.c.o[0m
[7.038s] [ 66%] [32mBuilding C object CMakeFiles/slam_toolbox__rosidl_generator_py.dir/rosidl_generator_py/slam_toolbox/srv/_pause_s.c.o[0m
[7.038s] [ 66%] [32mBuilding C object CMakeFiles/slam_toolbox__rosidl_generator_py.dir/rosidl_generator_py/slam_toolbox/srv/_toggle_interactive_s.c.o[0m
[7.038s] [ 66%] [32mBuilding C object CMakeFiles/slam_toolbox__rosidl_generator_py.dir/rosidl_generator_py/slam_toolbox/srv/_deserialize_pose_graph_s.c.o[0m
[7.038s] [ 67%] [32mBuilding C object CMakeFiles/slam_toolbox__rosidl_generator_py.dir/rosidl_generator_py/slam_toolbox/srv/_add_submap_s.c.o[0m
[7.038s] [ 68%] [32mBuilding C object CMakeFiles/slam_toolbox__rosidl_generator_py.dir/rosidl_generator_py/slam_toolbox/srv/_clear_s.c.o[0m
[7.038s] [ 69%] [32mBuilding C object CMakeFiles/slam_toolbox__rosidl_generator_py.dir/rosidl_generator_py/slam_toolbox/srv/_merge_maps_s.c.o[0m
[7.039s] [ 70%] [32mBuilding C object CMakeFiles/slam_toolbox__rosidl_generator_py.dir/rosidl_generator_py/slam_toolbox/srv/_serialize_pose_graph_s.c.o[0m
[7.222s] [ 71%] [32m[1mLinking C shared library rosidl_generator_py/slam_toolbox/libslam_toolbox__rosidl_generator_py.so[0m
[7.254s] [ 71%] Built target slam_toolbox__rosidl_generator_py
[7.267s] [ 72%] [32mBuilding C object CMakeFiles/slam_toolbox__rosidl_typesupport_fastrtps_c__pyext.dir/rosidl_generator_py/slam_toolbox/_slam_toolbox_s.ep.rosidl_typesupport_fastrtps_c.c.o[0m
[7.269s] [ 73%] [32mBuilding C object CMakeFiles/slam_toolbox__rosidl_typesupport_c__pyext.dir/rosidl_generator_py/slam_toolbox/_slam_toolbox_s.ep.rosidl_typesupport_c.c.o[0m
[7.269s] [ 74%] [32mBuilding C object CMakeFiles/slam_toolbox__rosidl_typesupport_introspection_c__pyext.dir/rosidl_generator_py/slam_toolbox/_slam_toolbox_s.ep.rosidl_typesupport_introspection_c.c.o[0m
[7.475s] [ 75%] [32m[1mLinking C shared library rosidl_generator_py/slam_toolbox/slam_toolbox_s__rosidl_typesupport_c.cpython-310-x86_64-linux-gnu.so[0m
[7.505s] [ 75%] [32m[1mLinking C shared library rosidl_generator_py/slam_toolbox/slam_toolbox_s__rosidl_typesupport_fastrtps_c.cpython-310-x86_64-linux-gnu.so[0m
[7.510s] [ 75%] Built target slam_toolbox__rosidl_typesupport_c__pyext
[7.535s] [ 75%] Built target slam_toolbox__rosidl_typesupport_fastrtps_c__pyext
[7.581s] [ 76%] [32m[1mLinking C shared library rosidl_generator_py/slam_toolbox/slam_toolbox_s__rosidl_typesupport_introspection_c.cpython-310-x86_64-linux-gnu.so[0m
[7.627s] [ 76%] Built target slam_toolbox__rosidl_typesupport_introspection_c__pyext
[16.114s] [ 77%] [32m[1mLinking CXX shared library libkartoSlamToolbox.so[0m
[16.323s] [ 77%] Built target kartoSlamToolbox
[16.337s] [ 81%] [32mBuilding CXX object CMakeFiles/toolbox_common.dir/src/laser_utils.cpp.o[0m
[16.337s] [ 81%] [32mBuilding CXX object CMakeFiles/toolbox_common.dir/src/map_saver.cpp.o[0m
[16.337s] [ 81%] [32mBuilding CXX object CMakeFiles/ceres_solver_plugin.dir/solvers/ceres_solver.cpp.o[0m
[16.337s] [ 81%] [32mBuilding CXX object CMakeFiles/toolbox_common.dir/src/loop_closure_assistant.cpp.o[0m
[16.337s] [ 81%] [32mBuilding CXX object CMakeFiles/toolbox_common.dir/src/slam_toolbox_common.cpp.o[0m
[16.339s] [ 82%] [32mBuilding CXX object CMakeFiles/toolbox_common.dir/src/slam_mapper.cpp.o[0m
[17.985s] [ 82%] [32m[1mLinking CXX shared library libSlamToolboxPlugin.so[0m
[18.833s] [ 82%] Built target SlamToolboxPlugin
[25.394s] [ 83%] [32m[1mLinking CXX shared library libceres_solver_plugin.so[0m
[25.632s] [ 83%] Built target ceres_solver_plugin
[36.138s] [ 84%] [32m[1mLinking CXX shared library libtoolbox_common.so[0m
[36.533s] [ 84%] Built target toolbox_common
[36.547s] [ 86%] [32mBuilding CXX object CMakeFiles/lifelong_slam_toolbox.dir/src/experimental/slam_toolbox_lifelong.cpp.o[0m
[36.547s] [ 86%] [32mBuilding CXX object CMakeFiles/localization_slam_toolbox.dir/src/slam_toolbox_localization.cpp.o[0m
[36.547s] [ 86%] [32mBuilding CXX object CMakeFiles/merge_maps_kinematic.dir/src/merge_maps_kinematic.cpp.o[0m
[36.547s] [ 87%] [32mBuilding CXX object CMakeFiles/sync_slam_toolbox.dir/src/slam_toolbox_sync.cpp.o[0m
[36.551s] [ 88%] [32mBuilding CXX object CMakeFiles/async_slam_toolbox.dir/src/slam_toolbox_async.cpp.o[0m
[43.992s] [ 89%] [32m[1mLinking CXX shared library libasync_slam_toolbox.so[0m
[44.286s] [ 89%] Built target async_slam_toolbox
[44.305s] [ 90%] [32mBuilding CXX object CMakeFiles/async_slam_toolbox_node.dir/src/slam_toolbox_async_node.cpp.o[0m
[44.378s] [ 90%] [32m[1mLinking CXX shared library liblifelong_slam_toolbox.so[0m
[44.666s] [ 90%] Built target lifelong_slam_toolbox
[44.684s] [ 91%] [32mBuilding CXX object CMakeFiles/lifelong_slam_toolbox_node.dir/src/experimental/slam_toolbox_lifelong_node.cpp.o[0m
[44.888s] [ 92%] [32m[1mLinking CXX shared library libsync_slam_toolbox.so[0m
[45.192s] [ 92%] Built target sync_slam_toolbox
[45.207s] [ 93%] [32mBuilding CXX object CMakeFiles/sync_slam_toolbox_node.dir/src/slam_toolbox_sync_node.cpp.o[0m
[46.873s] [ 94%] [32m[1mLinking CXX executable merge_maps_kinematic[0m
[47.209s] [ 94%] Built target merge_maps_kinematic
[48.632s] [ 95%] [32m[1mLinking CXX shared library liblocalization_slam_toolbox.so[0m
[48.962s] [ 95%] Built target localization_slam_toolbox
[48.979s] [ 96%] [32mBuilding CXX object CMakeFiles/localization_slam_toolbox_node.dir/src/slam_toolbox_localization_node.cpp.o[0m
[48.979s] [ 96%] [32mBuilding CXX object CMakeFiles/map_and_localization_slam_toolbox.dir/src/experimental/slam_toolbox_map_and_localization.cpp.o[0m
[51.927s] [ 96%] [32m[1mLinking CXX executable async_slam_toolbox_node[0m
[52.161s] [ 96%] Built target async_slam_toolbox_node
[52.253s] [ 97%] [32m[1mLinking CXX executable lifelong_slam_toolbox_node[0m
[52.495s] [ 97%] Built target lifelong_slam_toolbox_node
[52.716s] [ 97%] [32m[1mLinking CXX executable sync_slam_toolbox_node[0m
[52.955s] [ 97%] Built target sync_slam_toolbox_node
[56.207s] [ 98%] [32m[1mLinking CXX executable localization_slam_toolbox_node[0m
[56.425s] [ 98%] Built target localization_slam_toolbox_node
[60.800s] [ 99%] [32m[1mLinking CXX shared library libmap_and_localization_slam_toolbox.so[0m
[61.111s] [ 99%] Built target map_and_localization_slam_toolbox
[61.126s] [100%] [32mBuilding CXX object CMakeFiles/map_and_localization_slam_toolbox_node.dir/src/experimental/slam_toolbox_map_and_localization_node.cpp.o[0m
[67.851s] [100%] [32m[1mLinking CXX executable map_and_localization_slam_toolbox_node[0m
[68.066s] [100%] Built target map_and_localization_slam_toolbox_node
[68.074s] Invoked command in '/home/jy/armordetect/build/slam_toolbox' returned '0': CMAKE_PREFIX_PATH=/home/jy/ws00_helloworld/install/pkg01_helloworld_cpp:/home/jy/ws00_helloworld/install/cpp03_action:/home/jy/ws00_helloworld/install/cpp02_service:/home/jy/ws00_helloworld/install/cpp01_topic:/home/jy/ws00_helloworld/install/base_interfaces_demo:/home/jy/ws00_helloworld/install/py02_service:/home/jy/ws00_helloworld/install/py01_topic:/opt/ros/humble:/home/jy/catkin_ws/devel:/home/jy/catkin_ws/devel_isolated/wpr_simulation:/home/jy/catkin_ws/devel_isolated/ssr_pkg /usr/bin/cmake --build /home/jy/armordetect/build/slam_toolbox -- -j16 -l16
[68.081s] Invoking command in '/home/jy/armordetect/build/slam_toolbox': CMAKE_PREFIX_PATH=/home/jy/ws00_helloworld/install/pkg01_helloworld_cpp:/home/jy/ws00_helloworld/install/cpp03_action:/home/jy/ws00_helloworld/install/cpp02_service:/home/jy/ws00_helloworld/install/cpp01_topic:/home/jy/ws00_helloworld/install/base_interfaces_demo:/home/jy/ws00_helloworld/install/py02_service:/home/jy/ws00_helloworld/install/py01_topic:/opt/ros/humble:/home/jy/catkin_ws/devel:/home/jy/catkin_ws/devel_isolated/wpr_simulation:/home/jy/catkin_ws/devel_isolated/ssr_pkg /usr/bin/cmake --install /home/jy/armordetect/build/slam_toolbox
[68.087s] -- Install configuration: "Release"
[68.087s] -- Installing: /home/jy/armordetect/install/slam_toolbox/share/ament_index/resource_index/rosidl_interfaces/slam_toolbox
[68.087s] -- Installing: /home/jy/armordetect/install/slam_toolbox/include/slam_toolbox/slam_toolbox
[68.087s] -- Installing: /home/jy/armordetect/install/slam_toolbox/include/slam_toolbox/slam_toolbox/msg
[68.087s] -- Installing: /home/jy/armordetect/install/slam_toolbox/include/slam_toolbox/slam_toolbox/msg/rosidl_generator_c__visibility_control.h
[68.087s] -- Installing: /home/jy/armordetect/install/slam_toolbox/include/slam_toolbox/slam_toolbox/srv
[68.088s] -- Installing: /home/jy/armordetect/install/slam_toolbox/include/slam_toolbox/slam_toolbox/srv/merge_maps.h
[68.088s] -- Installing: /home/jy/armordetect/install/slam_toolbox/include/slam_toolbox/slam_toolbox/srv/detail
[68.088s] -- Installing: /home/jy/armordetect/install/slam_toolbox/include/slam_toolbox/slam_toolbox/srv/detail/serialize_pose_graph__struct.h
[68.088s] -- Installing: /home/jy/armordetect/install/slam_toolbox/include/slam_toolbox/slam_toolbox/srv/detail/add_submap__functions.c
[68.088s] -- Installing: /home/jy/armordetect/install/slam_toolbox/include/slam_toolbox/slam_toolbox/srv/detail/serialize_pose_graph__type_support.h
[68.088s] -- Installing: /home/jy/armordetect/install/slam_toolbox/include/slam_toolbox/slam_toolbox/srv/detail/toggle_interactive__functions.c
[68.088s] -- Installing: /home/jy/armordetect/install/slam_toolbox/include/slam_toolbox/slam_toolbox/srv/detail/pause__functions.c
[68.088s] -- Installing: /home/jy/armordetect/install/slam_toolbox/include/slam_toolbox/slam_toolbox/srv/detail/clear__struct.h
[68.088s] -- Installing: /home/jy/armordetect/install/slam_toolbox/include/slam_toolbox/slam_toolbox/srv/detail/save_map__struct.h
[68.088s] -- Installing: /home/jy/armordetect/install/slam_toolbox/include/slam_toolbox/slam_toolbox/srv/detail/serialize_pose_graph__functions.c
[68.089s] -- Installing: /home/jy/armordetect/install/slam_toolbox/include/slam_toolbox/slam_toolbox/srv/detail/deserialize_pose_graph__type_support.h
[68.089s] -- Installing: /home/jy/armordetect/install/slam_toolbox/include/slam_toolbox/slam_toolbox/srv/detail/toggle_interactive__struct.h
[68.089s] -- Installing: /home/jy/armordetect/install/slam_toolbox/include/slam_toolbox/slam_toolbox/srv/detail/clear_queue__type_support.h
[68.089s] -- Installing: /home/jy/armordetect/install/slam_toolbox/include/slam_toolbox/slam_toolbox/srv/detail/clear_queue__struct.h
[68.089s] -- Installing: /home/jy/armordetect/install/slam_toolbox/include/slam_toolbox/slam_toolbox/srv/detail/pause__struct.h
[68.089s] -- Installing: /home/jy/armordetect/install/slam_toolbox/include/slam_toolbox/slam_toolbox/srv/detail/deserialize_pose_graph__functions.c
[68.089s] -- Installing: /home/jy/armordetect/install/slam_toolbox/include/slam_toolbox/slam_toolbox/srv/detail/toggle_interactive__functions.h
[68.089s] -- Installing: /home/jy/armordetect/install/slam_toolbox/include/slam_toolbox/slam_toolbox/srv/detail/save_map__functions.c
[68.089s] -- Installing: /home/jy/armordetect/install/slam_toolbox/include/slam_toolbox/slam_toolbox/srv/detail/pause__functions.h
[68.089s] -- Installing: /home/jy/armordetect/install/slam_toolbox/include/slam_toolbox/slam_toolbox/srv/detail/serialize_pose_graph__functions.h
[68.090s] -- Installing: /home/jy/armordetect/install/slam_toolbox/include/slam_toolbox/slam_toolbox/srv/detail/add_submap__type_support.h
[68.090s] -- Installing: /home/jy/armordetect/install/slam_toolbox/include/slam_toolbox/slam_toolbox/srv/detail/merge_maps__type_support.h
[68.090s] -- Installing: /home/jy/armordetect/install/slam_toolbox/include/slam_toolbox/slam_toolbox/srv/detail/add_submap__struct.h
[68.090s] -- Installing: /home/jy/armordetect/install/slam_toolbox/include/slam_toolbox/slam_toolbox/srv/detail/pause__type_support.h
[68.090s] -- Installing: /home/jy/armordetect/install/slam_toolbox/include/slam_toolbox/slam_toolbox/srv/detail/loop_closure__type_support.h
[68.090s] -- Installing: /home/jy/armordetect/install/slam_toolbox/include/slam_toolbox/slam_toolbox/srv/detail/deserialize_pose_graph__struct.h
[68.090s] -- Installing: /home/jy/armordetect/install/slam_toolbox/include/slam_toolbox/slam_toolbox/srv/detail/merge_maps__functions.c
[68.090s] -- Installing: /home/jy/armordetect/install/slam_toolbox/include/slam_toolbox/slam_toolbox/srv/detail/add_submap__functions.h
[68.090s] -- Installing: /home/jy/armordetect/install/slam_toolbox/include/slam_toolbox/slam_toolbox/srv/detail/clear_queue__functions.c
[68.090s] -- Installing: /home/jy/armordetect/install/slam_toolbox/include/slam_toolbox/slam_toolbox/srv/detail/clear__functions.c
[68.090s] -- Installing: /home/jy/armordetect/install/slam_toolbox/include/slam_toolbox/slam_toolbox/srv/detail/loop_closure__struct.h
[68.090s] -- Installing: /home/jy/armordetect/install/slam_toolbox/include/slam_toolbox/slam_toolbox/srv/detail/merge_maps__functions.h
[68.090s] -- Installing: /home/jy/armordetect/install/slam_toolbox/include/slam_toolbox/slam_toolbox/srv/detail/clear__type_support.h
[68.090s] -- Installing: /home/jy/armordetect/install/slam_toolbox/include/slam_toolbox/slam_toolbox/srv/detail/clear__functions.h
[68.090s] -- Installing: /home/jy/armordetect/install/slam_toolbox/include/slam_toolbox/slam_toolbox/srv/detail/merge_maps__struct.h
[68.090s] -- Installing: /home/jy/armordetect/install/slam_toolbox/include/slam_toolbox/slam_toolbox/srv/detail/loop_closure__functions.h
[68.090s] -- Installing: /home/jy/armordetect/install/slam_toolbox/include/slam_toolbox/slam_toolbox/srv/detail/save_map__type_support.h
[68.090s] -- Installing: /home/jy/armordetect/install/slam_toolbox/include/slam_toolbox/slam_toolbox/srv/detail/clear_queue__functions.h
[68.090s] -- Installing: /home/jy/armordetect/install/slam_toolbox/include/slam_toolbox/slam_toolbox/srv/detail/loop_closure__functions.c
[68.090s] -- Installing: /home/jy/armordetect/install/slam_toolbox/include/slam_toolbox/slam_toolbox/srv/detail/deserialize_pose_graph__functions.h
[68.090s] -- Installing: /home/jy/armordetect/install/slam_toolbox/include/slam_toolbox/slam_toolbox/srv/detail/toggle_interactive__type_support.h
[68.090s] -- Installing: /home/jy/armordetect/install/slam_toolbox/include/slam_toolbox/slam_toolbox/srv/detail/save_map__functions.h
[68.090s] -- Installing: /home/jy/armordetect/install/slam_toolbox/include/slam_toolbox/slam_toolbox/srv/deserialize_pose_graph.h
[68.090s] -- Installing: /home/jy/armordetect/install/slam_toolbox/include/slam_toolbox/slam_toolbox/srv/serialize_pose_graph.h
[68.090s] -- Installing: /home/jy/armordetect/install/slam_toolbox/include/slam_toolbox/slam_toolbox/srv/clear.h
[68.091s] -- Installing: /home/jy/armordetect/install/slam_toolbox/include/slam_toolbox/slam_toolbox/srv/save_map.h
[68.091s] -- Installing: /home/jy/armordetect/install/slam_toolbox/include/slam_toolbox/slam_toolbox/srv/toggle_interactive.h
[68.091s] -- Installing: /home/jy/armordetect/install/slam_toolbox/include/slam_toolbox/slam_toolbox/srv/loop_closure.h
[68.091s] -- Installing: /home/jy/armordetect/install/slam_toolbox/include/slam_toolbox/slam_toolbox/srv/clear_queue.h
[68.091s] -- Installing: /home/jy/armordetect/install/slam_toolbox/include/slam_toolbox/slam_toolbox/srv/pause.h
[68.091s] -- Installing: /home/jy/armordetect/install/slam_toolbox/include/slam_toolbox/slam_toolbox/srv/add_submap.h
[68.091s] -- Installing: /home/jy/armordetect/install/slam_toolbox/share/slam_toolbox/environment/library_path.sh
[68.091s] -- Installing: /home/jy/armordetect/install/slam_toolbox/share/slam_toolbox/environment/library_path.dsv
[68.091s] -- Installing: /home/jy/armordetect/install/slam_toolbox/lib/libslam_toolbox__rosidl_generator_c.so
[68.091s] -- Set runtime path of "/home/jy/armordetect/install/slam_toolbox/lib/libslam_toolbox__rosidl_generator_c.so" to ""
[68.091s] -- Up-to-date: /home/jy/armordetect/install/slam_toolbox/include/slam_toolbox/slam_toolbox
[68.091s] -- Up-to-date: /home/jy/armordetect/install/slam_toolbox/include/slam_toolbox/slam_toolbox/msg
[68.091s] -- Installing: /home/jy/armordetect/install/slam_toolbox/include/slam_toolbox/slam_toolbox/msg/rosidl_typesupport_fastrtps_c__visibility_control.h
[68.091s] -- Up-to-date: /home/jy/armordetect/install/slam_toolbox/include/slam_toolbox/slam_toolbox/srv
[68.091s] -- Up-to-date: /home/jy/armordetect/install/slam_toolbox/include/slam_toolbox/slam_toolbox/srv/detail
[68.091s] -- Installing: /home/jy/armordetect/install/slam_toolbox/include/slam_toolbox/slam_toolbox/srv/detail/toggle_interactive__rosidl_typesupport_fastrtps_c.h
[68.091s] -- Installing: /home/jy/armordetect/install/slam_toolbox/include/slam_toolbox/slam_toolbox/srv/detail/pause__rosidl_typesupport_fastrtps_c.h
[68.091s] -- Installing: /home/jy/armordetect/install/slam_toolbox/include/slam_toolbox/slam_toolbox/srv/detail/loop_closure__rosidl_typesupport_fastrtps_c.h
[68.091s] -- Installing: /home/jy/armordetect/install/slam_toolbox/include/slam_toolbox/slam_toolbox/srv/detail/save_map__rosidl_typesupport_fastrtps_c.h
[68.091s] -- Installing: /home/jy/armordetect/install/slam_toolbox/include/slam_toolbox/slam_toolbox/srv/detail/merge_maps__rosidl_typesupport_fastrtps_c.h
[68.091s] -- Installing: /home/jy/armordetect/install/slam_toolbox/include/slam_toolbox/slam_toolbox/srv/detail/serialize_pose_graph__rosidl_typesupport_fastrtps_c.h
[68.091s] -- Installing: /home/jy/armordetect/install/slam_toolbox/include/slam_toolbox/slam_toolbox/srv/detail/clear__rosidl_typesupport_fastrtps_c.h
[68.091s] -- Installing: /home/jy/armordetect/install/slam_toolbox/include/slam_toolbox/slam_toolbox/srv/detail/clear_queue__rosidl_typesupport_fastrtps_c.h
[68.091s] -- Installing: /home/jy/armordetect/install/slam_toolbox/include/slam_toolbox/slam_toolbox/srv/detail/add_submap__rosidl_typesupport_fastrtps_c.h
[68.091s] -- Installing: /home/jy/armordetect/install/slam_toolbox/include/slam_toolbox/slam_toolbox/srv/detail/deserialize_pose_graph__rosidl_typesupport_fastrtps_c.h
[68.091s] -- Installing: /home/jy/armordetect/install/slam_toolbox/lib/libslam_toolbox__rosidl_typesupport_fastrtps_c.so
[68.091s] -- Set runtime path of "/home/jy/armordetect/install/slam_toolbox/lib/libslam_toolbox__rosidl_typesupport_fastrtps_c.so" to ""
[68.091s] -- Up-to-date: /home/jy/armordetect/install/slam_toolbox/include/slam_toolbox/slam_toolbox
[68.092s] -- Up-to-date: /home/jy/armordetect/install/slam_toolbox/include/slam_toolbox/slam_toolbox/msg
[68.092s] -- Installing: /home/jy/armordetect/install/slam_toolbox/include/slam_toolbox/slam_toolbox/msg/rosidl_generator_cpp__visibility_control.hpp
[68.092s] -- Up-to-date: /home/jy/armordetect/install/slam_toolbox/include/slam_toolbox/slam_toolbox/srv
[68.092s] -- Installing: /home/jy/armordetect/install/slam_toolbox/include/slam_toolbox/slam_toolbox/srv/clear.hpp
[68.092s] -- Installing: /home/jy/armordetect/install/slam_toolbox/include/slam_toolbox/slam_toolbox/srv/serialize_pose_graph.hpp
[68.092s] -- Up-to-date: /home/jy/armordetect/install/slam_toolbox/include/slam_toolbox/slam_toolbox/srv/detail
[68.092s] -- Installing: /home/jy/armordetect/install/slam_toolbox/include/slam_toolbox/slam_toolbox/srv/detail/add_submap__builder.hpp
[68.092s] -- Installing: /home/jy/armordetect/install/slam_toolbox/include/slam_toolbox/slam_toolbox/srv/detail/serialize_pose_graph__type_support.hpp
[68.092s] -- Installing: /home/jy/armordetect/install/slam_toolbox/include/slam_toolbox/slam_toolbox/srv/detail/merge_maps__type_support.hpp
[68.092s] -- Installing: /home/jy/armordetect/install/slam_toolbox/include/slam_toolbox/slam_toolbox/srv/detail/merge_maps__struct.hpp
[68.092s] -- Installing: /home/jy/armordetect/install/slam_toolbox/include/slam_toolbox/slam_toolbox/srv/detail/clear__builder.hpp
[68.092s] -- Installing: /home/jy/armordetect/install/slam_toolbox/include/slam_toolbox/slam_toolbox/srv/detail/loop_closure__traits.hpp
[68.092s] -- Installing: /home/jy/armordetect/install/slam_toolbox/include/slam_toolbox/slam_toolbox/srv/detail/serialize_pose_graph__struct.hpp
[68.092s] -- Installing: /home/jy/armordetect/install/slam_toolbox/include/slam_toolbox/slam_toolbox/srv/detail/toggle_interactive__traits.hpp
[68.092s] -- Installing: /home/jy/armordetect/install/slam_toolbox/include/slam_toolbox/slam_toolbox/srv/detail/serialize_pose_graph__builder.hpp
[68.092s] -- Installing: /home/jy/armordetect/install/slam_toolbox/include/slam_toolbox/slam_toolbox/srv/detail/pause__type_support.hpp
[68.092s] -- Installing: /home/jy/armordetect/install/slam_toolbox/include/slam_toolbox/slam_toolbox/srv/detail/pause__builder.hpp
[68.092s] -- Installing: /home/jy/armordetect/install/slam_toolbox/include/slam_toolbox/slam_toolbox/srv/detail/toggle_interactive__builder.hpp
[68.092s] -- Installing: /home/jy/armordetect/install/slam_toolbox/include/slam_toolbox/slam_toolbox/srv/detail/save_map__traits.hpp
[68.092s] -- Installing: /home/jy/armordetect/install/slam_toolbox/include/slam_toolbox/slam_toolbox/srv/detail/save_map__type_support.hpp
[68.092s] -- Installing: /home/jy/armordetect/install/slam_toolbox/include/slam_toolbox/slam_toolbox/srv/detail/pause__traits.hpp
[68.092s] -- Installing: /home/jy/armordetect/install/slam_toolbox/include/slam_toolbox/slam_toolbox/srv/detail/serialize_pose_graph__traits.hpp
[68.092s] -- Installing: /home/jy/armordetect/install/slam_toolbox/include/slam_toolbox/slam_toolbox/srv/detail/deserialize_pose_graph__builder.hpp
[68.092s] -- Installing: /home/jy/armordetect/install/slam_toolbox/include/slam_toolbox/slam_toolbox/srv/detail/clear__type_support.hpp
[68.092s] -- Installing: /home/jy/armordetect/install/slam_toolbox/include/slam_toolbox/slam_toolbox/srv/detail/toggle_interactive__struct.hpp
[68.092s] -- Installing: /home/jy/armordetect/install/slam_toolbox/include/slam_toolbox/slam_toolbox/srv/detail/toggle_interactive__type_support.hpp
[68.092s] -- Installing: /home/jy/armordetect/install/slam_toolbox/include/slam_toolbox/slam_toolbox/srv/detail/save_map__builder.hpp
[68.092s] -- Installing: /home/jy/armordetect/install/slam_toolbox/include/slam_toolbox/slam_toolbox/srv/detail/deserialize_pose_graph__struct.hpp
[68.092s] -- Installing: /home/jy/armordetect/install/slam_toolbox/include/slam_toolbox/slam_toolbox/srv/detail/clear_queue__struct.hpp
[68.092s] -- Installing: /home/jy/armordetect/install/slam_toolbox/include/slam_toolbox/slam_toolbox/srv/detail/clear_queue__traits.hpp
[68.093s] -- Installing: /home/jy/armordetect/install/slam_toolbox/include/slam_toolbox/slam_toolbox/srv/detail/add_submap__traits.hpp
[68.093s] -- Installing: /home/jy/armordetect/install/slam_toolbox/include/slam_toolbox/slam_toolbox/srv/detail/loop_closure__type_support.hpp
[68.093s] -- Installing: /home/jy/armordetect/install/slam_toolbox/include/slam_toolbox/slam_toolbox/srv/detail/clear_queue__type_support.hpp
[68.093s] -- Installing: /home/jy/armordetect/install/slam_toolbox/include/slam_toolbox/slam_toolbox/srv/detail/deserialize_pose_graph__traits.hpp
[68.093s] -- Installing: /home/jy/armordetect/install/slam_toolbox/include/slam_toolbox/slam_toolbox/srv/detail/merge_maps__builder.hpp
[68.093s] -- Installing: /home/jy/armordetect/install/slam_toolbox/include/slam_toolbox/slam_toolbox/srv/detail/add_submap__type_support.hpp
[68.093s] -- Installing: /home/jy/armordetect/install/slam_toolbox/include/slam_toolbox/slam_toolbox/srv/detail/add_submap__struct.hpp
[68.093s] -- Installing: /home/jy/armordetect/install/slam_toolbox/include/slam_toolbox/slam_toolbox/srv/detail/loop_closure__builder.hpp
[68.093s] -- Installing: /home/jy/armordetect/install/slam_toolbox/include/slam_toolbox/slam_toolbox/srv/detail/loop_closure__struct.hpp
[68.093s] -- Installing: /home/jy/armordetect/install/slam_toolbox/include/slam_toolbox/slam_toolbox/srv/detail/clear__struct.hpp
[68.093s] -- Installing: /home/jy/armordetect/install/slam_toolbox/include/slam_toolbox/slam_toolbox/srv/detail/save_map__struct.hpp
[68.093s] -- Installing: /home/jy/armordetect/install/slam_toolbox/include/slam_toolbox/slam_toolbox/srv/detail/merge_maps__traits.hpp
[68.093s] -- Installing: /home/jy/armordetect/install/slam_toolbox/include/slam_toolbox/slam_toolbox/srv/detail/pause__struct.hpp
[68.093s] -- Installing: /home/jy/armordetect/install/slam_toolbox/include/slam_toolbox/slam_toolbox/srv/detail/clear__traits.hpp
[68.093s] -- Installing: /home/jy/armordetect/install/slam_toolbox/include/slam_toolbox/slam_toolbox/srv/detail/deserialize_pose_graph__type_support.hpp
[68.093s] -- Installing: /home/jy/armordetect/install/slam_toolbox/include/slam_toolbox/slam_toolbox/srv/detail/clear_queue__builder.hpp
[68.093s] -- Installing: /home/jy/armordetect/install/slam_toolbox/include/slam_toolbox/slam_toolbox/srv/merge_maps.hpp
[68.093s] -- Installing: /home/jy/armordetect/install/slam_toolbox/include/slam_toolbox/slam_toolbox/srv/save_map.hpp
[68.093s] -- Installing: /home/jy/armordetect/install/slam_toolbox/include/slam_toolbox/slam_toolbox/srv/toggle_interactive.hpp
[68.093s] -- Installing: /home/jy/armordetect/install/slam_toolbox/include/slam_toolbox/slam_toolbox/srv/clear_queue.hpp
[68.093s] -- Installing: /home/jy/armordetect/install/slam_toolbox/include/slam_toolbox/slam_toolbox/srv/deserialize_pose_graph.hpp
[68.093s] -- Installing: /home/jy/armordetect/install/slam_toolbox/include/slam_toolbox/slam_toolbox/srv/loop_closure.hpp
[68.093s] -- Installing: /home/jy/armordetect/install/slam_toolbox/include/slam_toolbox/slam_toolbox/srv/add_submap.hpp
[68.093s] -- Installing: /home/jy/armordetect/install/slam_toolbox/include/slam_toolbox/slam_toolbox/srv/pause.hpp
[68.093s] -- Up-to-date: /home/jy/armordetect/install/slam_toolbox/include/slam_toolbox/slam_toolbox
[68.093s] -- Up-to-date: /home/jy/armordetect/install/slam_toolbox/include/slam_toolbox/slam_toolbox/msg
[68.093s] -- Installing: /home/jy/armordetect/install/slam_toolbox/include/slam_toolbox/slam_toolbox/msg/rosidl_typesupport_fastrtps_cpp__visibility_control.h
[68.093s] -- Up-to-date: /home/jy/armordetect/install/slam_toolbox/include/slam_toolbox/slam_toolbox/srv
[68.093s] -- Up-to-date: /home/jy/armordetect/install/slam_toolbox/include/slam_toolbox/slam_toolbox/srv/detail
[68.093s] -- Installing: /home/jy/armordetect/install/slam_toolbox/include/slam_toolbox/slam_toolbox/srv/detail/deserialize_pose_graph__rosidl_typesupport_fastrtps_cpp.hpp
[68.093s] -- Installing: /home/jy/armordetect/install/slam_toolbox/include/slam_toolbox/slam_toolbox/srv/detail/clear_queue__rosidl_typesupport_fastrtps_cpp.hpp
[68.093s] -- Installing: /home/jy/armordetect/install/slam_toolbox/include/slam_toolbox/slam_toolbox/srv/detail/loop_closure__rosidl_typesupport_fastrtps_cpp.hpp
[68.093s] -- Installing: /home/jy/armordetect/install/slam_toolbox/include/slam_toolbox/slam_toolbox/srv/detail/pause__rosidl_typesupport_fastrtps_cpp.hpp
[68.093s] -- Installing: /home/jy/armordetect/install/slam_toolbox/include/slam_toolbox/slam_toolbox/srv/detail/toggle_interactive__rosidl_typesupport_fastrtps_cpp.hpp
[68.093s] -- Installing: /home/jy/armordetect/install/slam_toolbox/include/slam_toolbox/slam_toolbox/srv/detail/dds_fastrtps
[68.093s] -- Installing: /home/jy/armordetect/install/slam_toolbox/include/slam_toolbox/slam_toolbox/srv/detail/serialize_pose_graph__rosidl_typesupport_fastrtps_cpp.hpp
[68.093s] -- Installing: /home/jy/armordetect/install/slam_toolbox/include/slam_toolbox/slam_toolbox/srv/detail/add_submap__rosidl_typesupport_fastrtps_cpp.hpp
[68.094s] -- Installing: /home/jy/armordetect/install/slam_toolbox/include/slam_toolbox/slam_toolbox/srv/detail/clear__rosidl_typesupport_fastrtps_cpp.hpp
[68.094s] -- Installing: /home/jy/armordetect/install/slam_toolbox/include/slam_toolbox/slam_toolbox/srv/detail/merge_maps__rosidl_typesupport_fastrtps_cpp.hpp
[68.094s] -- Installing: /home/jy/armordetect/install/slam_toolbox/include/slam_toolbox/slam_toolbox/srv/detail/save_map__rosidl_typesupport_fastrtps_cpp.hpp
[68.094s] -- Installing: /home/jy/armordetect/install/slam_toolbox/lib/libslam_toolbox__rosidl_typesupport_fastrtps_cpp.so
[68.094s] -- Set runtime path of "/home/jy/armordetect/install/slam_toolbox/lib/libslam_toolbox__rosidl_typesupport_fastrtps_cpp.so" to ""
[68.094s] -- Up-to-date: /home/jy/armordetect/install/slam_toolbox/include/slam_toolbox/slam_toolbox
[68.094s] -- Up-to-date: /home/jy/armordetect/install/slam_toolbox/include/slam_toolbox/slam_toolbox/msg
[68.094s] -- Installing: /home/jy/armordetect/install/slam_toolbox/include/slam_toolbox/slam_toolbox/msg/rosidl_typesupport_introspection_c__visibility_control.h
[68.094s] -- Up-to-date: /home/jy/armordetect/install/slam_toolbox/include/slam_toolbox/slam_toolbox/srv
[68.094s] -- Up-to-date: /home/jy/armordetect/install/slam_toolbox/include/slam_toolbox/slam_toolbox/srv/detail
[68.094s] -- Installing: /home/jy/armordetect/install/slam_toolbox/include/slam_toolbox/slam_toolbox/srv/detail/toggle_interactive__rosidl_typesupport_introspection_c.h
[68.094s] -- Installing: /home/jy/armordetect/install/slam_toolbox/include/slam_toolbox/slam_toolbox/srv/detail/add_submap__rosidl_typesupport_introspection_c.h
[68.094s] -- Installing: /home/jy/armordetect/install/slam_toolbox/include/slam_toolbox/slam_toolbox/srv/detail/serialize_pose_graph__rosidl_typesupport_introspection_c.h
[68.094s] -- Installing: /home/jy/armordetect/install/slam_toolbox/include/slam_toolbox/slam_toolbox/srv/detail/loop_closure__rosidl_typesupport_introspection_c.h
[68.094s] -- Installing: /home/jy/armordetect/install/slam_toolbox/include/slam_toolbox/slam_toolbox/srv/detail/pause__rosidl_typesupport_introspection_c.h
[68.094s] -- Installing: /home/jy/armordetect/install/slam_toolbox/include/slam_toolbox/slam_toolbox/srv/detail/toggle_interactive__type_support.c
[68.094s] -- Installing: /home/jy/armordetect/install/slam_toolbox/include/slam_toolbox/slam_toolbox/srv/detail/save_map__type_support.c
[68.094s] -- Installing: /home/jy/armordetect/install/slam_toolbox/include/slam_toolbox/slam_toolbox/srv/detail/add_submap__type_support.c
[68.094s] -- Installing: /home/jy/armordetect/install/slam_toolbox/include/slam_toolbox/slam_toolbox/srv/detail/save_map__rosidl_typesupport_introspection_c.h
[68.094s] -- Installing: /home/jy/armordetect/install/slam_toolbox/include/slam_toolbox/slam_toolbox/srv/detail/pause__type_support.c
[68.094s] -- Installing: /home/jy/armordetect/install/slam_toolbox/include/slam_toolbox/slam_toolbox/srv/detail/merge_maps__type_support.c
[68.094s] -- Installing: /home/jy/armordetect/install/slam_toolbox/include/slam_toolbox/slam_toolbox/srv/detail/loop_closure__type_support.c
[68.094s] -- Installing: /home/jy/armordetect/install/slam_toolbox/include/slam_toolbox/slam_toolbox/srv/detail/deserialize_pose_graph__rosidl_typesupport_introspection_c.h
[68.094s] -- Installing: /home/jy/armordetect/install/slam_toolbox/include/slam_toolbox/slam_toolbox/srv/detail/clear__rosidl_typesupport_introspection_c.h
[68.094s] -- Installing: /home/jy/armordetect/install/slam_toolbox/include/slam_toolbox/slam_toolbox/srv/detail/clear_queue__rosidl_typesupport_introspection_c.h
[68.094s] -- Installing: /home/jy/armordetect/install/slam_toolbox/include/slam_toolbox/slam_toolbox/srv/detail/serialize_pose_graph__type_support.c
[68.094s] -- Installing: /home/jy/armordetect/install/slam_toolbox/include/slam_toolbox/slam_toolbox/srv/detail/merge_maps__rosidl_typesupport_introspection_c.h
[68.094s] -- Installing: /home/jy/armordetect/install/slam_toolbox/include/slam_toolbox/slam_toolbox/srv/detail/clear_queue__type_support.c
[68.094s] -- Installing: /home/jy/armordetect/install/slam_toolbox/include/slam_toolbox/slam_toolbox/srv/detail/clear__type_support.c
[68.094s] -- Installing: /home/jy/armordetect/install/slam_toolbox/include/slam_toolbox/slam_toolbox/srv/detail/deserialize_pose_graph__type_support.c
[68.094s] -- Installing: /home/jy/armordetect/install/slam_toolbox/lib/libslam_toolbox__rosidl_typesupport_introspection_c.so
[68.095s] -- Set runtime path of "/home/jy/armordetect/install/slam_toolbox/lib/libslam_toolbox__rosidl_typesupport_introspection_c.so" to ""
[68.095s] -- Installing: /home/jy/armordetect/install/slam_toolbox/lib/libslam_toolbox__rosidl_typesupport_c.so
[68.095s] -- Set runtime path of "/home/jy/armordetect/install/slam_toolbox/lib/libslam_toolbox__rosidl_typesupport_c.so" to ""
[68.095s] -- Up-to-date: /home/jy/armordetect/install/slam_toolbox/include/slam_toolbox/slam_toolbox
[68.095s] -- Up-to-date: /home/jy/armordetect/install/slam_toolbox/include/slam_toolbox/slam_toolbox/srv
[68.095s] -- Up-to-date: /home/jy/armordetect/install/slam_toolbox/include/slam_toolbox/slam_toolbox/srv/detail
[68.095s] -- Installing: /home/jy/armordetect/install/slam_toolbox/include/slam_toolbox/slam_toolbox/srv/detail/add_submap__rosidl_typesupport_introspection_cpp.hpp
[68.095s] -- Installing: /home/jy/armordetect/install/slam_toolbox/include/slam_toolbox/slam_toolbox/srv/detail/clear__rosidl_typesupport_introspection_cpp.hpp
[68.095s] -- Installing: /home/jy/armordetect/install/slam_toolbox/include/slam_toolbox/slam_toolbox/srv/detail/merge_maps__rosidl_typesupport_introspection_cpp.hpp
[68.095s] -- Installing: /home/jy/armordetect/install/slam_toolbox/include/slam_toolbox/slam_toolbox/srv/detail/deserialize_pose_graph__type_support.cpp
[68.095s] -- Installing: /home/jy/armordetect/install/slam_toolbox/include/slam_toolbox/slam_toolbox/srv/detail/clear_queue__rosidl_typesupport_introspection_cpp.hpp
[68.095s] -- Installing: /home/jy/armordetect/install/slam_toolbox/include/slam_toolbox/slam_toolbox/srv/detail/merge_maps__type_support.cpp
[68.095s] -- Installing: /home/jy/armordetect/install/slam_toolbox/include/slam_toolbox/slam_toolbox/srv/detail/deserialize_pose_graph__rosidl_typesupport_introspection_cpp.hpp
[68.095s] -- Installing: /home/jy/armordetect/install/slam_toolbox/include/slam_toolbox/slam_toolbox/srv/detail/clear_queue__type_support.cpp
[68.095s] -- Installing: /home/jy/armordetect/install/slam_toolbox/include/slam_toolbox/slam_toolbox/srv/detail/pause__rosidl_typesupport_introspection_cpp.hpp
[68.095s] -- Installing: /home/jy/armordetect/install/slam_toolbox/include/slam_toolbox/slam_toolbox/srv/detail/save_map__type_support.cpp
[68.095s] -- Installing: /home/jy/armordetect/install/slam_toolbox/include/slam_toolbox/slam_toolbox/srv/detail/toggle_interactive__type_support.cpp
[68.095s] -- Installing: /home/jy/armordetect/install/slam_toolbox/include/slam_toolbox/slam_toolbox/srv/detail/loop_closure__type_support.cpp
[68.095s] -- Installing: /home/jy/armordetect/install/slam_toolbox/include/slam_toolbox/slam_toolbox/srv/detail/save_map__rosidl_typesupport_introspection_cpp.hpp
[68.095s] -- Installing: /home/jy/armordetect/install/slam_toolbox/include/slam_toolbox/slam_toolbox/srv/detail/toggle_interactive__rosidl_typesupport_introspection_cpp.hpp
[68.095s] -- Installing: /home/jy/armordetect/install/slam_toolbox/include/slam_toolbox/slam_toolbox/srv/detail/loop_closure__rosidl_typesupport_introspection_cpp.hpp
[68.095s] -- Installing: /home/jy/armordetect/install/slam_toolbox/include/slam_toolbox/slam_toolbox/srv/detail/serialize_pose_graph__rosidl_typesupport_introspection_cpp.hpp
[68.095s] -- Installing: /home/jy/armordetect/install/slam_toolbox/include/slam_toolbox/slam_toolbox/srv/detail/add_submap__type_support.cpp
[68.096s] -- Installing: /home/jy/armordetect/install/slam_toolbox/include/slam_toolbox/slam_toolbox/srv/detail/pause__type_support.cpp
[68.096s] -- Installing: /home/jy/armordetect/install/slam_toolbox/include/slam_toolbox/slam_toolbox/srv/detail/clear__type_support.cpp
[68.096s] -- Installing: /home/jy/armordetect/install/slam_toolbox/include/slam_toolbox/slam_toolbox/srv/detail/serialize_pose_graph__type_support.cpp
[68.096s] -- Installing: /home/jy/armordetect/install/slam_toolbox/lib/libslam_toolbox__rosidl_typesupport_introspection_cpp.so
[68.096s] -- Set runtime path of "/home/jy/armordetect/install/slam_toolbox/lib/libslam_toolbox__rosidl_typesupport_introspection_cpp.so" to ""
[68.096s] -- Installing: /home/jy/armordetect/install/slam_toolbox/lib/libslam_toolbox__rosidl_typesupport_cpp.so
[68.096s] -- Set runtime path of "/home/jy/armordetect/install/slam_toolbox/lib/libslam_toolbox__rosidl_typesupport_cpp.so" to ""
[68.096s] -- Installing: /home/jy/armordetect/install/slam_toolbox/share/slam_toolbox/environment/pythonpath.sh
[68.096s] -- Installing: /home/jy/armordetect/install/slam_toolbox/share/slam_toolbox/environment/pythonpath.dsv
[68.096s] -- Installing: /home/jy/armordetect/install/slam_toolbox/local/lib/python3.10/dist-packages/slam_toolbox-2.6.10-py3.10.egg-info
[68.096s] -- Installing: /home/jy/armordetect/install/slam_toolbox/local/lib/python3.10/dist-packages/slam_toolbox-2.6.10-py3.10.egg-info/dependency_links.txt
[68.096s] -- Installing: /home/jy/armordetect/install/slam_toolbox/local/lib/python3.10/dist-packages/slam_toolbox-2.6.10-py3.10.egg-info/top_level.txt
[68.096s] -- Installing: /home/jy/armordetect/install/slam_toolbox/local/lib/python3.10/dist-packages/slam_toolbox-2.6.10-py3.10.egg-info/SOURCES.txt
[68.096s] -- Installing: /home/jy/armordetect/install/slam_toolbox/local/lib/python3.10/dist-packages/slam_toolbox-2.6.10-py3.10.egg-info/PKG-INFO
[68.096s] -- Installing: /home/jy/armordetect/install/slam_toolbox/local/lib/python3.10/dist-packages/slam_toolbox
[68.096s] -- Installing: /home/jy/armordetect/install/slam_toolbox/local/lib/python3.10/dist-packages/slam_toolbox/libslam_toolbox__rosidl_generator_py.so
[68.096s] -- Installing: /home/jy/armordetect/install/slam_toolbox/local/lib/python3.10/dist-packages/slam_toolbox/slam_toolbox_s__rosidl_typesupport_introspection_c.cpython-310-x86_64-linux-gnu.so
[68.096s] -- Installing: /home/jy/armordetect/install/slam_toolbox/local/lib/python3.10/dist-packages/slam_toolbox/_slam_toolbox_s.ep.rosidl_typesupport_introspection_c.c
[68.097s] -- Installing: /home/jy/armordetect/install/slam_toolbox/local/lib/python3.10/dist-packages/slam_toolbox/__init__.py
[68.097s] -- Installing: /home/jy/armordetect/install/slam_toolbox/local/lib/python3.10/dist-packages/slam_toolbox/slam_toolbox_s__rosidl_typesupport_c.cpython-310-x86_64-linux-gnu.so
[68.097s] -- Installing: /home/jy/armordetect/install/slam_toolbox/local/lib/python3.10/dist-packages/slam_toolbox/_slam_toolbox_s.ep.rosidl_typesupport_c.c
[68.097s] -- Installing: /home/jy/armordetect/install/slam_toolbox/local/lib/python3.10/dist-packages/slam_toolbox/srv
[68.097s] -- Installing: /home/jy/armordetect/install/slam_toolbox/local/lib/python3.10/dist-packages/slam_toolbox/srv/_deserialize_pose_graph.py
[68.097s] -- Installing: /home/jy/armordetect/install/slam_toolbox/local/lib/python3.10/dist-packages/slam_toolbox/srv/_add_submap.py
[68.097s] -- Installing: /home/jy/armordetect/install/slam_toolbox/local/lib/python3.10/dist-packages/slam_toolbox/srv/_clear_queue_s.c
[68.097s] -- Installing: /home/jy/armordetect/install/slam_toolbox/local/lib/python3.10/dist-packages/slam_toolbox/srv/_clear_s.c
[68.097s] -- Installing: /home/jy/armordetect/install/slam_toolbox/local/lib/python3.10/dist-packages/slam_toolbox/srv/_save_map.py
[68.097s] -- Installing: /home/jy/armordetect/install/slam_toolbox/local/lib/python3.10/dist-packages/slam_toolbox/srv/_clear.py
[68.097s] -- Installing: /home/jy/armordetect/install/slam_toolbox/local/lib/python3.10/dist-packages/slam_toolbox/srv/_merge_maps_s.c
[68.097s] -- Installing: /home/jy/armordetect/install/slam_toolbox/local/lib/python3.10/dist-packages/slam_toolbox/srv/_save_map_s.c
[68.097s] -- Installing: /home/jy/armordetect/install/slam_toolbox/local/lib/python3.10/dist-packages/slam_toolbox/srv/_deserialize_pose_graph_s.c
[68.097s] -- Installing: /home/jy/armordetect/install/slam_toolbox/local/lib/python3.10/dist-packages/slam_toolbox/srv/_pause.py
[68.097s] -- Installing: /home/jy/armordetect/install/slam_toolbox/local/lib/python3.10/dist-packages/slam_toolbox/srv/__init__.py
[68.097s] -- Installing: /home/jy/armordetect/install/slam_toolbox/local/lib/python3.10/dist-packages/slam_toolbox/srv/_pause_s.c
[68.097s] -- Installing: /home/jy/armordetect/install/slam_toolbox/local/lib/python3.10/dist-packages/slam_toolbox/srv/_loop_closure_s.c
[68.097s] -- Installing: /home/jy/armordetect/install/slam_toolbox/local/lib/python3.10/dist-packages/slam_toolbox/srv/_clear_queue.py
[68.097s] -- Installing: /home/jy/armordetect/install/slam_toolbox/local/lib/python3.10/dist-packages/slam_toolbox/srv/_serialize_pose_graph.py
[68.097s] -- Installing: /home/jy/armordetect/install/slam_toolbox/local/lib/python3.10/dist-packages/slam_toolbox/srv/_toggle_interactive_s.c
[68.097s] -- Installing: /home/jy/armordetect/install/slam_toolbox/local/lib/python3.10/dist-packages/slam_toolbox/srv/_toggle_interactive.py
[68.097s] -- Installing: /home/jy/armordetect/install/slam_toolbox/local/lib/python3.10/dist-packages/slam_toolbox/srv/_add_submap_s.c
[68.098s] -- Installing: /home/jy/armordetect/install/slam_toolbox/local/lib/python3.10/dist-packages/slam_toolbox/srv/_merge_maps.py
[68.098s] -- Installing: /home/jy/armordetect/install/slam_toolbox/local/lib/python3.10/dist-packages/slam_toolbox/srv/_serialize_pose_graph_s.c
[68.098s] -- Installing: /home/jy/armordetect/install/slam_toolbox/local/lib/python3.10/dist-packages/slam_toolbox/srv/_loop_closure.py
[68.098s] -- Installing: /home/jy/armordetect/install/slam_toolbox/local/lib/python3.10/dist-packages/slam_toolbox/slam_toolbox_s__rosidl_typesupport_fastrtps_c.cpython-310-x86_64-linux-gnu.so
[68.098s] -- Installing: /home/jy/armordetect/install/slam_toolbox/local/lib/python3.10/dist-packages/slam_toolbox/_slam_toolbox_s.ep.rosidl_typesupport_fastrtps_c.c
[68.126s] Listing '/home/jy/armordetect/install/slam_toolbox/local/lib/python3.10/dist-packages/slam_toolbox'...
[68.126s] Compiling '/home/jy/armordetect/install/slam_toolbox/local/lib/python3.10/dist-packages/slam_toolbox/__init__.py'...
[68.126s] Listing '/home/jy/armordetect/install/slam_toolbox/local/lib/python3.10/dist-packages/slam_toolbox/srv'...
[68.126s] Compiling '/home/jy/armordetect/install/slam_toolbox/local/lib/python3.10/dist-packages/slam_toolbox/srv/__init__.py'...
[68.126s] Compiling '/home/jy/armordetect/install/slam_toolbox/local/lib/python3.10/dist-packages/slam_toolbox/srv/_add_submap.py'...
[68.126s] Compiling '/home/jy/armordetect/install/slam_toolbox/local/lib/python3.10/dist-packages/slam_toolbox/srv/_clear.py'...
[68.126s] Compiling '/home/jy/armordetect/install/slam_toolbox/local/lib/python3.10/dist-packages/slam_toolbox/srv/_clear_queue.py'...
[68.126s] Compiling '/home/jy/armordetect/install/slam_toolbox/local/lib/python3.10/dist-packages/slam_toolbox/srv/_deserialize_pose_graph.py'...
[68.126s] Compiling '/home/jy/armordetect/install/slam_toolbox/local/lib/python3.10/dist-packages/slam_toolbox/srv/_loop_closure.py'...
[68.127s] Compiling '/home/jy/armordetect/install/slam_toolbox/local/lib/python3.10/dist-packages/slam_toolbox/srv/_merge_maps.py'...
[68.127s] Compiling '/home/jy/armordetect/install/slam_toolbox/local/lib/python3.10/dist-packages/slam_toolbox/srv/_pause.py'...
[68.127s] Compiling '/home/jy/armordetect/install/slam_toolbox/local/lib/python3.10/dist-packages/slam_toolbox/srv/_save_map.py'...
[68.127s] Compiling '/home/jy/armordetect/install/slam_toolbox/local/lib/python3.10/dist-packages/slam_toolbox/srv/_serialize_pose_graph.py'...
[68.127s] Compiling '/home/jy/armordetect/install/slam_toolbox/local/lib/python3.10/dist-packages/slam_toolbox/srv/_toggle_interactive.py'...
[68.129s] -- Installing: /home/jy/armordetect/install/slam_toolbox/local/lib/python3.10/dist-packages/slam_toolbox/slam_toolbox_s__rosidl_typesupport_fastrtps_c.cpython-310-x86_64-linux-gnu.so
[68.129s] -- Set runtime path of "/home/jy/armordetect/install/slam_toolbox/local/lib/python3.10/dist-packages/slam_toolbox/slam_toolbox_s__rosidl_typesupport_fastrtps_c.cpython-310-x86_64-linux-gnu.so" to ""
[68.129s] -- Installing: /home/jy/armordetect/install/slam_toolbox/local/lib/python3.10/dist-packages/slam_toolbox/slam_toolbox_s__rosidl_typesupport_introspection_c.cpython-310-x86_64-linux-gnu.so
[68.129s] -- Set runtime path of "/home/jy/armordetect/install/slam_toolbox/local/lib/python3.10/dist-packages/slam_toolbox/slam_toolbox_s__rosidl_typesupport_introspection_c.cpython-310-x86_64-linux-gnu.so" to ""
[68.129s] -- Installing: /home/jy/armordetect/install/slam_toolbox/local/lib/python3.10/dist-packages/slam_toolbox/slam_toolbox_s__rosidl_typesupport_c.cpython-310-x86_64-linux-gnu.so
[68.130s] -- Set runtime path of "/home/jy/armordetect/install/slam_toolbox/local/lib/python3.10/dist-packages/slam_toolbox/slam_toolbox_s__rosidl_typesupport_c.cpython-310-x86_64-linux-gnu.so" to ""
[68.130s] -- Installing: /home/jy/armordetect/install/slam_toolbox/lib/libslam_toolbox__rosidl_generator_py.so
[68.130s] -- Set runtime path of "/home/jy/armordetect/install/slam_toolbox/lib/libslam_toolbox__rosidl_generator_py.so" to ""
[68.130s] -- Installing: /home/jy/armordetect/install/slam_toolbox/share/slam_toolbox/srv/Pause.idl
[68.130s] -- Installing: /home/jy/armordetect/install/slam_toolbox/share/slam_toolbox/srv/ClearQueue.idl
[68.130s] -- Installing: /home/jy/armordetect/install/slam_toolbox/share/slam_toolbox/srv/ToggleInteractive.idl
[68.130s] -- Installing: /home/jy/armordetect/install/slam_toolbox/share/slam_toolbox/srv/Clear.idl
[68.130s] -- Installing: /home/jy/armordetect/install/slam_toolbox/share/slam_toolbox/srv/SaveMap.idl
[68.130s] -- Installing: /home/jy/armordetect/install/slam_toolbox/share/slam_toolbox/srv/LoopClosure.idl
[68.130s] -- Installing: /home/jy/armordetect/install/slam_toolbox/share/slam_toolbox/srv/MergeMaps.idl
[68.130s] -- Installing: /home/jy/armordetect/install/slam_toolbox/share/slam_toolbox/srv/AddSubmap.idl
[68.130s] -- Installing: /home/jy/armordetect/install/slam_toolbox/share/slam_toolbox/srv/DeserializePoseGraph.idl
[68.130s] -- Installing: /home/jy/armordetect/install/slam_toolbox/share/slam_toolbox/srv/SerializePoseGraph.idl
[68.130s] -- Installing: /home/jy/armordetect/install/slam_toolbox/share/slam_toolbox/srv/Pause.srv
[68.130s] -- Installing: /home/jy/armordetect/install/slam_toolbox/share/slam_toolbox/srv/Pause_Request.msg
[68.130s] -- Installing: /home/jy/armordetect/install/slam_toolbox/share/slam_toolbox/srv/Pause_Response.msg
[68.130s] -- Installing: /home/jy/armordetect/install/slam_toolbox/share/slam_toolbox/srv/ClearQueue.srv
[68.130s] -- Installing: /home/jy/armordetect/install/slam_toolbox/share/slam_toolbox/srv/ClearQueue_Request.msg
[68.130s] -- Installing: /home/jy/armordetect/install/slam_toolbox/share/slam_toolbox/srv/ClearQueue_Response.msg
[68.130s] -- Installing: /home/jy/armordetect/install/slam_toolbox/share/slam_toolbox/srv/ToggleInteractive.srv
[68.130s] -- Installing: /home/jy/armordetect/install/slam_toolbox/share/slam_toolbox/srv/ToggleInteractive_Request.msg
[68.130s] -- Installing: /home/jy/armordetect/install/slam_toolbox/share/slam_toolbox/srv/ToggleInteractive_Response.msg
[68.131s] -- Installing: /home/jy/armordetect/install/slam_toolbox/share/slam_toolbox/srv/Clear.srv
[68.131s] -- Installing: /home/jy/armordetect/install/slam_toolbox/share/slam_toolbox/srv/Clear_Request.msg
[68.131s] -- Installing: /home/jy/armordetect/install/slam_toolbox/share/slam_toolbox/srv/Clear_Response.msg
[68.131s] -- Installing: /home/jy/armordetect/install/slam_toolbox/share/slam_toolbox/srv/SaveMap.srv
[68.131s] -- Installing: /home/jy/armordetect/install/slam_toolbox/share/slam_toolbox/srv/SaveMap_Request.msg
[68.131s] -- Installing: /home/jy/armordetect/install/slam_toolbox/share/slam_toolbox/srv/SaveMap_Response.msg
[68.131s] -- Installing: /home/jy/armordetect/install/slam_toolbox/share/slam_toolbox/srv/LoopClosure.srv
[68.131s] -- Installing: /home/jy/armordetect/install/slam_toolbox/share/slam_toolbox/srv/LoopClosure_Request.msg
[68.131s] -- Installing: /home/jy/armordetect/install/slam_toolbox/share/slam_toolbox/srv/LoopClosure_Response.msg
[68.131s] -- Installing: /home/jy/armordetect/install/slam_toolbox/share/slam_toolbox/srv/MergeMaps.srv
[68.131s] -- Installing: /home/jy/armordetect/install/slam_toolbox/share/slam_toolbox/srv/MergeMaps_Request.msg
[68.131s] -- Installing: /home/jy/armordetect/install/slam_toolbox/share/slam_toolbox/srv/MergeMaps_Response.msg
[68.131s] -- Installing: /home/jy/armordetect/install/slam_toolbox/share/slam_toolbox/srv/AddSubmap.srv
[68.131s] -- Installing: /home/jy/armordetect/install/slam_toolbox/share/slam_toolbox/srv/AddSubmap_Request.msg
[68.131s] -- Installing: /home/jy/armordetect/install/slam_toolbox/share/slam_toolbox/srv/AddSubmap_Response.msg
[68.131s] -- Installing: /home/jy/armordetect/install/slam_toolbox/share/slam_toolbox/srv/DeserializePoseGraph.srv
[68.131s] -- Installing: /home/jy/armordetect/install/slam_toolbox/share/slam_toolbox/srv/DeserializePoseGraph_Request.msg
[68.131s] -- Installing: /home/jy/armordetect/install/slam_toolbox/share/slam_toolbox/srv/DeserializePoseGraph_Response.msg
[68.131s] -- Installing: /home/jy/armordetect/install/slam_toolbox/share/slam_toolbox/srv/SerializePoseGraph.srv
[68.131s] -- Installing: /home/jy/armordetect/install/slam_toolbox/share/slam_toolbox/srv/SerializePoseGraph_Request.msg
[68.132s] -- Installing: /home/jy/armordetect/install/slam_toolbox/share/slam_toolbox/srv/SerializePoseGraph_Response.msg
[68.132s] -- Installing: /home/jy/armordetect/install/slam_toolbox/share/slam_toolbox/rviz_plugins.xml
[68.132s] -- Installing: /home/jy/armordetect/install/slam_toolbox/share/slam_toolbox/solver_plugins.xml
[68.132s] -- Installing: /home/jy/armordetect/install/slam_toolbox/lib/slam_toolbox/async_slam_toolbox_node
[68.132s] -- Set runtime path of "/home/jy/armordetect/install/slam_toolbox/lib/slam_toolbox/async_slam_toolbox_node" to ""
[68.132s] -- Installing: /home/jy/armordetect/install/slam_toolbox/lib/slam_toolbox/sync_slam_toolbox_node
[68.133s] -- Set runtime path of "/home/jy/armordetect/install/slam_toolbox/lib/slam_toolbox/sync_slam_toolbox_node" to ""
[68.133s] -- Installing: /home/jy/armordetect/install/slam_toolbox/lib/slam_toolbox/localization_slam_toolbox_node
[68.133s] -- Set runtime path of "/home/jy/armordetect/install/slam_toolbox/lib/slam_toolbox/localization_slam_toolbox_node" to ""
[68.133s] -- Installing: /home/jy/armordetect/install/slam_toolbox/lib/slam_toolbox/map_and_localization_slam_toolbox_node
[68.134s] -- Set runtime path of "/home/jy/armordetect/install/slam_toolbox/lib/slam_toolbox/map_and_localization_slam_toolbox_node" to ""
[68.134s] -- Installing: /home/jy/armordetect/install/slam_toolbox/lib/slam_toolbox/merge_maps_kinematic
[68.134s] -- Set runtime path of "/home/jy/armordetect/install/slam_toolbox/lib/slam_toolbox/merge_maps_kinematic" to ""
[68.135s] -- Installing: /home/jy/armordetect/install/slam_toolbox/lib/libtoolbox_common.so
[68.137s] -- Set runtime path of "/home/jy/armordetect/install/slam_toolbox/lib/libtoolbox_common.so" to ""
[68.137s] -- Installing: /home/jy/armordetect/install/slam_toolbox/lib/libSlamToolboxPlugin.so
[68.138s] -- Set runtime path of "/home/jy/armordetect/install/slam_toolbox/lib/libSlamToolboxPlugin.so" to ""
[68.138s] -- Installing: /home/jy/armordetect/install/slam_toolbox/lib/libceres_solver_plugin.so
[68.139s] -- Set runtime path of "/home/jy/armordetect/install/slam_toolbox/lib/libceres_solver_plugin.so" to ""
[68.139s] -- Installing: /home/jy/armordetect/install/slam_toolbox/lib/libasync_slam_toolbox.so
[68.140s] -- Set runtime path of "/home/jy/armordetect/install/slam_toolbox/lib/libasync_slam_toolbox.so" to ""
[68.140s] -- Installing: /home/jy/armordetect/install/slam_toolbox/lib/libsync_slam_toolbox.so
[68.140s] -- Set runtime path of "/home/jy/armordetect/install/slam_toolbox/lib/libsync_slam_toolbox.so" to ""
[68.141s] -- Installing: /home/jy/armordetect/install/slam_toolbox/lib/liblocalization_slam_toolbox.so
[68.142s] -- Set runtime path of "/home/jy/armordetect/install/slam_toolbox/lib/liblocalization_slam_toolbox.so" to ""
[68.142s] -- Installing: /home/jy/armordetect/install/slam_toolbox/lib/liblifelong_slam_toolbox.so
[68.143s] -- Set runtime path of "/home/jy/armordetect/install/slam_toolbox/lib/liblifelong_slam_toolbox.so" to ""
[68.143s] -- Installing: /home/jy/armordetect/install/slam_toolbox/lib/libmap_and_localization_slam_toolbox.so
[68.144s] -- Set runtime path of "/home/jy/armordetect/install/slam_toolbox/lib/libmap_and_localization_slam_toolbox.so" to ""
[68.144s] -- Installing: /home/jy/armordetect/install/slam_toolbox/lib/libkartoSlamToolbox.so
[68.146s] -- Set runtime path of "/home/jy/armordetect/install/slam_toolbox/lib/libkartoSlamToolbox.so" to ""
[68.146s] -- Up-to-date: /home/jy/armordetect/install/slam_toolbox/lib/libSlamToolboxPlugin.so
[68.146s] -- Up-to-date: /home/jy/armordetect/install/slam_toolbox/include
[68.146s] -- Up-to-date: /home/jy/armordetect/install/slam_toolbox/include/slam_toolbox
[68.147s] -- Installing: /home/jy/armordetect/install/slam_toolbox/include/slam_toolbox/get_pose_helper.hpp
[68.147s] -- Installing: /home/jy/armordetect/install/slam_toolbox/include/slam_toolbox/laser_utils.hpp
[68.147s] -- Installing: /home/jy/armordetect/install/slam_toolbox/include/slam_toolbox/toolbox_msgs.hpp
[68.147s] -- Installing: /home/jy/armordetect/install/slam_toolbox/include/slam_toolbox/serialization.hpp
[68.147s] -- Installing: /home/jy/armordetect/install/slam_toolbox/include/slam_toolbox/loop_closure_assistant.hpp
[68.147s] -- Installing: /home/jy/armordetect/install/slam_toolbox/include/slam_toolbox/slam_toolbox_sync.hpp
[68.147s] -- Installing: /home/jy/armordetect/install/slam_toolbox/include/slam_toolbox/map_saver.hpp
[68.147s] -- Installing: /home/jy/armordetect/install/slam_toolbox/include/slam_toolbox/slam_toolbox_localization.hpp
[68.147s] -- Installing: /home/jy/armordetect/install/slam_toolbox/include/slam_toolbox/merge_maps_kinematic.hpp
[68.147s] -- Installing: /home/jy/armordetect/install/slam_toolbox/include/slam_toolbox/snap_utils.hpp
[68.147s] -- Installing: /home/jy/armordetect/install/slam_toolbox/include/slam_toolbox/slam_toolbox_common.hpp
[68.147s] -- Installing: /home/jy/armordetect/install/slam_toolbox/include/slam_toolbox/slam_toolbox_async.hpp
[68.147s] -- Installing: /home/jy/armordetect/install/slam_toolbox/include/slam_toolbox/toolbox_types.hpp
[68.147s] -- Installing: /home/jy/armordetect/install/slam_toolbox/include/slam_toolbox/visualization_utils.hpp
[68.147s] -- Installing: /home/jy/armordetect/install/slam_toolbox/include/slam_toolbox/experimental
[68.147s] -- Installing: /home/jy/armordetect/install/slam_toolbox/include/slam_toolbox/experimental/slam_toolbox_lifelong.hpp
[68.147s] -- Installing: /home/jy/armordetect/install/slam_toolbox/include/slam_toolbox/experimental/slam_toolbox_map_and_localization.hpp
[68.147s] -- Installing: /home/jy/armordetect/install/slam_toolbox/include/slam_toolbox/slam_mapper.hpp
[68.147s] -- Installing: /home/jy/armordetect/install/slam_toolbox/share/slam_toolbox/launch
[68.147s] -- Installing: /home/jy/armordetect/install/slam_toolbox/share/slam_toolbox/launch/offline_launch.py
[68.147s] -- Installing: /home/jy/armordetect/install/slam_toolbox/share/slam_toolbox/launch/merge_maps_kinematic_launch.py
[68.147s] -- Installing: /home/jy/armordetect/install/slam_toolbox/share/slam_toolbox/launch/localization_launch.py
[68.147s] -- Installing: /home/jy/armordetect/install/slam_toolbox/share/slam_toolbox/launch/online_sync_launch.py
[68.147s] -- Installing: /home/jy/armordetect/install/slam_toolbox/share/slam_toolbox/launch/online_async_launch.py
[68.147s] -- Installing: /home/jy/armordetect/install/slam_toolbox/share/slam_toolbox/config
[68.147s] -- Installing: /home/jy/armordetect/install/slam_toolbox/share/slam_toolbox/config/slam_toolbox_default.rviz
[68.147s] -- Installing: /home/jy/armordetect/install/slam_toolbox/share/slam_toolbox/config/mapper_params_offline.yaml
[68.147s] -- Installing: /home/jy/armordetect/install/slam_toolbox/share/slam_toolbox/config/mapper_params_localization.yaml
[68.147s] -- Installing: /home/jy/armordetect/install/slam_toolbox/share/slam_toolbox/config/mapper_params_online_async.yaml
[68.147s] -- Installing: /home/jy/armordetect/install/slam_toolbox/share/slam_toolbox/config/mapper_params_lifelong.yaml
[68.148s] -- Installing: /home/jy/armordetect/install/slam_toolbox/share/slam_toolbox/config/mapper_params_online_sync.yaml
[68.148s] -- Installing: /home/jy/armordetect/install/slam_toolbox/share/solver_plugins.xml
[68.148s] -- Installing: /home/jy/armordetect/install/slam_toolbox/share/rviz_plugins.xml
[68.148s] -- Installing: /home/jy/armordetect/install/slam_toolbox/share/ament_index/resource_index/package_run_dependencies/slam_toolbox
[68.148s] -- Installing: /home/jy/armordetect/install/slam_toolbox/share/ament_index/resource_index/parent_prefix_path/slam_toolbox
[68.148s] -- Installing: /home/jy/armordetect/install/slam_toolbox/share/slam_toolbox/environment/ament_prefix_path.sh
[68.148s] -- Installing: /home/jy/armordetect/install/slam_toolbox/share/slam_toolbox/environment/ament_prefix_path.dsv
[68.148s] -- Installing: /home/jy/armordetect/install/slam_toolbox/share/slam_toolbox/environment/path.sh
[68.148s] -- Installing: /home/jy/armordetect/install/slam_toolbox/share/slam_toolbox/environment/path.dsv
[68.148s] -- Installing: /home/jy/armordetect/install/slam_toolbox/share/slam_toolbox/local_setup.bash
[68.148s] -- Installing: /home/jy/armordetect/install/slam_toolbox/share/slam_toolbox/local_setup.sh
[68.148s] -- Installing: /home/jy/armordetect/install/slam_toolbox/share/slam_toolbox/local_setup.zsh
[68.148s] -- Installing: /home/jy/armordetect/install/slam_toolbox/share/slam_toolbox/local_setup.dsv
[68.148s] -- Installing: /home/jy/armordetect/install/slam_toolbox/share/slam_toolbox/package.dsv
[68.148s] -- Installing: /home/jy/armordetect/install/slam_toolbox/share/ament_index/resource_index/packages/slam_toolbox
[68.148s] -- Installing: /home/jy/armordetect/install/slam_toolbox/share/ament_index/resource_index/rviz_common__pluginlib__plugin/slam_toolbox
[68.148s] -- Installing: /home/jy/armordetect/install/slam_toolbox/share/ament_index/resource_index/slam_toolbox__pluginlib__plugin/slam_toolbox
[68.148s] -- Installing: /home/jy/armordetect/install/slam_toolbox/share/slam_toolbox/cmake/export_slam_toolbox__rosidl_generator_cExport.cmake
[68.148s] -- Installing: /home/jy/armordetect/install/slam_toolbox/share/slam_toolbox/cmake/export_slam_toolbox__rosidl_generator_cExport-release.cmake
[68.148s] -- Installing: /home/jy/armordetect/install/slam_toolbox/share/slam_toolbox/cmake/export_slam_toolbox__rosidl_typesupport_fastrtps_cExport.cmake
[68.149s] -- Installing: /home/jy/armordetect/install/slam_toolbox/share/slam_toolbox/cmake/export_slam_toolbox__rosidl_typesupport_fastrtps_cExport-release.cmake
[68.149s] -- Installing: /home/jy/armordetect/install/slam_toolbox/share/slam_toolbox/cmake/export_slam_toolbox__rosidl_generator_cppExport.cmake
[68.149s] -- Installing: /home/jy/armordetect/install/slam_toolbox/share/slam_toolbox/cmake/export_slam_toolbox__rosidl_typesupport_fastrtps_cppExport.cmake
[68.149s] -- Installing: /home/jy/armordetect/install/slam_toolbox/share/slam_toolbox/cmake/export_slam_toolbox__rosidl_typesupport_fastrtps_cppExport-release.cmake
[68.149s] -- Installing: /home/jy/armordetect/install/slam_toolbox/share/slam_toolbox/cmake/slam_toolbox__rosidl_typesupport_introspection_cExport.cmake
[68.149s] -- Installing: /home/jy/armordetect/install/slam_toolbox/share/slam_toolbox/cmake/slam_toolbox__rosidl_typesupport_introspection_cExport-release.cmake
[68.149s] -- Installing: /home/jy/armordetect/install/slam_toolbox/share/slam_toolbox/cmake/slam_toolbox__rosidl_typesupport_cExport.cmake
[68.149s] -- Installing: /home/jy/armordetect/install/slam_toolbox/share/slam_toolbox/cmake/slam_toolbox__rosidl_typesupport_cExport-release.cmake
[68.149s] -- Installing: /home/jy/armordetect/install/slam_toolbox/share/slam_toolbox/cmake/slam_toolbox__rosidl_typesupport_introspection_cppExport.cmake
[68.149s] -- Installing: /home/jy/armordetect/install/slam_toolbox/share/slam_toolbox/cmake/slam_toolbox__rosidl_typesupport_introspection_cppExport-release.cmake
[68.149s] -- Installing: /home/jy/armordetect/install/slam_toolbox/share/slam_toolbox/cmake/slam_toolbox__rosidl_typesupport_cppExport.cmake
[68.149s] -- Installing: /home/jy/armordetect/install/slam_toolbox/share/slam_toolbox/cmake/slam_toolbox__rosidl_typesupport_cppExport-release.cmake
[68.149s] -- Installing: /home/jy/armordetect/install/slam_toolbox/share/slam_toolbox/cmake/export_slam_toolbox__rosidl_generator_pyExport.cmake
[68.149s] -- Installing: /home/jy/armordetect/install/slam_toolbox/share/slam_toolbox/cmake/export_slam_toolbox__rosidl_generator_pyExport-release.cmake
[68.149s] -- Installing: /home/jy/armordetect/install/slam_toolbox/share/slam_toolbox/cmake/SlamToolboxPluginExport.cmake
[68.149s] -- Installing: /home/jy/armordetect/install/slam_toolbox/share/slam_toolbox/cmake/SlamToolboxPluginExport-release.cmake
[68.149s] -- Installing: /home/jy/armordetect/install/slam_toolbox/share/ament_index/resource_index/rclcpp_components/slam_toolbox
[68.149s] -- Installing: /home/jy/armordetect/install/slam_toolbox/share/slam_toolbox/cmake/rosidl_cmake-extras.cmake
[68.149s] -- Installing: /home/jy/armordetect/install/slam_toolbox/share/slam_toolbox/cmake/ament_cmake_export_dependencies-extras.cmake
[68.149s] -- Installing: /home/jy/armordetect/install/slam_toolbox/share/slam_toolbox/cmake/ament_cmake_export_include_directories-extras.cmake
[68.150s] -- Installing: /home/jy/armordetect/install/slam_toolbox/share/slam_toolbox/cmake/ament_cmake_export_libraries-extras.cmake
[68.150s] -- Installing: /home/jy/armordetect/install/slam_toolbox/share/slam_toolbox/cmake/ament_cmake_export_targets-extras.cmake
[68.150s] -- Installing: /home/jy/armordetect/install/slam_toolbox/share/slam_toolbox/cmake/rosidl_cmake_export_typesupport_targets-extras.cmake
[68.150s] -- Installing: /home/jy/armordetect/install/slam_toolbox/share/slam_toolbox/cmake/rosidl_cmake_export_typesupport_libraries-extras.cmake
[68.150s] -- Installing: /home/jy/armordetect/install/slam_toolbox/share/slam_toolbox/cmake/slam_toolboxConfig.cmake
[68.150s] -- Installing: /home/jy/armordetect/install/slam_toolbox/share/slam_toolbox/cmake/slam_toolboxConfig-version.cmake
[68.150s] -- Installing: /home/jy/armordetect/install/slam_toolbox/share/slam_toolbox/package.xml
[68.150s] -- Up-to-date: /home/jy/armordetect/install/slam_toolbox/include/
[68.150s] -- Installing: /home/jy/armordetect/install/slam_toolbox/include//karto_sdk
[68.150s] -- Installing: /home/jy/armordetect/install/slam_toolbox/include//karto_sdk/Mapper.h
[68.150s] -- Installing: /home/jy/armordetect/install/slam_toolbox/include//karto_sdk/nanoflann_adaptors.h
[68.150s] -- Installing: /home/jy/armordetect/install/slam_toolbox/include//karto_sdk/nanoflann.hpp
[68.150s] -- Installing: /home/jy/armordetect/install/slam_toolbox/include//karto_sdk/Macros.h
[68.150s] -- Installing: /home/jy/armordetect/install/slam_toolbox/include//karto_sdk/Math.h
[68.150s] -- Installing: /home/jy/armordetect/install/slam_toolbox/include//karto_sdk/Karto.h
[68.150s] -- Installing: /home/jy/armordetect/install/slam_toolbox/include//karto_sdk/Types.h
[68.152s] Invoked command in '/home/jy/armordetect/build/slam_toolbox' returned '0': CMAKE_PREFIX_PATH=/home/jy/ws00_helloworld/install/pkg01_helloworld_cpp:/home/jy/ws00_helloworld/install/cpp03_action:/home/jy/ws00_helloworld/install/cpp02_service:/home/jy/ws00_helloworld/install/cpp01_topic:/home/jy/ws00_helloworld/install/base_interfaces_demo:/home/jy/ws00_helloworld/install/py02_service:/home/jy/ws00_helloworld/install/py01_topic:/opt/ros/humble:/home/jy/catkin_ws/devel:/home/jy/catkin_ws/devel_isolated/wpr_simulation:/home/jy/catkin_ws/devel_isolated/ssr_pkg /usr/bin/cmake --install /home/jy/armordetect/build/slam_toolbox
