[0.006s] Invoking command in '/home/jy/armordetect/build/armor_interfaces': CMAKE_PREFIX_PATH=/home/jy/ws00_helloworld/install/pkg01_helloworld_cpp:/home/jy/ws00_helloworld/install/cpp03_action:/home/jy/ws00_helloworld/install/cpp02_service:/home/jy/ws00_helloworld/install/cpp01_topic:/home/jy/ws00_helloworld/install/base_interfaces_demo:/home/jy/ws00_helloworld/install/py02_service:/home/jy/ws00_helloworld/install/py01_topic:/opt/ros/humble:/home/jy/catkin_ws/devel:/home/jy/catkin_ws/devel_isolated/wpr_simulation:/home/jy/catkin_ws/devel_isolated/ssr_pkg /usr/bin/cmake /home/jy/armordetect/src/armor_interfaces -DAMENT_CMAKE_SYMLINK_INSTALL=1 -DCMAKE_INSTALL_PREFIX=/home/jy/armordetect/install/armor_interfaces
[0.096s] -- The C compiler identification is GNU 11.4.0
[0.150s] -- The CXX compiler identification is GNU 11.4.0
[0.156s] -- Detecting C compiler ABI info
[0.225s] -- Detecting C compiler ABI info - done
[0.234s] -- Check for working C compiler: /usr/bin/cc - skipped
[0.234s] -- Detecting C compile features
[0.235s] -- Detecting C compile features - done
[0.239s] -- Detecting CXX compiler ABI info
[0.318s] -- Detecting CXX compiler ABI info - done
[0.322s] -- Check for working CXX compiler: /usr/bin/c++ - skipped
[0.322s] -- Detecting CXX compile features
[0.323s] -- Detecting CXX compile features - done
[0.330s] -- Found ament_cmake: 1.3.12 (/opt/ros/humble/share/ament_cmake/cmake)
[0.560s] -- Found Python3: /usr/bin/python3 (found version "3.10.12") found components: Interpreter 
[0.599s] -- Override CMake install command with custom implementation using symlinks instead of copying resources
[0.627s] -- Found rosidl_default_generators: 1.2.0 (/opt/ros/humble/share/rosidl_default_generators/cmake)
[0.631s] -- Using all available rosidl_typesupport_c: rosidl_typesupport_fastrtps_c;rosidl_typesupport_introspection_c
[0.636s] -- Found rosidl_adapter: 3.1.7 (/opt/ros/humble/share/rosidl_adapter/cmake)
[0.664s] -- Using all available rosidl_typesupport_cpp: rosidl_typesupport_fastrtps_cpp;rosidl_typesupport_introspection_cpp
[0.686s] -- Found geometry_msgs: 4.9.0 (/opt/ros/humble/share/geometry_msgs/cmake)
[0.881s] -- Found ament_cmake_ros: 0.10.0 (/opt/ros/humble/share/ament_cmake_ros/cmake)
[1.043s] -- Using all available rosidl_typesupport_c: rosidl_typesupport_fastrtps_c;rosidl_typesupport_introspection_c
[1.248s] -- Using all available rosidl_typesupport_cpp: rosidl_typesupport_fastrtps_cpp;rosidl_typesupport_introspection_cpp
[1.262s] -- Found PythonInterp: /usr/bin/python3 (found suitable version "3.10.12", minimum required is "3.6") 
[1.264s] -- Found python_cmake_module: 0.10.0 (/opt/ros/humble/share/python_cmake_module/cmake)
[1.282s] -- Found PythonLibs: /usr/lib/x86_64-linux-gnu/libpython3.10.so (found suitable version "3.10.12", minimum required is "3.5") 
[1.282s] -- Using PYTHON_EXECUTABLE: /usr/bin/python3
[1.282s] -- Using PYTHON_INCLUDE_DIRS: /usr/include/python3.10
[1.282s] -- Using PYTHON_LIBRARIES: /usr/lib/x86_64-linux-gnu/libpython3.10.so
[1.295s] -- Found PythonExtra: .so  
[1.342s] -- Found ament_lint_auto: 0.12.14 (/opt/ros/humble/share/ament_lint_auto/cmake)
[1.351s] -- Configuring done
[1.367s] -- Generating done
[1.373s] -- Build files have been written to: /home/jy/armordetect/build/armor_interfaces
[1.378s] Invoked command in '/home/jy/armordetect/build/armor_interfaces' returned '0': CMAKE_PREFIX_PATH=/home/jy/ws00_helloworld/install/pkg01_helloworld_cpp:/home/jy/ws00_helloworld/install/cpp03_action:/home/jy/ws00_helloworld/install/cpp02_service:/home/jy/ws00_helloworld/install/cpp01_topic:/home/jy/ws00_helloworld/install/base_interfaces_demo:/home/jy/ws00_helloworld/install/py02_service:/home/jy/ws00_helloworld/install/py01_topic:/opt/ros/humble:/home/jy/catkin_ws/devel:/home/jy/catkin_ws/devel_isolated/wpr_simulation:/home/jy/catkin_ws/devel_isolated/ssr_pkg /usr/bin/cmake /home/jy/armordetect/src/armor_interfaces -DAMENT_CMAKE_SYMLINK_INSTALL=1 -DCMAKE_INSTALL_PREFIX=/home/jy/armordetect/install/armor_interfaces
[1.379s] Invoking command in '/home/jy/armordetect/build/armor_interfaces': CMAKE_PREFIX_PATH=/home/jy/ws00_helloworld/install/pkg01_helloworld_cpp:/home/jy/ws00_helloworld/install/cpp03_action:/home/jy/ws00_helloworld/install/cpp02_service:/home/jy/ws00_helloworld/install/cpp01_topic:/home/jy/ws00_helloworld/install/base_interfaces_demo:/home/jy/ws00_helloworld/install/py02_service:/home/jy/ws00_helloworld/install/py01_topic:/opt/ros/humble:/home/jy/catkin_ws/devel:/home/jy/catkin_ws/devel_isolated/wpr_simulation:/home/jy/catkin_ws/devel_isolated/ssr_pkg /usr/bin/cmake --build /home/jy/armordetect/build/armor_interfaces -- -j16 -l16
[1.410s] [  3%] [34m[1mGenerating C code for ROS interfaces[0m
[1.420s] [  6%] [34m[1mGenerating C++ code for ROS interfaces[0m
[1.427s] [  6%] Built target ament_cmake_python_symlink_armor_interfaces
[1.535s] running egg_info
[1.536s] creating armor_interfaces.egg-info
[1.543s] writing armor_interfaces.egg-info/PKG-INFO
[1.544s] writing dependency_links to armor_interfaces.egg-info/dependency_links.txt
[1.544s] writing top-level names to armor_interfaces.egg-info/top_level.txt
[1.544s] writing manifest file 'armor_interfaces.egg-info/SOURCES.txt'
[1.553s] [  9%] [32mBuilding C object CMakeFiles/armor_interfaces__rosidl_generator_c.dir/rosidl_generator_c/armor_interfaces/msg/detail/armor_detection__functions.c.o[0m
[1.553s] [  9%] Built target armor_interfaces__cpp
[1.559s] [ 12%] [34m[1mGenerating C++ introspection for ROS interfaces[0m
[1.560s] [ 16%] [34m[1mGenerating C++ type support for eProsima Fast-RTPS[0m
[1.561s] [ 19%] [34m[1mGenerating C++ type support dispatch for ROS interfaces[0m
[1.567s] reading manifest file 'armor_interfaces.egg-info/SOURCES.txt'
[1.568s] writing manifest file 'armor_interfaces.egg-info/SOURCES.txt'
[1.586s] [ 19%] Built target ament_cmake_python_build_armor_interfaces_egg
[1.586s] [ 22%] [32m[1mLinking C shared library libarmor_interfaces__rosidl_generator_c.so[0m
[1.615s] [ 22%] Built target armor_interfaces__rosidl_generator_c
[1.621s] [ 25%] [34m[1mGenerating C introspection for ROS interfaces[0m
[1.621s] [ 29%] [34m[1mGenerating C type support for eProsima Fast-RTPS[0m
[1.623s] [ 32%] [34m[1mGenerating C type support dispatch for ROS interfaces[0m
[1.688s] [ 35%] [32mBuilding CXX object CMakeFiles/armor_interfaces__rosidl_typesupport_cpp.dir/rosidl_typesupport_cpp/armor_interfaces/msg/armor_detection__type_support.cpp.o[0m
[1.693s] [ 38%] [32mBuilding CXX object CMakeFiles/armor_interfaces__rosidl_typesupport_introspection_cpp.dir/rosidl_typesupport_introspection_cpp/armor_interfaces/msg/detail/armor_detection__type_support.cpp.o[0m
[1.695s] [ 41%] [32mBuilding CXX object CMakeFiles/armor_interfaces__rosidl_typesupport_fastrtps_cpp.dir/rosidl_typesupport_fastrtps_cpp/armor_interfaces/msg/detail/dds_fastrtps/armor_detection__type_support.cpp.o[0m
[1.749s] [ 45%] [32mBuilding CXX object CMakeFiles/armor_interfaces__rosidl_typesupport_c.dir/rosidl_typesupport_c/armor_interfaces/msg/armor_detection__type_support.cpp.o[0m
[1.754s] [ 48%] [32mBuilding CXX object CMakeFiles/armor_interfaces__rosidl_typesupport_fastrtps_c.dir/rosidl_typesupport_fastrtps_c/armor_interfaces/msg/detail/armor_detection__type_support_c.cpp.o[0m
[1.760s] [ 51%] [32mBuilding C object CMakeFiles/armor_interfaces__rosidl_typesupport_introspection_c.dir/rosidl_typesupport_introspection_c/armor_interfaces/msg/detail/armor_detection__type_support.c.o[0m
[1.770s] [ 54%] [32m[1mLinking CXX shared library libarmor_interfaces__rosidl_typesupport_c.so[0m
[1.783s] [ 58%] [32m[1mLinking C shared library libarmor_interfaces__rosidl_typesupport_introspection_c.so[0m
[1.802s] [ 58%] Built target armor_interfaces__rosidl_typesupport_c
[1.808s] [ 58%] Built target armor_interfaces__rosidl_typesupport_introspection_c
[1.832s] [ 61%] [32m[1mLinking CXX shared library libarmor_interfaces__rosidl_typesupport_cpp.so[0m
[1.859s] [ 61%] Built target armor_interfaces__rosidl_typesupport_cpp
[1.892s] [ 64%] [32m[1mLinking CXX shared library libarmor_interfaces__rosidl_typesupport_introspection_cpp.so[0m
[1.897s] [ 67%] [32m[1mLinking CXX shared library libarmor_interfaces__rosidl_typesupport_fastrtps_cpp.so[0m
[1.922s] [ 70%] [32m[1mLinking CXX shared library libarmor_interfaces__rosidl_typesupport_fastrtps_c.so[0m
[1.933s] [ 70%] Built target armor_interfaces__rosidl_typesupport_introspection_cpp
[1.943s] [ 70%] Built target armor_interfaces__rosidl_typesupport_fastrtps_cpp
[1.967s] [ 70%] Built target armor_interfaces__rosidl_typesupport_fastrtps_c
[1.982s] [ 70%] Built target armor_interfaces
[2.000s] [ 74%] [34m[1mGenerating Python code for ROS interfaces[0m
[2.159s] [ 74%] Built target armor_interfaces__py
[2.171s] [ 77%] [32mBuilding C object CMakeFiles/armor_interfaces__rosidl_generator_py.dir/rosidl_generator_py/armor_interfaces/msg/_armor_detection_s.c.o[0m
[2.231s] [ 80%] [32m[1mLinking C shared library rosidl_generator_py/armor_interfaces/libarmor_interfaces__rosidl_generator_py.so[0m
[2.264s] [ 80%] Built target armor_interfaces__rosidl_generator_py
[2.282s] [ 83%] [32mBuilding C object CMakeFiles/armor_interfaces__rosidl_typesupport_c__pyext.dir/rosidl_generator_py/armor_interfaces/_armor_interfaces_s.ep.rosidl_typesupport_c.c.o[0m
[2.283s] [ 90%] [32mBuilding C object CMakeFiles/armor_interfaces__rosidl_typesupport_fastrtps_c__pyext.dir/rosidl_generator_py/armor_interfaces/_armor_interfaces_s.ep.rosidl_typesupport_fastrtps_c.c.o[0m
[2.283s] [ 90%] [32mBuilding C object CMakeFiles/armor_interfaces__rosidl_typesupport_introspection_c__pyext.dir/rosidl_generator_py/armor_interfaces/_armor_interfaces_s.ep.rosidl_typesupport_introspection_c.c.o[0m
[2.338s] [100%] [32m[1mLinking C shared library rosidl_generator_py/armor_interfaces/armor_interfaces_s__rosidl_typesupport_introspection_c.cpython-310-x86_64-linux-gnu.so[0m
[2.338s] [100%] [32m[1mLinking C shared library rosidl_generator_py/armor_interfaces/armor_interfaces_s__rosidl_typesupport_fastrtps_c.cpython-310-x86_64-linux-gnu.so[0m
[2.338s] [100%] [32m[1mLinking C shared library rosidl_generator_py/armor_interfaces/armor_interfaces_s__rosidl_typesupport_c.cpython-310-x86_64-linux-gnu.so[0m
[2.360s] [100%] Built target armor_interfaces__rosidl_typesupport_c__pyext
[2.360s] [100%] Built target armor_interfaces__rosidl_typesupport_introspection_c__pyext
[2.360s] [100%] Built target armor_interfaces__rosidl_typesupport_fastrtps_c__pyext
[2.367s] Invoked command in '/home/jy/armordetect/build/armor_interfaces' returned '0': CMAKE_PREFIX_PATH=/home/jy/ws00_helloworld/install/pkg01_helloworld_cpp:/home/jy/ws00_helloworld/install/cpp03_action:/home/jy/ws00_helloworld/install/cpp02_service:/home/jy/ws00_helloworld/install/cpp01_topic:/home/jy/ws00_helloworld/install/base_interfaces_demo:/home/jy/ws00_helloworld/install/py02_service:/home/jy/ws00_helloworld/install/py01_topic:/opt/ros/humble:/home/jy/catkin_ws/devel:/home/jy/catkin_ws/devel_isolated/wpr_simulation:/home/jy/catkin_ws/devel_isolated/ssr_pkg /usr/bin/cmake --build /home/jy/armordetect/build/armor_interfaces -- -j16 -l16
[2.374s] Invoking command in '/home/jy/armordetect/build/armor_interfaces': CMAKE_PREFIX_PATH=/home/jy/ws00_helloworld/install/pkg01_helloworld_cpp:/home/jy/ws00_helloworld/install/cpp03_action:/home/jy/ws00_helloworld/install/cpp02_service:/home/jy/ws00_helloworld/install/cpp01_topic:/home/jy/ws00_helloworld/install/base_interfaces_demo:/home/jy/ws00_helloworld/install/py02_service:/home/jy/ws00_helloworld/install/py01_topic:/opt/ros/humble:/home/jy/catkin_ws/devel:/home/jy/catkin_ws/devel_isolated/wpr_simulation:/home/jy/catkin_ws/devel_isolated/ssr_pkg /usr/bin/cmake --install /home/jy/armordetect/build/armor_interfaces
[2.380s] -- Install configuration: ""
[2.380s] -- Execute custom install script
[2.380s] -- Symlinking: /home/jy/armordetect/install/armor_interfaces/share/ament_index/resource_index/rosidl_interfaces/armor_interfaces
[2.385s] -- Symlinking: /home/jy/armordetect/install/armor_interfaces/include/armor_interfaces/armor_interfaces/msg/armor_detection.h
[2.393s] -- Symlinking: /home/jy/armordetect/install/armor_interfaces/include/armor_interfaces/armor_interfaces/msg/detail/armor_detection__functions.h
[2.399s] -- Symlinking: /home/jy/armordetect/install/armor_interfaces/include/armor_interfaces/armor_interfaces/msg/detail/armor_detection__struct.h
[2.404s] -- Symlinking: /home/jy/armordetect/install/armor_interfaces/include/armor_interfaces/armor_interfaces/msg/detail/armor_detection__type_support.h
[2.411s] -- Symlinking: /home/jy/armordetect/install/armor_interfaces/include/armor_interfaces/armor_interfaces/msg/rosidl_generator_c__visibility_control.h
[2.418s] -- Symlinking: /home/jy/armordetect/install/armor_interfaces/share/armor_interfaces/environment/library_path.sh
[2.426s] -- Symlinking: /home/jy/armordetect/install/armor_interfaces/share/armor_interfaces/environment/library_path.dsv
[2.433s] -- Symlinking: /home/jy/armordetect/install/armor_interfaces/include/armor_interfaces/armor_interfaces/msg/detail/armor_detection__rosidl_typesupport_fastrtps_c.h
[2.440s] -- Symlinking: /home/jy/armordetect/install/armor_interfaces/include/armor_interfaces/armor_interfaces/msg/rosidl_typesupport_fastrtps_c__visibility_control.h
[2.447s] -- Symlinking: /home/jy/armordetect/install/armor_interfaces/include/armor_interfaces/armor_interfaces/msg/detail/armor_detection__rosidl_typesupport_introspection_c.h
[2.455s] -- Symlinking: /home/jy/armordetect/install/armor_interfaces/include/armor_interfaces/armor_interfaces/msg/rosidl_typesupport_introspection_c__visibility_control.h
[2.461s] -- Symlinking: /home/jy/armordetect/install/armor_interfaces/include/armor_interfaces/armor_interfaces/msg/armor_detection.hpp
[2.468s] -- Symlinking: /home/jy/armordetect/install/armor_interfaces/include/armor_interfaces/armor_interfaces/msg/detail/armor_detection__builder.hpp
[2.475s] -- Symlinking: /home/jy/armordetect/install/armor_interfaces/include/armor_interfaces/armor_interfaces/msg/detail/armor_detection__struct.hpp
[2.482s] -- Symlinking: /home/jy/armordetect/install/armor_interfaces/include/armor_interfaces/armor_interfaces/msg/detail/armor_detection__traits.hpp
[2.489s] -- Symlinking: /home/jy/armordetect/install/armor_interfaces/include/armor_interfaces/armor_interfaces/msg/detail/armor_detection__type_support.hpp
[2.497s] -- Symlinking: /home/jy/armordetect/install/armor_interfaces/include/armor_interfaces/armor_interfaces/msg/rosidl_generator_cpp__visibility_control.hpp
[2.503s] -- Symlinking: /home/jy/armordetect/install/armor_interfaces/include/armor_interfaces/armor_interfaces/msg/detail/armor_detection__rosidl_typesupport_fastrtps_cpp.hpp
[2.510s] -- Symlinking: /home/jy/armordetect/install/armor_interfaces/include/armor_interfaces/armor_interfaces/msg/rosidl_typesupport_fastrtps_cpp__visibility_control.h
[2.517s] -- Symlinking: /home/jy/armordetect/install/armor_interfaces/include/armor_interfaces/armor_interfaces/msg/detail/armor_detection__rosidl_typesupport_introspection_cpp.hpp
[2.525s] -- Symlinking: /home/jy/armordetect/install/armor_interfaces/share/armor_interfaces/environment/pythonpath.sh
[2.532s] -- Symlinking: /home/jy/armordetect/install/armor_interfaces/share/armor_interfaces/environment/pythonpath.dsv
[2.540s] -- Symlinking: /home/jy/armordetect/install/armor_interfaces/local/lib/python3.10/dist-packages/armor_interfaces-0.0.0-py3.10.egg-info/PKG-INFO
[2.547s] -- Symlinking: /home/jy/armordetect/install/armor_interfaces/local/lib/python3.10/dist-packages/armor_interfaces-0.0.0-py3.10.egg-info/SOURCES.txt
[2.553s] -- Symlinking: /home/jy/armordetect/install/armor_interfaces/local/lib/python3.10/dist-packages/armor_interfaces-0.0.0-py3.10.egg-info/dependency_links.txt
[2.559s] -- Symlinking: /home/jy/armordetect/install/armor_interfaces/local/lib/python3.10/dist-packages/armor_interfaces-0.0.0-py3.10.egg-info/top_level.txt
[2.563s] -- Symlinking: /home/jy/armordetect/install/armor_interfaces/local/lib/python3.10/dist-packages/armor_interfaces/__init__.py
[2.568s] -- Symlinking: /home/jy/armordetect/install/armor_interfaces/local/lib/python3.10/dist-packages/armor_interfaces/_armor_interfaces_s.ep.rosidl_typesupport_c.c
[2.573s] -- Symlinking: /home/jy/armordetect/install/armor_interfaces/local/lib/python3.10/dist-packages/armor_interfaces/_armor_interfaces_s.ep.rosidl_typesupport_fastrtps_c.c
[2.578s] -- Symlinking: /home/jy/armordetect/install/armor_interfaces/local/lib/python3.10/dist-packages/armor_interfaces/_armor_interfaces_s.ep.rosidl_typesupport_introspection_c.c
[2.583s] -- Symlinking: /home/jy/armordetect/install/armor_interfaces/local/lib/python3.10/dist-packages/armor_interfaces/armor_interfaces_s__rosidl_typesupport_c.cpython-310-x86_64-linux-gnu.so
[2.587s] -- Symlinking: /home/jy/armordetect/install/armor_interfaces/local/lib/python3.10/dist-packages/armor_interfaces/armor_interfaces_s__rosidl_typesupport_fastrtps_c.cpython-310-x86_64-linux-gnu.so
[2.592s] -- Symlinking: /home/jy/armordetect/install/armor_interfaces/local/lib/python3.10/dist-packages/armor_interfaces/armor_interfaces_s__rosidl_typesupport_introspection_c.cpython-310-x86_64-linux-gnu.so
[2.597s] -- Symlinking: /home/jy/armordetect/install/armor_interfaces/local/lib/python3.10/dist-packages/armor_interfaces/libarmor_interfaces__rosidl_generator_py.so
[2.602s] -- Symlinking: /home/jy/armordetect/install/armor_interfaces/local/lib/python3.10/dist-packages/armor_interfaces/msg/__init__.py
[2.608s] -- Symlinking: /home/jy/armordetect/install/armor_interfaces/local/lib/python3.10/dist-packages/armor_interfaces/msg/_armor_detection.py
[2.612s] -- Symlinking: /home/jy/armordetect/install/armor_interfaces/local/lib/python3.10/dist-packages/armor_interfaces/msg/_armor_detection_s.c
[2.618s] -- Up-to-date symlink: /home/jy/armordetect/install/armor_interfaces/local/lib/python3.10/dist-packages/armor_interfaces/armor_interfaces_s__rosidl_typesupport_fastrtps_c.cpython-310-x86_64-linux-gnu.so
[2.618s] -- Up-to-date symlink: /home/jy/armordetect/install/armor_interfaces/local/lib/python3.10/dist-packages/armor_interfaces/armor_interfaces_s__rosidl_typesupport_introspection_c.cpython-310-x86_64-linux-gnu.so
[2.618s] -- Up-to-date symlink: /home/jy/armordetect/install/armor_interfaces/local/lib/python3.10/dist-packages/armor_interfaces/armor_interfaces_s__rosidl_typesupport_c.cpython-310-x86_64-linux-gnu.so
[2.618s] -- Symlinking: /home/jy/armordetect/install/armor_interfaces/share/armor_interfaces/msg/ArmorDetection.idl
[2.623s] -- Symlinking: /home/jy/armordetect/install/armor_interfaces/share/armor_interfaces/msg/ArmorDetection.msg
[2.627s] -- Symlinking: /home/jy/armordetect/install/armor_interfaces/share/ament_index/resource_index/package_run_dependencies/armor_interfaces
[2.632s] -- Symlinking: /home/jy/armordetect/install/armor_interfaces/share/ament_index/resource_index/parent_prefix_path/armor_interfaces
[2.637s] -- Symlinking: /home/jy/armordetect/install/armor_interfaces/share/armor_interfaces/environment/ament_prefix_path.sh
[2.642s] -- Symlinking: /home/jy/armordetect/install/armor_interfaces/share/armor_interfaces/environment/ament_prefix_path.dsv
[2.647s] -- Symlinking: /home/jy/armordetect/install/armor_interfaces/share/armor_interfaces/environment/path.sh
[2.651s] -- Symlinking: /home/jy/armordetect/install/armor_interfaces/share/armor_interfaces/environment/path.dsv
[2.656s] -- Symlinking: /home/jy/armordetect/install/armor_interfaces/share/armor_interfaces/local_setup.bash
[2.661s] -- Symlinking: /home/jy/armordetect/install/armor_interfaces/share/armor_interfaces/local_setup.sh
[2.666s] -- Symlinking: /home/jy/armordetect/install/armor_interfaces/share/armor_interfaces/local_setup.zsh
[2.670s] -- Symlinking: /home/jy/armordetect/install/armor_interfaces/share/armor_interfaces/local_setup.dsv
[2.675s] -- Symlinking: /home/jy/armordetect/install/armor_interfaces/share/armor_interfaces/package.dsv
[2.680s] -- Symlinking: /home/jy/armordetect/install/armor_interfaces/share/ament_index/resource_index/packages/armor_interfaces
[2.684s] -- Symlinking: /home/jy/armordetect/install/armor_interfaces/share/armor_interfaces/cmake/rosidl_cmake-extras.cmake
[2.689s] -- Symlinking: /home/jy/armordetect/install/armor_interfaces/share/armor_interfaces/cmake/ament_cmake_export_dependencies-extras.cmake
[2.694s] -- Symlinking: /home/jy/armordetect/install/armor_interfaces/share/armor_interfaces/cmake/ament_cmake_export_include_directories-extras.cmake
[2.699s] -- Symlinking: /home/jy/armordetect/install/armor_interfaces/share/armor_interfaces/cmake/ament_cmake_export_libraries-extras.cmake
[2.704s] -- Symlinking: /home/jy/armordetect/install/armor_interfaces/share/armor_interfaces/cmake/ament_cmake_export_targets-extras.cmake
[2.709s] -- Symlinking: /home/jy/armordetect/install/armor_interfaces/share/armor_interfaces/cmake/rosidl_cmake_export_typesupport_targets-extras.cmake
[2.713s] -- Symlinking: /home/jy/armordetect/install/armor_interfaces/share/armor_interfaces/cmake/rosidl_cmake_export_typesupport_libraries-extras.cmake
[2.718s] -- Symlinking: /home/jy/armordetect/install/armor_interfaces/share/armor_interfaces/cmake/armor_interfacesConfig.cmake
[2.723s] -- Symlinking: /home/jy/armordetect/install/armor_interfaces/share/armor_interfaces/cmake/armor_interfacesConfig-version.cmake
[2.728s] -- Symlinking: /home/jy/armordetect/install/armor_interfaces/share/armor_interfaces/package.xml
[2.733s] -- Installing: /home/jy/armordetect/install/armor_interfaces/lib/libarmor_interfaces__rosidl_generator_c.so
[2.734s] -- Set runtime path of "/home/jy/armordetect/install/armor_interfaces/lib/libarmor_interfaces__rosidl_generator_c.so" to ""
[2.734s] -- Installing: /home/jy/armordetect/install/armor_interfaces/lib/libarmor_interfaces__rosidl_typesupport_fastrtps_c.so
[2.734s] -- Set runtime path of "/home/jy/armordetect/install/armor_interfaces/lib/libarmor_interfaces__rosidl_typesupport_fastrtps_c.so" to ""
[2.734s] -- Installing: /home/jy/armordetect/install/armor_interfaces/lib/libarmor_interfaces__rosidl_typesupport_introspection_c.so
[2.734s] -- Set runtime path of "/home/jy/armordetect/install/armor_interfaces/lib/libarmor_interfaces__rosidl_typesupport_introspection_c.so" to ""
[2.734s] -- Installing: /home/jy/armordetect/install/armor_interfaces/lib/libarmor_interfaces__rosidl_typesupport_c.so
[2.734s] -- Set runtime path of "/home/jy/armordetect/install/armor_interfaces/lib/libarmor_interfaces__rosidl_typesupport_c.so" to ""
[2.734s] -- Installing: /home/jy/armordetect/install/armor_interfaces/lib/libarmor_interfaces__rosidl_typesupport_fastrtps_cpp.so
[2.734s] -- Set runtime path of "/home/jy/armordetect/install/armor_interfaces/lib/libarmor_interfaces__rosidl_typesupport_fastrtps_cpp.so" to ""
[2.734s] -- Installing: /home/jy/armordetect/install/armor_interfaces/lib/libarmor_interfaces__rosidl_typesupport_introspection_cpp.so
[2.734s] -- Set runtime path of "/home/jy/armordetect/install/armor_interfaces/lib/libarmor_interfaces__rosidl_typesupport_introspection_cpp.so" to ""
[2.734s] -- Installing: /home/jy/armordetect/install/armor_interfaces/lib/libarmor_interfaces__rosidl_typesupport_cpp.so
[2.734s] -- Set runtime path of "/home/jy/armordetect/install/armor_interfaces/lib/libarmor_interfaces__rosidl_typesupport_cpp.so" to ""
[2.756s] Listing '/home/jy/armordetect/install/armor_interfaces/local/lib/python3.10/dist-packages/armor_interfaces'...
[2.756s] Compiling '/home/jy/armordetect/install/armor_interfaces/local/lib/python3.10/dist-packages/armor_interfaces/__init__.py'...
[2.756s] Listing '/home/jy/armordetect/install/armor_interfaces/local/lib/python3.10/dist-packages/armor_interfaces/msg'...
[2.756s] Compiling '/home/jy/armordetect/install/armor_interfaces/local/lib/python3.10/dist-packages/armor_interfaces/msg/__init__.py'...
[2.756s] Compiling '/home/jy/armordetect/install/armor_interfaces/local/lib/python3.10/dist-packages/armor_interfaces/msg/_armor_detection.py'...
[2.759s] -- Installing: /home/jy/armordetect/install/armor_interfaces/lib/libarmor_interfaces__rosidl_generator_py.so
[2.759s] -- Set runtime path of "/home/jy/armordetect/install/armor_interfaces/lib/libarmor_interfaces__rosidl_generator_py.so" to ""
[2.759s] -- Installing: /home/jy/armordetect/install/armor_interfaces/share/armor_interfaces/cmake/export_armor_interfaces__rosidl_generator_cExport.cmake
[2.759s] -- Installing: /home/jy/armordetect/install/armor_interfaces/share/armor_interfaces/cmake/export_armor_interfaces__rosidl_generator_cExport-noconfig.cmake
[2.759s] -- Installing: /home/jy/armordetect/install/armor_interfaces/share/armor_interfaces/cmake/export_armor_interfaces__rosidl_typesupport_fastrtps_cExport.cmake
[2.759s] -- Installing: /home/jy/armordetect/install/armor_interfaces/share/armor_interfaces/cmake/export_armor_interfaces__rosidl_typesupport_fastrtps_cExport-noconfig.cmake
[2.759s] -- Installing: /home/jy/armordetect/install/armor_interfaces/share/armor_interfaces/cmake/armor_interfaces__rosidl_typesupport_introspection_cExport.cmake
[2.759s] -- Installing: /home/jy/armordetect/install/armor_interfaces/share/armor_interfaces/cmake/armor_interfaces__rosidl_typesupport_introspection_cExport-noconfig.cmake
[2.759s] -- Installing: /home/jy/armordetect/install/armor_interfaces/share/armor_interfaces/cmake/armor_interfaces__rosidl_typesupport_cExport.cmake
[2.759s] -- Installing: /home/jy/armordetect/install/armor_interfaces/share/armor_interfaces/cmake/armor_interfaces__rosidl_typesupport_cExport-noconfig.cmake
[2.760s] -- Installing: /home/jy/armordetect/install/armor_interfaces/share/armor_interfaces/cmake/export_armor_interfaces__rosidl_generator_cppExport.cmake
[2.760s] -- Installing: /home/jy/armordetect/install/armor_interfaces/share/armor_interfaces/cmake/export_armor_interfaces__rosidl_typesupport_fastrtps_cppExport.cmake
[2.760s] -- Installing: /home/jy/armordetect/install/armor_interfaces/share/armor_interfaces/cmake/export_armor_interfaces__rosidl_typesupport_fastrtps_cppExport-noconfig.cmake
[2.760s] -- Installing: /home/jy/armordetect/install/armor_interfaces/share/armor_interfaces/cmake/armor_interfaces__rosidl_typesupport_introspection_cppExport.cmake
[2.760s] -- Installing: /home/jy/armordetect/install/armor_interfaces/share/armor_interfaces/cmake/armor_interfaces__rosidl_typesupport_introspection_cppExport-noconfig.cmake
[2.760s] -- Installing: /home/jy/armordetect/install/armor_interfaces/share/armor_interfaces/cmake/armor_interfaces__rosidl_typesupport_cppExport.cmake
[2.760s] -- Installing: /home/jy/armordetect/install/armor_interfaces/share/armor_interfaces/cmake/armor_interfaces__rosidl_typesupport_cppExport-noconfig.cmake
[2.760s] -- Installing: /home/jy/armordetect/install/armor_interfaces/share/armor_interfaces/cmake/export_armor_interfaces__rosidl_generator_pyExport.cmake
[2.760s] -- Installing: /home/jy/armordetect/install/armor_interfaces/share/armor_interfaces/cmake/export_armor_interfaces__rosidl_generator_pyExport-noconfig.cmake
[2.761s] Invoked command in '/home/jy/armordetect/build/armor_interfaces' returned '0': CMAKE_PREFIX_PATH=/home/jy/ws00_helloworld/install/pkg01_helloworld_cpp:/home/jy/ws00_helloworld/install/cpp03_action:/home/jy/ws00_helloworld/install/cpp02_service:/home/jy/ws00_helloworld/install/cpp01_topic:/home/jy/ws00_helloworld/install/base_interfaces_demo:/home/jy/ws00_helloworld/install/py02_service:/home/jy/ws00_helloworld/install/py01_topic:/opt/ros/humble:/home/jy/catkin_ws/devel:/home/jy/catkin_ws/devel_isolated/wpr_simulation:/home/jy/catkin_ws/devel_isolated/ssr_pkg /usr/bin/cmake --install /home/jy/armordetect/build/armor_interfaces
