[0.008s] Invoking command in '/home/jy/armordetect/build/armor_detect': CMAKE_PREFIX_PATH=/home/jy/armordetect/install/armor_interfaces:/home/jy/ws00_helloworld/install/pkg01_helloworld_cpp:/home/jy/ws00_helloworld/install/cpp03_action:/home/jy/ws00_helloworld/install/cpp02_service:/home/jy/ws00_helloworld/install/cpp01_topic:/home/jy/ws00_helloworld/install/base_interfaces_demo:/home/jy/ws00_helloworld/install/py02_service:/home/jy/ws00_helloworld/install/py01_topic:/opt/ros/humble:/home/jy/catkin_ws/devel:/home/jy/catkin_ws/devel_isolated/wpr_simulation:/home/jy/catkin_ws/devel_isolated/ssr_pkg /usr/bin/cmake /home/jy/armordetect/src/armor_detect -DCMAKE_INSTALL_PREFIX=/home/jy/armordetect/install/armor_detect
[0.052s] -- The C compiler identification is GNU 11.4.0
[0.097s] -- The CXX compiler identification is GNU 11.4.0
[0.101s] -- Detecting C compiler ABI info
[0.161s] -- Detecting C compiler ABI info - done
[0.167s] -- Check for working C compiler: /usr/bin/cc - skipped
[0.167s] -- Detecting C compile features
[0.167s] -- Detecting C compile features - done
[0.169s] -- Detecting CXX compiler ABI info
[0.230s] -- Detecting CXX compiler ABI info - done
[0.234s] -- Check for working CXX compiler: /usr/bin/c++ - skipped
[0.234s] -- Detecting CXX compile features
[0.234s] -- Detecting CXX compile features - done
[0.236s] -- Found ament_cmake: 1.3.12 (/opt/ros/humble/share/ament_cmake/cmake)
[0.446s] -- Found Python3: /usr/bin/python3 (found version "3.10.12") found components: Interpreter 
[0.522s] -- Found rclcpp: 16.0.15 (/opt/ros/humble/share/rclcpp/cmake)
[0.551s] -- Found rosidl_generator_c: 3.1.7 (/opt/ros/humble/share/rosidl_generator_c/cmake)
[0.554s] -- Found rosidl_adapter: 3.1.7 (/opt/ros/humble/share/rosidl_adapter/cmake)
[0.560s] -- Found rosidl_generator_cpp: 3.1.7 (/opt/ros/humble/share/rosidl_generator_cpp/cmake)
[0.567s] -- Using all available rosidl_typesupport_c: rosidl_typesupport_fastrtps_c;rosidl_typesupport_introspection_c
[0.577s] -- Using all available rosidl_typesupport_cpp: rosidl_typesupport_fastrtps_cpp;rosidl_typesupport_introspection_cpp
[0.607s] -- Found rmw_implementation_cmake: 6.1.2 (/opt/ros/humble/share/rmw_implementation_cmake/cmake)
[0.609s] -- Found rmw_fastrtps_cpp: 6.2.8 (/opt/ros/humble/share/rmw_fastrtps_cpp/cmake)
[0.677s] -- Found OpenSSL: /usr/lib/x86_64-linux-gnu/libcrypto.so (found version "3.0.2")  
[0.698s] -- Found FastRTPS: /opt/ros/humble/include  
[0.725s] -- Using RMW implementation 'rmw_fastrtps_cpp' as default
[0.732s] -- Looking for pthread.h
[0.780s] -- Looking for pthread.h - found
[0.780s] -- Performing Test CMAKE_HAVE_LIBC_PTHREAD
[0.844s] -- Performing Test CMAKE_HAVE_LIBC_PTHREAD - Success
[0.845s] -- Found Threads: TRUE  
[0.886s] -- Found OpenCV: /usr (found version "4.5.4") 
[0.887s] -- Found geometry_msgs: 4.9.0 (/opt/ros/humble/share/geometry_msgs/cmake)
[0.894s] -- Found armor_interfaces: 0.0.0 (/home/jy/armordetect/install/armor_interfaces/share/armor_interfaces/cmake)
[0.903s] -- Found ament_lint_auto: 0.12.14 (/opt/ros/humble/share/ament_lint_auto/cmake)
[0.981s] -- Added test 'cppcheck' to perform static code analysis on C / C++ code
[0.981s] -- Configured cppcheck include dirs: /home/jy/armordetect/src/armor_detect/include
[0.981s] -- Configured cppcheck exclude dirs and/or files: 
[0.983s] -- Added test 'lint_cmake' to check CMake code style
[0.985s] -- Added test 'uncrustify' to check C / C++ code style
[0.985s] -- Configured uncrustify additional arguments: 
[0.986s] -- Added test 'xmllint' to check XML markup files
[0.987s] -- Configuring done
[0.996s] -- Generating done
[1.000s] -- Build files have been written to: /home/jy/armordetect/build/armor_detect
[1.006s] Invoked command in '/home/jy/armordetect/build/armor_detect' returned '0': CMAKE_PREFIX_PATH=/home/jy/armordetect/install/armor_interfaces:/home/jy/ws00_helloworld/install/pkg01_helloworld_cpp:/home/jy/ws00_helloworld/install/cpp03_action:/home/jy/ws00_helloworld/install/cpp02_service:/home/jy/ws00_helloworld/install/cpp01_topic:/home/jy/ws00_helloworld/install/base_interfaces_demo:/home/jy/ws00_helloworld/install/py02_service:/home/jy/ws00_helloworld/install/py01_topic:/opt/ros/humble:/home/jy/catkin_ws/devel:/home/jy/catkin_ws/devel_isolated/wpr_simulation:/home/jy/catkin_ws/devel_isolated/ssr_pkg /usr/bin/cmake /home/jy/armordetect/src/armor_detect -DCMAKE_INSTALL_PREFIX=/home/jy/armordetect/install/armor_detect
[1.007s] Invoking command in '/home/jy/armordetect/build/armor_detect': CMAKE_PREFIX_PATH=/home/jy/armordetect/install/armor_interfaces:/home/jy/ws00_helloworld/install/pkg01_helloworld_cpp:/home/jy/ws00_helloworld/install/cpp03_action:/home/jy/ws00_helloworld/install/cpp02_service:/home/jy/ws00_helloworld/install/cpp01_topic:/home/jy/ws00_helloworld/install/base_interfaces_demo:/home/jy/ws00_helloworld/install/py02_service:/home/jy/ws00_helloworld/install/py01_topic:/opt/ros/humble:/home/jy/catkin_ws/devel:/home/jy/catkin_ws/devel_isolated/wpr_simulation:/home/jy/catkin_ws/devel_isolated/ssr_pkg /usr/bin/cmake --build /home/jy/armordetect/build/armor_detect -- -j16 -l16
[1.070s] [ 10%] [32mBuilding CXX object CMakeFiles/subscriber_node.dir/src/subscriber.cpp.o[0m
[1.071s] [ 20%] [32mBuilding CXX object CMakeFiles/subscriber_node.dir/src/armor_detection_subscriber.cpp.o[0m
[1.075s] [ 30%] [32mBuilding CXX object CMakeFiles/publisher_node.dir/src/armor_detector.cpp.o[0m
[1.076s] [ 40%] [32mBuilding CXX object CMakeFiles/publisher_node.dir/src/angle_solver.cpp.o[0m
[1.076s] [ 50%] [32mBuilding CXX object CMakeFiles/publisher_node.dir/src/armor_detection_publisher.cpp.o[0m
[1.078s] [ 60%] [32mBuilding CXX object CMakeFiles/publisher_node.dir/src/publisher.cpp.o[0m
[1.079s] [ 70%] [32mBuilding CXX object CMakeFiles/publisher_node.dir/src/pnp_solver.cpp.o[0m
[1.081s] [ 80%] [32mBuilding CXX object CMakeFiles/publisher_node.dir/src/camera.cpp.o[0m
[1.956s] [01m[K/home/jy/armordetect/src/armor_detect/src/armor_detector.cpp:[m[K In member function ‘[01m[Kbool Detector::isLight(const Light&)[m[K’:
[1.956s] [01m[K/home/jy/armordetect/src/armor_detect/src/armor_detector.cpp:94:27:[m[K [01;35m[Kwarning: [m[Kvariable ‘[01m[Klight_data[m[K’ set but not used [[01;35m[K]8;;https://gcc.gnu.org/onlinedocs/gcc/Warning-Options.html#index-Wunused-but-set-variable-Wunused-but-set-variable]8;;[m[K]
[1.956s]    94 |     Detector::DebugLights [01;35m[Klight_data[m[K;
[1.956s]       |                           [01;35m[K^~~~~~~~~~[m[K
[4.665s] [ 90%] [32m[1mLinking CXX executable publisher_node[0m
[5.103s] [ 90%] Built target publisher_node
[5.749s] [100%] [32m[1mLinking CXX executable subscriber_node[0m
[6.008s] [100%] Built target subscriber_node
[6.015s] Invoked command in '/home/jy/armordetect/build/armor_detect' returned '0': CMAKE_PREFIX_PATH=/home/jy/armordetect/install/armor_interfaces:/home/jy/ws00_helloworld/install/pkg01_helloworld_cpp:/home/jy/ws00_helloworld/install/cpp03_action:/home/jy/ws00_helloworld/install/cpp02_service:/home/jy/ws00_helloworld/install/cpp01_topic:/home/jy/ws00_helloworld/install/base_interfaces_demo:/home/jy/ws00_helloworld/install/py02_service:/home/jy/ws00_helloworld/install/py01_topic:/opt/ros/humble:/home/jy/catkin_ws/devel:/home/jy/catkin_ws/devel_isolated/wpr_simulation:/home/jy/catkin_ws/devel_isolated/ssr_pkg /usr/bin/cmake --build /home/jy/armordetect/build/armor_detect -- -j16 -l16
[6.021s] Invoking command in '/home/jy/armordetect/build/armor_detect': CMAKE_PREFIX_PATH=/home/jy/armordetect/install/armor_interfaces:/home/jy/ws00_helloworld/install/pkg01_helloworld_cpp:/home/jy/ws00_helloworld/install/cpp03_action:/home/jy/ws00_helloworld/install/cpp02_service:/home/jy/ws00_helloworld/install/cpp01_topic:/home/jy/ws00_helloworld/install/base_interfaces_demo:/home/jy/ws00_helloworld/install/py02_service:/home/jy/ws00_helloworld/install/py01_topic:/opt/ros/humble:/home/jy/catkin_ws/devel:/home/jy/catkin_ws/devel_isolated/wpr_simulation:/home/jy/catkin_ws/devel_isolated/ssr_pkg /usr/bin/cmake --install /home/jy/armordetect/build/armor_detect
[6.026s] -- Install configuration: ""
[6.027s] -- Installing: /home/jy/armordetect/install/armor_detect/lib/armor_detect/publisher_node
[6.027s] -- Set runtime path of "/home/jy/armordetect/install/armor_detect/lib/armor_detect/publisher_node" to ""
[6.028s] -- Installing: /home/jy/armordetect/install/armor_detect/lib/armor_detect/subscriber_node
[6.030s] -- Set runtime path of "/home/jy/armordetect/install/armor_detect/lib/armor_detect/subscriber_node" to ""
[6.030s] -- Installing: /home/jy/armordetect/install/armor_detect/share/ament_index/resource_index/package_run_dependencies/armor_detect
[6.030s] -- Installing: /home/jy/armordetect/install/armor_detect/share/ament_index/resource_index/parent_prefix_path/armor_detect
[6.030s] -- Installing: /home/jy/armordetect/install/armor_detect/share/armor_detect/environment/ament_prefix_path.sh
[6.030s] -- Installing: /home/jy/armordetect/install/armor_detect/share/armor_detect/environment/ament_prefix_path.dsv
[6.030s] -- Installing: /home/jy/armordetect/install/armor_detect/share/armor_detect/environment/path.sh
[6.030s] -- Installing: /home/jy/armordetect/install/armor_detect/share/armor_detect/environment/path.dsv
[6.030s] -- Installing: /home/jy/armordetect/install/armor_detect/share/armor_detect/local_setup.bash
[6.030s] -- Installing: /home/jy/armordetect/install/armor_detect/share/armor_detect/local_setup.sh
[6.030s] -- Installing: /home/jy/armordetect/install/armor_detect/share/armor_detect/local_setup.zsh
[6.030s] -- Installing: /home/jy/armordetect/install/armor_detect/share/armor_detect/local_setup.dsv
[6.030s] -- Installing: /home/jy/armordetect/install/armor_detect/share/armor_detect/package.dsv
[6.030s] -- Installing: /home/jy/armordetect/install/armor_detect/share/ament_index/resource_index/packages/armor_detect
[6.031s] -- Installing: /home/jy/armordetect/install/armor_detect/share/armor_detect/cmake/armor_detectConfig.cmake
[6.031s] -- Installing: /home/jy/armordetect/install/armor_detect/share/armor_detect/cmake/armor_detectConfig-version.cmake
[6.031s] -- Installing: /home/jy/armordetect/install/armor_detect/share/armor_detect/package.xml
[6.032s] Invoked command in '/home/jy/armordetect/build/armor_detect' returned '0': CMAKE_PREFIX_PATH=/home/jy/armordetect/install/armor_interfaces:/home/jy/ws00_helloworld/install/pkg01_helloworld_cpp:/home/jy/ws00_helloworld/install/cpp03_action:/home/jy/ws00_helloworld/install/cpp02_service:/home/jy/ws00_helloworld/install/cpp01_topic:/home/jy/ws00_helloworld/install/base_interfaces_demo:/home/jy/ws00_helloworld/install/py02_service:/home/jy/ws00_helloworld/install/py01_topic:/opt/ros/humble:/home/jy/catkin_ws/devel:/home/jy/catkin_ws/devel_isolated/wpr_simulation:/home/jy/catkin_ws/devel_isolated/ssr_pkg /usr/bin/cmake --install /home/jy/armordetect/build/armor_detect
