[0.063s] DEBUG:colcon:Command line arguments: ['/usr/bin/colcon', 'build']
[0.063s] DEBUG:colcon:Parsed command line arguments: Namespace(log_base=None, log_level=None, verb_name='build', build_base='build', install_base='install', merge_install=False, symlink_install=False, test_result_base=None, continue_on_error=False, executor='parallel', parallel_workers=16, event_handlers=None, ignore_user_meta=False, metas=['./colcon.meta'], base_paths=['.'], packages_ignore=None, packages_ignore_regex=None, paths=None, packages_up_to=None, packages_up_to_regex=None, packages_above=None, packages_above_and_dependencies=None, packages_above_depth=None, packages_select_by_dep=None, packages_skip_by_dep=None, packages_skip_up_to=None, packages_select_build_failed=False, packages_skip_build_finished=False, packages_select_test_failures=False, packages_skip_test_passed=False, packages_select=None, packages_skip=None, packages_select_regex=None, packages_skip_regex=None, packages_start=None, packages_end=None, allow_overriding=[], cmake_args=None, cmake_target=None, cmake_target_skip_unavailable=False, cmake_clean_cache=False, cmake_clean_first=False, cmake_force_configure=False, ament_cmake_args=None, catkin_cmake_args=None, catkin_skip_building_tests=False, verb_parser=<colcon_defaults.argument_parser.defaults.DefaultArgumentsDecorator object at 0x767c45a57280>, verb_extension=<colcon_core.verb.build.BuildVerb object at 0x767c45b985e0>, main=<bound method BuildVerb.main of <colcon_core.verb.build.BuildVerb object at 0x767c45b985e0>>)
[0.083s] Level 1:colcon.colcon_core.package_discovery:discover_packages(colcon_meta) check parameters
[0.083s] Level 1:colcon.colcon_core.package_discovery:discover_packages(recursive) check parameters
[0.083s] Level 1:colcon.colcon_core.package_discovery:discover_packages(ignore) check parameters
[0.083s] Level 1:colcon.colcon_core.package_discovery:discover_packages(path) check parameters
[0.083s] Level 1:colcon.colcon_core.package_discovery:discover_packages(colcon_meta) discover
[0.083s] Level 1:colcon.colcon_core.package_discovery:discover_packages(recursive) discover
[0.083s] INFO:colcon.colcon_core.package_discovery:Crawling recursively for packages in '/home/jy/armordetect'
[0.083s] Level 1:colcon.colcon_core.package_identification:_identify(.) by extensions ['ignore', 'ignore_ament_install']
[0.083s] Level 1:colcon.colcon_core.package_identification:_identify(.) by extension 'ignore'
[0.083s] Level 1:colcon.colcon_core.package_identification:_identify(.) by extension 'ignore_ament_install'
[0.083s] Level 1:colcon.colcon_core.package_identification:_identify(.) by extensions ['colcon_pkg']
[0.083s] Level 1:colcon.colcon_core.package_identification:_identify(.) by extension 'colcon_pkg'
[0.083s] Level 1:colcon.colcon_core.package_identification:_identify(.) by extensions ['colcon_meta']
[0.083s] Level 1:colcon.colcon_core.package_identification:_identify(.) by extension 'colcon_meta'
[0.083s] Level 1:colcon.colcon_core.package_identification:_identify(.) by extensions ['ros']
[0.083s] Level 1:colcon.colcon_core.package_identification:_identify(.) by extension 'ros'
[0.092s] Level 1:colcon.colcon_core.package_identification:_identify(.) by extensions ['cmake', 'python']
[0.092s] Level 1:colcon.colcon_core.package_identification:_identify(.) by extension 'cmake'
[0.092s] Level 1:colcon.colcon_core.package_identification:_identify(.) by extension 'python'
[0.092s] Level 1:colcon.colcon_core.package_identification:_identify(.) by extensions ['python_setup_py']
[0.092s] Level 1:colcon.colcon_core.package_identification:_identify(.) by extension 'python_setup_py'
[0.092s] Level 1:colcon.colcon_core.package_identification:_identify(build) by extensions ['ignore', 'ignore_ament_install']
[0.092s] Level 1:colcon.colcon_core.package_identification:_identify(build) by extension 'ignore'
[0.092s] Level 1:colcon.colcon_core.package_identification:_identify(build) ignored
[0.092s] Level 1:colcon.colcon_core.package_identification:_identify(install) by extensions ['ignore', 'ignore_ament_install']
[0.092s] Level 1:colcon.colcon_core.package_identification:_identify(install) by extension 'ignore'
[0.092s] Level 1:colcon.colcon_core.package_identification:_identify(install) ignored
[0.092s] Level 1:colcon.colcon_core.package_identification:_identify(log) by extensions ['ignore', 'ignore_ament_install']
[0.092s] Level 1:colcon.colcon_core.package_identification:_identify(log) by extension 'ignore'
[0.092s] Level 1:colcon.colcon_core.package_identification:_identify(log) ignored
[0.092s] Level 1:colcon.colcon_core.package_identification:_identify(rosbag2_2025_11_02-21_42_12) by extensions ['ignore', 'ignore_ament_install']
[0.092s] Level 1:colcon.colcon_core.package_identification:_identify(rosbag2_2025_11_02-21_42_12) by extension 'ignore'
[0.092s] Level 1:colcon.colcon_core.package_identification:_identify(rosbag2_2025_11_02-21_42_12) by extension 'ignore_ament_install'
[0.092s] Level 1:colcon.colcon_core.package_identification:_identify(rosbag2_2025_11_02-21_42_12) by extensions ['colcon_pkg']
[0.092s] Level 1:colcon.colcon_core.package_identification:_identify(rosbag2_2025_11_02-21_42_12) by extension 'colcon_pkg'
[0.092s] Level 1:colcon.colcon_core.package_identification:_identify(rosbag2_2025_11_02-21_42_12) by extensions ['colcon_meta']
[0.092s] Level 1:colcon.colcon_core.package_identification:_identify(rosbag2_2025_11_02-21_42_12) by extension 'colcon_meta'
[0.092s] Level 1:colcon.colcon_core.package_identification:_identify(rosbag2_2025_11_02-21_42_12) by extensions ['ros']
[0.092s] Level 1:colcon.colcon_core.package_identification:_identify(rosbag2_2025_11_02-21_42_12) by extension 'ros'
[0.093s] Level 1:colcon.colcon_core.package_identification:_identify(rosbag2_2025_11_02-21_42_12) by extensions ['cmake', 'python']
[0.093s] Level 1:colcon.colcon_core.package_identification:_identify(rosbag2_2025_11_02-21_42_12) by extension 'cmake'
[0.093s] Level 1:colcon.colcon_core.package_identification:_identify(rosbag2_2025_11_02-21_42_12) by extension 'python'
[0.093s] Level 1:colcon.colcon_core.package_identification:_identify(rosbag2_2025_11_02-21_42_12) by extensions ['python_setup_py']
[0.093s] Level 1:colcon.colcon_core.package_identification:_identify(rosbag2_2025_11_02-21_42_12) by extension 'python_setup_py'
[0.093s] Level 1:colcon.colcon_core.package_identification:_identify(src) by extensions ['ignore', 'ignore_ament_install']
[0.093s] Level 1:colcon.colcon_core.package_identification:_identify(src) by extension 'ignore'
[0.093s] Level 1:colcon.colcon_core.package_identification:_identify(src) by extension 'ignore_ament_install'
[0.093s] Level 1:colcon.colcon_core.package_identification:_identify(src) by extensions ['colcon_pkg']
[0.093s] Level 1:colcon.colcon_core.package_identification:_identify(src) by extension 'colcon_pkg'
[0.093s] Level 1:colcon.colcon_core.package_identification:_identify(src) by extensions ['colcon_meta']
[0.093s] Level 1:colcon.colcon_core.package_identification:_identify(src) by extension 'colcon_meta'
[0.093s] Level 1:colcon.colcon_core.package_identification:_identify(src) by extensions ['ros']
[0.093s] Level 1:colcon.colcon_core.package_identification:_identify(src) by extension 'ros'
[0.093s] Level 1:colcon.colcon_core.package_identification:_identify(src) by extensions ['cmake', 'python']
[0.093s] Level 1:colcon.colcon_core.package_identification:_identify(src) by extension 'cmake'
[0.093s] Level 1:colcon.colcon_core.package_identification:_identify(src) by extension 'python'
[0.093s] Level 1:colcon.colcon_core.package_identification:_identify(src) by extensions ['python_setup_py']
[0.093s] Level 1:colcon.colcon_core.package_identification:_identify(src) by extension 'python_setup_py'
[0.093s] Level 1:colcon.colcon_core.package_identification:_identify(src/armor_detect) by extensions ['ignore', 'ignore_ament_install']
[0.093s] Level 1:colcon.colcon_core.package_identification:_identify(src/armor_detect) by extension 'ignore'
[0.093s] Level 1:colcon.colcon_core.package_identification:_identify(src/armor_detect) by extension 'ignore_ament_install'
[0.093s] Level 1:colcon.colcon_core.package_identification:_identify(src/armor_detect) by extensions ['colcon_pkg']
[0.093s] Level 1:colcon.colcon_core.package_identification:_identify(src/armor_detect) by extension 'colcon_pkg'
[0.093s] Level 1:colcon.colcon_core.package_identification:_identify(src/armor_detect) by extensions ['colcon_meta']
[0.093s] Level 1:colcon.colcon_core.package_identification:_identify(src/armor_detect) by extension 'colcon_meta'
[0.093s] Level 1:colcon.colcon_core.package_identification:_identify(src/armor_detect) by extensions ['ros']
[0.093s] Level 1:colcon.colcon_core.package_identification:_identify(src/armor_detect) by extension 'ros'
[0.094s] DEBUG:colcon.colcon_core.package_identification:Package 'src/armor_detect' with type 'ros.ament_cmake' and name 'armor_detect'
[0.094s] Level 1:colcon.colcon_core.package_identification:_identify(src/armor_interfaces) by extensions ['ignore', 'ignore_ament_install']
[0.094s] Level 1:colcon.colcon_core.package_identification:_identify(src/armor_interfaces) by extension 'ignore'
[0.094s] Level 1:colcon.colcon_core.package_identification:_identify(src/armor_interfaces) by extension 'ignore_ament_install'
[0.094s] Level 1:colcon.colcon_core.package_identification:_identify(src/armor_interfaces) by extensions ['colcon_pkg']
[0.094s] Level 1:colcon.colcon_core.package_identification:_identify(src/armor_interfaces) by extension 'colcon_pkg'
[0.094s] Level 1:colcon.colcon_core.package_identification:_identify(src/armor_interfaces) by extensions ['colcon_meta']
[0.094s] Level 1:colcon.colcon_core.package_identification:_identify(src/armor_interfaces) by extension 'colcon_meta'
[0.095s] Level 1:colcon.colcon_core.package_identification:_identify(src/armor_interfaces) by extensions ['ros']
[0.095s] Level 1:colcon.colcon_core.package_identification:_identify(src/armor_interfaces) by extension 'ros'
[0.095s] DEBUG:colcon.colcon_core.package_identification:Package 'src/armor_interfaces' with type 'ros.ament_cmake' and name 'armor_interfaces'
[0.095s] Level 1:colcon.colcon_core.package_identification:_identify(src/slam_toolbox) by extensions ['ignore', 'ignore_ament_install']
[0.095s] Level 1:colcon.colcon_core.package_identification:_identify(src/slam_toolbox) by extension 'ignore'
[0.095s] Level 1:colcon.colcon_core.package_identification:_identify(src/slam_toolbox) by extension 'ignore_ament_install'
[0.095s] Level 1:colcon.colcon_core.package_identification:_identify(src/slam_toolbox) by extensions ['colcon_pkg']
[0.095s] Level 1:colcon.colcon_core.package_identification:_identify(src/slam_toolbox) by extension 'colcon_pkg'
[0.095s] Level 1:colcon.colcon_core.package_identification:_identify(src/slam_toolbox) by extensions ['colcon_meta']
[0.095s] Level 1:colcon.colcon_core.package_identification:_identify(src/slam_toolbox) by extension 'colcon_meta'
[0.095s] Level 1:colcon.colcon_core.package_identification:_identify(src/slam_toolbox) by extensions ['ros']
[0.095s] Level 1:colcon.colcon_core.package_identification:_identify(src/slam_toolbox) by extension 'ros'
[0.095s] Level 1:colcon.colcon_core.package_identification:_identify(src/slam_toolbox) by extensions ['cmake', 'python']
[0.095s] Level 1:colcon.colcon_core.package_identification:_identify(src/slam_toolbox) by extension 'cmake'
[0.095s] Level 1:colcon.colcon_core.package_identification:_identify(src/slam_toolbox) by extension 'python'
[0.095s] Level 1:colcon.colcon_core.package_identification:_identify(src/slam_toolbox) by extensions ['python_setup_py']
[0.095s] Level 1:colcon.colcon_core.package_identification:_identify(src/slam_toolbox) by extension 'python_setup_py'
[0.095s] Level 1:colcon.colcon_core.package_discovery:discover_packages(recursive) using defaults
[0.095s] Level 1:colcon.colcon_core.package_discovery:discover_packages(ignore) discover
[0.095s] Level 1:colcon.colcon_core.package_discovery:discover_packages(ignore) using defaults
[0.095s] Level 1:colcon.colcon_core.package_discovery:discover_packages(path) discover
[0.095s] Level 1:colcon.colcon_core.package_discovery:discover_packages(path) using defaults
[0.106s] Level 1:colcon.colcon_core.package_discovery:discover_packages(prefix_path) check parameters
[0.106s] Level 1:colcon.colcon_core.package_discovery:discover_packages(prefix_path) discover
[0.107s] DEBUG:colcon.colcon_installed_package_information.package_discovery:Found 7 installed packages in /home/jy/ws00_helloworld/install
[0.108s] DEBUG:colcon.colcon_installed_package_information.package_discovery:Found 455 installed packages in /opt/ros/humble
[0.110s] Level 1:colcon.colcon_core.package_discovery:discover_packages(prefix_path) using defaults
[0.136s] Level 5:colcon.colcon_core.verb:set package 'armor_detect' build argument 'cmake_args' from command line to 'None'
[0.137s] Level 5:colcon.colcon_core.verb:set package 'armor_detect' build argument 'cmake_target' from command line to 'None'
[0.137s] Level 5:colcon.colcon_core.verb:set package 'armor_detect' build argument 'cmake_target_skip_unavailable' from command line to 'False'
[0.137s] Level 5:colcon.colcon_core.verb:set package 'armor_detect' build argument 'cmake_clean_cache' from command line to 'False'
[0.137s] Level 5:colcon.colcon_core.verb:set package 'armor_detect' build argument 'cmake_clean_first' from command line to 'False'
[0.137s] Level 5:colcon.colcon_core.verb:set package 'armor_detect' build argument 'cmake_force_configure' from command line to 'False'
[0.137s] Level 5:colcon.colcon_core.verb:set package 'armor_detect' build argument 'ament_cmake_args' from command line to 'None'
[0.137s] Level 5:colcon.colcon_core.verb:set package 'armor_detect' build argument 'catkin_cmake_args' from command line to 'None'
[0.137s] Level 5:colcon.colcon_core.verb:set package 'armor_detect' build argument 'catkin_skip_building_tests' from command line to 'False'
[0.137s] DEBUG:colcon.colcon_core.verb:Building package 'armor_detect' with the following arguments: {'ament_cmake_args': None, 'build_base': '/home/jy/armordetect/build/armor_detect', 'catkin_cmake_args': None, 'catkin_skip_building_tests': False, 'cmake_args': None, 'cmake_clean_cache': False, 'cmake_clean_first': False, 'cmake_force_configure': False, 'cmake_target': None, 'cmake_target_skip_unavailable': False, 'install_base': '/home/jy/armordetect/install/armor_detect', 'merge_install': False, 'path': '/home/jy/armordetect/src/armor_detect', 'symlink_install': False, 'test_result_base': None}
[0.137s] Level 5:colcon.colcon_core.verb:set package 'armor_interfaces' build argument 'cmake_args' from command line to 'None'
[0.137s] Level 5:colcon.colcon_core.verb:set package 'armor_interfaces' build argument 'cmake_target' from command line to 'None'
[0.137s] Level 5:colcon.colcon_core.verb:set package 'armor_interfaces' build argument 'cmake_target_skip_unavailable' from command line to 'False'
[0.137s] Level 5:colcon.colcon_core.verb:set package 'armor_interfaces' build argument 'cmake_clean_cache' from command line to 'False'
[0.137s] Level 5:colcon.colcon_core.verb:set package 'armor_interfaces' build argument 'cmake_clean_first' from command line to 'False'
[0.137s] Level 5:colcon.colcon_core.verb:set package 'armor_interfaces' build argument 'cmake_force_configure' from command line to 'False'
[0.137s] Level 5:colcon.colcon_core.verb:set package 'armor_interfaces' build argument 'ament_cmake_args' from command line to 'None'
[0.137s] Level 5:colcon.colcon_core.verb:set package 'armor_interfaces' build argument 'catkin_cmake_args' from command line to 'None'
[0.137s] Level 5:colcon.colcon_core.verb:set package 'armor_interfaces' build argument 'catkin_skip_building_tests' from command line to 'False'
[0.137s] DEBUG:colcon.colcon_core.verb:Building package 'armor_interfaces' with the following arguments: {'ament_cmake_args': None, 'build_base': '/home/jy/armordetect/build/armor_interfaces', 'catkin_cmake_args': None, 'catkin_skip_building_tests': False, 'cmake_args': None, 'cmake_clean_cache': False, 'cmake_clean_first': False, 'cmake_force_configure': False, 'cmake_target': None, 'cmake_target_skip_unavailable': False, 'install_base': '/home/jy/armordetect/install/armor_interfaces', 'merge_install': False, 'path': '/home/jy/armordetect/src/armor_interfaces', 'symlink_install': False, 'test_result_base': None}
[0.137s] INFO:colcon.colcon_core.executor:Executing jobs using 'parallel' executor
[0.138s] DEBUG:colcon.colcon_parallel_executor.executor.parallel:run_until_complete
[0.138s] INFO:colcon.colcon_ros.task.ament_cmake.build:Building ROS package in '/home/jy/armordetect/src/armor_detect' with build type 'ament_cmake'
[0.138s] INFO:colcon.colcon_cmake.task.cmake.build:Building CMake package in '/home/jy/armordetect/src/armor_detect'
[0.139s] INFO:colcon.colcon_core.plugin_system:Skipping extension 'colcon_core.shell.bat': Not used on non-Windows systems
[0.139s] INFO:colcon.colcon_core.shell:Skip shell extension 'powershell' for command environment: Not usable outside of PowerShell
[0.139s] DEBUG:colcon.colcon_core.shell:Skip shell extension 'dsv' for command environment
[0.141s] DEBUG:colcon.colcon_core.shell:Ignoring prefix path '/home/jy/catkin_ws/devel'
[0.141s] DEBUG:colcon.colcon_core.shell:Ignoring prefix path '/home/jy/catkin_ws/devel_isolated/wpr_simulation'
[0.141s] DEBUG:colcon.colcon_core.shell:Ignoring prefix path '/home/jy/catkin_ws/devel_isolated/ssr_pkg'
[0.142s] INFO:colcon.colcon_ros.task.ament_cmake.build:Building ROS package in '/home/jy/armordetect/src/armor_interfaces' with build type 'ament_cmake'
[0.142s] INFO:colcon.colcon_cmake.task.cmake.build:Building CMake package in '/home/jy/armordetect/src/armor_interfaces'
[0.142s] INFO:colcon.colcon_core.shell:Skip shell extension 'powershell' for command environment: Not usable outside of PowerShell
[0.142s] DEBUG:colcon.colcon_core.shell:Skip shell extension 'dsv' for command environment
[0.143s] DEBUG:colcon.colcon_core.shell:Ignoring prefix path '/home/jy/catkin_ws/devel'
[0.144s] DEBUG:colcon.colcon_core.shell:Ignoring prefix path '/home/jy/catkin_ws/devel_isolated/wpr_simulation'
[0.144s] DEBUG:colcon.colcon_core.shell:Ignoring prefix path '/home/jy/catkin_ws/devel_isolated/ssr_pkg'
[0.147s] DEBUG:colcon.colcon_core.event_handler.log_command:Invoking command in '/home/jy/armordetect/build/armor_detect': CMAKE_PREFIX_PATH=/home/jy/ws00_helloworld/install/pkg01_helloworld_cpp:/home/jy/ws00_helloworld/install/cpp03_action:/home/jy/ws00_helloworld/install/cpp02_service:/home/jy/ws00_helloworld/install/cpp01_topic:/home/jy/ws00_helloworld/install/base_interfaces_demo:/home/jy/ws00_helloworld/install/py02_service:/home/jy/ws00_helloworld/install/py01_topic:/opt/ros/humble:/home/jy/catkin_ws/devel:/home/jy/catkin_ws/devel_isolated/wpr_simulation:/home/jy/catkin_ws/devel_isolated/ssr_pkg /usr/bin/cmake --build /home/jy/armordetect/build/armor_detect -- -j16 -l16
[0.149s] DEBUG:colcon.colcon_core.event_handler.log_command:Invoking command in '/home/jy/armordetect/build/armor_interfaces': CMAKE_PREFIX_PATH=/home/jy/ws00_helloworld/install/pkg01_helloworld_cpp:/home/jy/ws00_helloworld/install/cpp03_action:/home/jy/ws00_helloworld/install/cpp02_service:/home/jy/ws00_helloworld/install/cpp01_topic:/home/jy/ws00_helloworld/install/base_interfaces_demo:/home/jy/ws00_helloworld/install/py02_service:/home/jy/ws00_helloworld/install/py01_topic:/opt/ros/humble:/home/jy/catkin_ws/devel:/home/jy/catkin_ws/devel_isolated/wpr_simulation:/home/jy/catkin_ws/devel_isolated/ssr_pkg /usr/bin/cmake --build /home/jy/armordetect/build/armor_interfaces -- -j16 -l16
[1.365s] DEBUG:colcon.colcon_core.event_handler.log_command:Invoked command in '/home/jy/armordetect/build/armor_interfaces' returned '0': CMAKE_PREFIX_PATH=/home/jy/ws00_helloworld/install/pkg01_helloworld_cpp:/home/jy/ws00_helloworld/install/cpp03_action:/home/jy/ws00_helloworld/install/cpp02_service:/home/jy/ws00_helloworld/install/cpp01_topic:/home/jy/ws00_helloworld/install/base_interfaces_demo:/home/jy/ws00_helloworld/install/py02_service:/home/jy/ws00_helloworld/install/py01_topic:/opt/ros/humble:/home/jy/catkin_ws/devel:/home/jy/catkin_ws/devel_isolated/wpr_simulation:/home/jy/catkin_ws/devel_isolated/ssr_pkg /usr/bin/cmake --build /home/jy/armordetect/build/armor_interfaces -- -j16 -l16
[1.372s] DEBUG:colcon.colcon_core.event_handler.log_command:Invoking command in '/home/jy/armordetect/build/armor_interfaces': CMAKE_PREFIX_PATH=/home/jy/ws00_helloworld/install/pkg01_helloworld_cpp:/home/jy/ws00_helloworld/install/cpp03_action:/home/jy/ws00_helloworld/install/cpp02_service:/home/jy/ws00_helloworld/install/cpp01_topic:/home/jy/ws00_helloworld/install/base_interfaces_demo:/home/jy/ws00_helloworld/install/py02_service:/home/jy/ws00_helloworld/install/py01_topic:/opt/ros/humble:/home/jy/catkin_ws/devel:/home/jy/catkin_ws/devel_isolated/wpr_simulation:/home/jy/catkin_ws/devel_isolated/ssr_pkg /usr/bin/cmake --install /home/jy/armordetect/build/armor_interfaces
[1.416s] Level 1:colcon.colcon_core.environment:create_environment_scripts_only(armor_interfaces)
[1.416s] DEBUG:colcon.colcon_core.event_handler.log_command:Invoked command in '/home/jy/armordetect/build/armor_interfaces' returned '0': CMAKE_PREFIX_PATH=/home/jy/ws00_helloworld/install/pkg01_helloworld_cpp:/home/jy/ws00_helloworld/install/cpp03_action:/home/jy/ws00_helloworld/install/cpp02_service:/home/jy/ws00_helloworld/install/cpp01_topic:/home/jy/ws00_helloworld/install/base_interfaces_demo:/home/jy/ws00_helloworld/install/py02_service:/home/jy/ws00_helloworld/install/py01_topic:/opt/ros/humble:/home/jy/catkin_ws/devel:/home/jy/catkin_ws/devel_isolated/wpr_simulation:/home/jy/catkin_ws/devel_isolated/ssr_pkg /usr/bin/cmake --install /home/jy/armordetect/build/armor_interfaces
[1.417s] Level 1:colcon.colcon_core.environment:checking '/home/jy/armordetect/install/armor_interfaces' for CMake module files
[1.418s] Level 1:colcon.colcon_core.environment:checking '/home/jy/armordetect/install/armor_interfaces' for CMake config files
[1.418s] Level 1:colcon.colcon_core.shell:create_environment_hook('armor_interfaces', 'cmake_prefix_path')
[1.418s] INFO:colcon.colcon_core.shell:Creating environment hook '/home/jy/armordetect/install/armor_interfaces/share/armor_interfaces/hook/cmake_prefix_path.ps1'
[1.420s] INFO:colcon.colcon_core.shell:Creating environment descriptor '/home/jy/armordetect/install/armor_interfaces/share/armor_interfaces/hook/cmake_prefix_path.dsv'
[1.421s] INFO:colcon.colcon_core.shell:Creating environment hook '/home/jy/armordetect/install/armor_interfaces/share/armor_interfaces/hook/cmake_prefix_path.sh'
[1.422s] Level 1:colcon.colcon_core.environment:checking '/home/jy/armordetect/install/armor_interfaces/lib'
[1.422s] Level 1:colcon.colcon_core.shell:create_environment_hook('armor_interfaces', 'ld_library_path_lib')
[1.422s] INFO:colcon.colcon_core.shell:Creating environment hook '/home/jy/armordetect/install/armor_interfaces/share/armor_interfaces/hook/ld_library_path_lib.ps1'
[1.423s] INFO:colcon.colcon_core.shell:Creating environment descriptor '/home/jy/armordetect/install/armor_interfaces/share/armor_interfaces/hook/ld_library_path_lib.dsv'
[1.423s] INFO:colcon.colcon_core.shell:Creating environment hook '/home/jy/armordetect/install/armor_interfaces/share/armor_interfaces/hook/ld_library_path_lib.sh'
[1.423s] Level 1:colcon.colcon_core.environment:checking '/home/jy/armordetect/install/armor_interfaces/bin'
[1.423s] Level 1:colcon.colcon_core.environment:checking '/home/jy/armordetect/install/armor_interfaces/lib/pkgconfig/armor_interfaces.pc'
[1.424s] Level 1:colcon.colcon_core.environment:checking '/home/jy/armordetect/install/armor_interfaces/lib/python3.10/site-packages'
[1.424s] Level 1:colcon.colcon_core.environment:checking '/home/jy/armordetect/install/armor_interfaces/bin'
[1.424s] INFO:colcon.colcon_core.shell:Creating package script '/home/jy/armordetect/install/armor_interfaces/share/armor_interfaces/package.ps1'
[1.426s] INFO:colcon.colcon_core.shell:Creating package descriptor '/home/jy/armordetect/install/armor_interfaces/share/armor_interfaces/package.dsv'
[1.426s] INFO:colcon.colcon_core.shell:Creating package script '/home/jy/armordetect/install/armor_interfaces/share/armor_interfaces/package.sh'
[1.427s] INFO:colcon.colcon_core.shell:Creating package script '/home/jy/armordetect/install/armor_interfaces/share/armor_interfaces/package.bash'
[1.428s] INFO:colcon.colcon_core.shell:Creating package script '/home/jy/armordetect/install/armor_interfaces/share/armor_interfaces/package.zsh'
[1.429s] Level 1:colcon.colcon_core.environment:create_file_with_runtime_dependencies(/home/jy/armordetect/install/armor_interfaces/share/colcon-core/packages/armor_interfaces)
[1.429s] Level 1:colcon.colcon_core.environment:create_environment_scripts_only(armor_interfaces)
[1.429s] Level 1:colcon.colcon_core.environment:checking '/home/jy/armordetect/install/armor_interfaces' for CMake module files
[1.430s] Level 1:colcon.colcon_core.environment:checking '/home/jy/armordetect/install/armor_interfaces' for CMake config files
[1.430s] Level 1:colcon.colcon_core.shell:create_environment_hook('armor_interfaces', 'cmake_prefix_path')
[1.430s] INFO:colcon.colcon_core.shell:Creating environment hook '/home/jy/armordetect/install/armor_interfaces/share/armor_interfaces/hook/cmake_prefix_path.ps1'
[1.431s] INFO:colcon.colcon_core.shell:Creating environment descriptor '/home/jy/armordetect/install/armor_interfaces/share/armor_interfaces/hook/cmake_prefix_path.dsv'
[1.431s] INFO:colcon.colcon_core.shell:Creating environment hook '/home/jy/armordetect/install/armor_interfaces/share/armor_interfaces/hook/cmake_prefix_path.sh'
[1.431s] Level 1:colcon.colcon_core.environment:checking '/home/jy/armordetect/install/armor_interfaces/lib'
[1.431s] Level 1:colcon.colcon_core.shell:create_environment_hook('armor_interfaces', 'ld_library_path_lib')
[1.431s] INFO:colcon.colcon_core.shell:Creating environment hook '/home/jy/armordetect/install/armor_interfaces/share/armor_interfaces/hook/ld_library_path_lib.ps1'
[1.431s] INFO:colcon.colcon_core.shell:Creating environment descriptor '/home/jy/armordetect/install/armor_interfaces/share/armor_interfaces/hook/ld_library_path_lib.dsv'
[1.432s] INFO:colcon.colcon_core.shell:Creating environment hook '/home/jy/armordetect/install/armor_interfaces/share/armor_interfaces/hook/ld_library_path_lib.sh'
[1.432s] Level 1:colcon.colcon_core.environment:checking '/home/jy/armordetect/install/armor_interfaces/bin'
[1.432s] Level 1:colcon.colcon_core.environment:checking '/home/jy/armordetect/install/armor_interfaces/lib/pkgconfig/armor_interfaces.pc'
[1.432s] Level 1:colcon.colcon_core.environment:checking '/home/jy/armordetect/install/armor_interfaces/lib/python3.10/site-packages'
[1.432s] Level 1:colcon.colcon_core.environment:checking '/home/jy/armordetect/install/armor_interfaces/bin'
[1.432s] INFO:colcon.colcon_core.shell:Creating package script '/home/jy/armordetect/install/armor_interfaces/share/armor_interfaces/package.ps1'
[1.433s] INFO:colcon.colcon_core.shell:Creating package descriptor '/home/jy/armordetect/install/armor_interfaces/share/armor_interfaces/package.dsv'
[1.433s] INFO:colcon.colcon_core.shell:Creating package script '/home/jy/armordetect/install/armor_interfaces/share/armor_interfaces/package.sh'
[1.433s] INFO:colcon.colcon_core.shell:Creating package script '/home/jy/armordetect/install/armor_interfaces/share/armor_interfaces/package.bash'
[1.433s] INFO:colcon.colcon_core.shell:Creating package script '/home/jy/armordetect/install/armor_interfaces/share/armor_interfaces/package.zsh'
[1.433s] Level 1:colcon.colcon_core.environment:create_file_with_runtime_dependencies(/home/jy/armordetect/install/armor_interfaces/share/colcon-core/packages/armor_interfaces)
[5.569s] DEBUG:colcon.colcon_core.event_handler.log_command:Invoked command in '/home/jy/armordetect/build/armor_detect' returned '0': CMAKE_PREFIX_PATH=/home/jy/ws00_helloworld/install/pkg01_helloworld_cpp:/home/jy/ws00_helloworld/install/cpp03_action:/home/jy/ws00_helloworld/install/cpp02_service:/home/jy/ws00_helloworld/install/cpp01_topic:/home/jy/ws00_helloworld/install/base_interfaces_demo:/home/jy/ws00_helloworld/install/py02_service:/home/jy/ws00_helloworld/install/py01_topic:/opt/ros/humble:/home/jy/catkin_ws/devel:/home/jy/catkin_ws/devel_isolated/wpr_simulation:/home/jy/catkin_ws/devel_isolated/ssr_pkg /usr/bin/cmake --build /home/jy/armordetect/build/armor_detect -- -j16 -l16
[5.570s] DEBUG:colcon.colcon_core.event_handler.log_command:Invoking command in '/home/jy/armordetect/build/armor_detect': CMAKE_PREFIX_PATH=/home/jy/ws00_helloworld/install/pkg01_helloworld_cpp:/home/jy/ws00_helloworld/install/cpp03_action:/home/jy/ws00_helloworld/install/cpp02_service:/home/jy/ws00_helloworld/install/cpp01_topic:/home/jy/ws00_helloworld/install/base_interfaces_demo:/home/jy/ws00_helloworld/install/py02_service:/home/jy/ws00_helloworld/install/py01_topic:/opt/ros/humble:/home/jy/catkin_ws/devel:/home/jy/catkin_ws/devel_isolated/wpr_simulation:/home/jy/catkin_ws/devel_isolated/ssr_pkg /usr/bin/cmake --install /home/jy/armordetect/build/armor_detect
[5.584s] Level 1:colcon.colcon_core.environment:create_environment_scripts_only(armor_detect)
[5.585s] Level 1:colcon.colcon_core.environment:checking '/home/jy/armordetect/install/armor_detect' for CMake module files
[5.585s] DEBUG:colcon.colcon_core.event_handler.log_command:Invoked command in '/home/jy/armordetect/build/armor_detect' returned '0': CMAKE_PREFIX_PATH=/home/jy/ws00_helloworld/install/pkg01_helloworld_cpp:/home/jy/ws00_helloworld/install/cpp03_action:/home/jy/ws00_helloworld/install/cpp02_service:/home/jy/ws00_helloworld/install/cpp01_topic:/home/jy/ws00_helloworld/install/base_interfaces_demo:/home/jy/ws00_helloworld/install/py02_service:/home/jy/ws00_helloworld/install/py01_topic:/opt/ros/humble:/home/jy/catkin_ws/devel:/home/jy/catkin_ws/devel_isolated/wpr_simulation:/home/jy/catkin_ws/devel_isolated/ssr_pkg /usr/bin/cmake --install /home/jy/armordetect/build/armor_detect
[5.585s] Level 1:colcon.colcon_core.environment:checking '/home/jy/armordetect/install/armor_detect' for CMake config files
[5.585s] Level 1:colcon.colcon_core.shell:create_environment_hook('armor_detect', 'cmake_prefix_path')
[5.586s] INFO:colcon.colcon_core.shell:Creating environment hook '/home/jy/armordetect/install/armor_detect/share/armor_detect/hook/cmake_prefix_path.ps1'
[5.586s] INFO:colcon.colcon_core.shell:Creating environment descriptor '/home/jy/armordetect/install/armor_detect/share/armor_detect/hook/cmake_prefix_path.dsv'
[5.586s] INFO:colcon.colcon_core.shell:Creating environment hook '/home/jy/armordetect/install/armor_detect/share/armor_detect/hook/cmake_prefix_path.sh'
[5.586s] Level 1:colcon.colcon_core.environment:checking '/home/jy/armordetect/install/armor_detect/lib'
[5.586s] Level 1:colcon.colcon_core.environment:checking '/home/jy/armordetect/install/armor_detect/bin'
[5.586s] Level 1:colcon.colcon_core.environment:checking '/home/jy/armordetect/install/armor_detect/lib/pkgconfig/armor_detect.pc'
[5.586s] Level 1:colcon.colcon_core.environment:checking '/home/jy/armordetect/install/armor_detect/lib/python3.10/site-packages'
[5.587s] Level 1:colcon.colcon_core.environment:checking '/home/jy/armordetect/install/armor_detect/bin'
[5.587s] INFO:colcon.colcon_core.shell:Creating package script '/home/jy/armordetect/install/armor_detect/share/armor_detect/package.ps1'
[5.587s] INFO:colcon.colcon_core.shell:Creating package descriptor '/home/jy/armordetect/install/armor_detect/share/armor_detect/package.dsv'
[5.587s] INFO:colcon.colcon_core.shell:Creating package script '/home/jy/armordetect/install/armor_detect/share/armor_detect/package.sh'
[5.588s] INFO:colcon.colcon_core.shell:Creating package script '/home/jy/armordetect/install/armor_detect/share/armor_detect/package.bash'
[5.588s] INFO:colcon.colcon_core.shell:Creating package script '/home/jy/armordetect/install/armor_detect/share/armor_detect/package.zsh'
[5.588s] Level 1:colcon.colcon_core.environment:create_file_with_runtime_dependencies(/home/jy/armordetect/install/armor_detect/share/colcon-core/packages/armor_detect)
[5.588s] Level 1:colcon.colcon_core.environment:create_environment_scripts_only(armor_detect)
[5.589s] Level 1:colcon.colcon_core.environment:checking '/home/jy/armordetect/install/armor_detect' for CMake module files
[5.589s] Level 1:colcon.colcon_core.environment:checking '/home/jy/armordetect/install/armor_detect' for CMake config files
[5.589s] Level 1:colcon.colcon_core.shell:create_environment_hook('armor_detect', 'cmake_prefix_path')
[5.589s] INFO:colcon.colcon_core.shell:Creating environment hook '/home/jy/armordetect/install/armor_detect/share/armor_detect/hook/cmake_prefix_path.ps1'
[5.589s] INFO:colcon.colcon_core.shell:Creating environment descriptor '/home/jy/armordetect/install/armor_detect/share/armor_detect/hook/cmake_prefix_path.dsv'
[5.589s] INFO:colcon.colcon_core.shell:Creating environment hook '/home/jy/armordetect/install/armor_detect/share/armor_detect/hook/cmake_prefix_path.sh'
[5.589s] Level 1:colcon.colcon_core.environment:checking '/home/jy/armordetect/install/armor_detect/lib'
[5.590s] Level 1:colcon.colcon_core.environment:checking '/home/jy/armordetect/install/armor_detect/bin'
[5.590s] Level 1:colcon.colcon_core.environment:checking '/home/jy/armordetect/install/armor_detect/lib/pkgconfig/armor_detect.pc'
[5.590s] Level 1:colcon.colcon_core.environment:checking '/home/jy/armordetect/install/armor_detect/lib/python3.10/site-packages'
[5.590s] Level 1:colcon.colcon_core.environment:checking '/home/jy/armordetect/install/armor_detect/bin'
[5.590s] INFO:colcon.colcon_core.shell:Creating package script '/home/jy/armordetect/install/armor_detect/share/armor_detect/package.ps1'
[5.590s] INFO:colcon.colcon_core.shell:Creating package descriptor '/home/jy/armordetect/install/armor_detect/share/armor_detect/package.dsv'
[5.590s] INFO:colcon.colcon_core.shell:Creating package script '/home/jy/armordetect/install/armor_detect/share/armor_detect/package.sh'
[5.591s] INFO:colcon.colcon_core.shell:Creating package script '/home/jy/armordetect/install/armor_detect/share/armor_detect/package.bash'
[5.591s] INFO:colcon.colcon_core.shell:Creating package script '/home/jy/armordetect/install/armor_detect/share/armor_detect/package.zsh'
[5.591s] Level 1:colcon.colcon_core.environment:create_file_with_runtime_dependencies(/home/jy/armordetect/install/armor_detect/share/colcon-core/packages/armor_detect)
[5.591s] DEBUG:colcon.colcon_parallel_executor.executor.parallel:closing loop
[5.591s] DEBUG:colcon.colcon_parallel_executor.executor.parallel:loop closed
[5.591s] DEBUG:colcon.colcon_parallel_executor.executor.parallel:run_until_complete finished with '0'
[5.591s] DEBUG:colcon.colcon_core.event_reactor:joining thread
[5.607s] INFO:colcon.colcon_core.plugin_system:Skipping extension 'colcon_notification.desktop_notification.terminal_notifier': Not used on non-Darwin systems
[5.607s] INFO:colcon.colcon_core.plugin_system:Skipping extension 'colcon_notification.desktop_notification.win32': Not used on non-Windows systems
[5.607s] INFO:colcon.colcon_notification.desktop_notification:Sending desktop notification using 'notify2'
[5.623s] DEBUG:colcon.colcon_core.event_reactor:joined thread
[5.623s] INFO:colcon.colcon_core.shell:Creating prefix script '/home/jy/armordetect/install/local_setup.ps1'
[5.624s] INFO:colcon.colcon_core.shell:Creating prefix util module '/home/jy/armordetect/install/_local_setup_util_ps1.py'
[5.625s] INFO:colcon.colcon_core.shell:Creating prefix chain script '/home/jy/armordetect/install/setup.ps1'
[5.627s] INFO:colcon.colcon_core.shell:Creating prefix script '/home/jy/armordetect/install/local_setup.sh'
[5.627s] INFO:colcon.colcon_core.shell:Creating prefix util module '/home/jy/armordetect/install/_local_setup_util_sh.py'
[5.628s] INFO:colcon.colcon_core.shell:Creating prefix chain script '/home/jy/armordetect/install/setup.sh'
[5.629s] INFO:colcon.colcon_core.shell:Creating prefix script '/home/jy/armordetect/install/local_setup.bash'
[5.629s] INFO:colcon.colcon_core.shell:Creating prefix chain script '/home/jy/armordetect/install/setup.bash'
[5.630s] INFO:colcon.colcon_core.shell:Creating prefix script '/home/jy/armordetect/install/local_setup.zsh'
[5.631s] INFO:colcon.colcon_core.shell:Creating prefix chain script '/home/jy/armordetect/install/setup.zsh'
