-- Found ament_cmake: 1.3.12 (/opt/ros/humble/share/ament_cmake/cmake)
-- Found rclcpp: 16.0.15 (/opt/ros/humble/share/rclcpp/cmake)
-- Found rosidl_generator_c: 3.1.7 (/opt/ros/humble/share/rosidl_generator_c/cmake)
-- Found rosidl_adapter: 3.1.7 (/opt/ros/humble/share/rosidl_adapter/cmake)
-- Found rosidl_generator_cpp: 3.1.7 (/opt/ros/humble/share/rosidl_generator_cpp/cmake)
-- Using all available rosidl_typesupport_c: rosidl_typesupport_fastrtps_c;rosidl_typesupport_introspection_c
-- Using all available rosidl_typesupport_cpp: rosidl_typesupport_fastrtps_cpp;rosidl_typesupport_introspection_cpp
-- Found rmw_implementation_cmake: 6.1.2 (/opt/ros/humble/share/rmw_implementation_cmake/cmake)
-- Found rmw_fastrtps_cpp: 6.2.8 (/opt/ros/humble/share/rmw_fastrtps_cpp/cmake)
-- Using RMW implementation 'rmw_fastrtps_cpp' as default
-- Found geometry_msgs: 4.9.0 (/opt/ros/humble/share/geometry_msgs/cmake)
-- Found armor_interfaces: 0.0.0 (/home/jy/armordetect/install/armor_interfaces/share/armor_interfaces/cmake)
-- Found ament_lint_auto: 0.12.14 (/opt/ros/humble/share/ament_lint_auto/cmake)
-- Added test 'cppcheck' to perform static code analysis on C / C++ code
-- Configured cppcheck include dirs: /home/jy/armordetect/src/armor_detect/include
-- Configured cppcheck exclude dirs and/or files: 
-- Added test 'lint_cmake' to check CMake code style
-- Added test 'uncrustify' to check C / C++ code style
-- Configured uncrustify additional arguments: 
-- Added test 'xmllint' to check XML markup files
-- Configuring done
-- Generating done
-- Build files have been written to: /home/jy/armordetect/build/armor_detect
[35m[1mConsolidate compiler generated dependencies of target publisher_node[0m
[35m[1mConsolidate compiler generated dependencies of target subscriber_node[0m
[ 10%] [32mBuilding CXX object CMakeFiles/publisher_node.dir/src/pnp_solver.cpp.o[0m
[ 20%] [32mBuilding CXX object CMakeFiles/publisher_node.dir/src/angle_solver.cpp.o[0m
[ 30%] [32mBuilding CXX object CMakeFiles/subscriber_node.dir/src/armor_detection_subscriber.cpp.o[0m
[ 50%] [32mBuilding CXX object CMakeFiles/publisher_node.dir/src/armor_detector.cpp.o[0m
[ 60%] [32mBuilding CXX object CMakeFiles/subscriber_node.dir/src/subscriber.cpp.o[0m
[ 60%] [32mBuilding CXX object CMakeFiles/publisher_node.dir/src/armor_detection_publisher.cpp.o[0m
[ 70%] [32mBuilding CXX object CMakeFiles/publisher_node.dir/src/camera.cpp.o[0m
[ 80%] [32mBuilding CXX object CMakeFiles/publisher_node.dir/src/publisher.cpp.o[0m
[ 90%] [32m[1mLinking CXX executable publisher_node[0m
[ 90%] Built target publisher_node
[100%] [32m[1mLinking CXX executable subscriber_node[0m
[100%] Built target subscriber_node
-- Install configuration: ""
-- Installing: /home/jy/armordetect/install/armor_detect/lib/armor_detect/publisher_node
-- Set runtime path of "/home/jy/armordetect/install/armor_detect/lib/armor_detect/publisher_node" to ""
-- Installing: /home/jy/armordetect/install/armor_detect/lib/armor_detect/subscriber_node
-- Set runtime path of "/home/jy/armordetect/install/armor_detect/lib/armor_detect/subscriber_node" to ""
-- Up-to-date: /home/jy/armordetect/install/armor_detect/share/ament_index/resource_index/package_run_dependencies/armor_detect
-- Installing: /home/jy/armordetect/install/armor_detect/share/ament_index/resource_index/parent_prefix_path/armor_detect
-- Up-to-date: /home/jy/armordetect/install/armor_detect/share/armor_detect/environment/ament_prefix_path.sh
-- Installing: /home/jy/armordetect/install/armor_detect/share/armor_detect/environment/ament_prefix_path.dsv
-- Up-to-date: /home/jy/armordetect/install/armor_detect/share/armor_detect/environment/path.sh
-- Installing: /home/jy/armordetect/install/armor_detect/share/armor_detect/environment/path.dsv
-- Up-to-date: /home/jy/armordetect/install/armor_detect/share/armor_detect/local_setup.bash
-- Up-to-date: /home/jy/armordetect/install/armor_detect/share/armor_detect/local_setup.sh
-- Up-to-date: /home/jy/armordetect/install/armor_detect/share/armor_detect/local_setup.zsh
-- Installing: /home/jy/armordetect/install/armor_detect/share/armor_detect/local_setup.dsv
-- Installing: /home/jy/armordetect/install/armor_detect/share/armor_detect/package.dsv
-- Up-to-date: /home/jy/armordetect/install/armor_detect/share/ament_index/resource_index/packages/armor_detect
-- Up-to-date: /home/jy/armordetect/install/armor_detect/share/armor_detect/cmake/armor_detectConfig.cmake
-- Up-to-date: /home/jy/armordetect/install/armor_detect/share/armor_detect/cmake/armor_detectConfig-version.cmake
-- Installing: /home/jy/armordetect/install/armor_detect/share/armor_detect/package.xml
