[0.061s] DEBUG:colcon:Command line arguments: ['/usr/bin/colcon', 'build', '--packages-select', 'armor_detect']
[0.061s] DEBUG:colcon:Parsed command line arguments: Namespace(log_base=None, log_level=None, verb_name='build', build_base='build', install_base='install', merge_install=False, symlink_install=False, test_result_base=None, continue_on_error=False, executor='parallel', parallel_workers=16, event_handlers=None, ignore_user_meta=False, metas=['./colcon.meta'], base_paths=['.'], packages_ignore=None, packages_ignore_regex=None, paths=None, packages_up_to=None, packages_up_to_regex=None, packages_above=None, packages_above_and_dependencies=None, packages_above_depth=None, packages_select_by_dep=None, packages_skip_by_dep=None, packages_skip_up_to=None, packages_select_build_failed=False, packages_skip_build_finished=False, packages_select_test_failures=False, packages_skip_test_passed=False, packages_select=['armor_detect'], packages_skip=None, packages_select_regex=None, packages_skip_regex=None, packages_start=None, packages_end=None, allow_overriding=[], cmake_args=None, cmake_target=None, cmake_target_skip_unavailable=False, cmake_clean_cache=False, cmake_clean_first=False, cmake_force_configure=False, ament_cmake_args=None, catkin_cmake_args=None, catkin_skip_building_tests=False, verb_parser=<colcon_defaults.argument_parser.defaults.DefaultArgumentsDecorator object at 0x7011c231b5b0>, verb_extension=<colcon_core.verb.build.BuildVerb object at 0x7011c249c910>, main=<bound method BuildVerb.main of <colcon_core.verb.build.BuildVerb object at 0x7011c249c910>>)
[0.080s] Level 1:colcon.colcon_core.package_discovery:discover_packages(colcon_meta) check parameters
[0.080s] Level 1:colcon.colcon_core.package_discovery:discover_packages(recursive) check parameters
[0.080s] Level 1:colcon.colcon_core.package_discovery:discover_packages(ignore) check parameters
[0.080s] Level 1:colcon.colcon_core.package_discovery:discover_packages(path) check parameters
[0.080s] Level 1:colcon.colcon_core.package_discovery:discover_packages(colcon_meta) discover
[0.081s] Level 1:colcon.colcon_core.package_discovery:discover_packages(recursive) discover
[0.081s] INFO:colcon.colcon_core.package_discovery:Crawling recursively for packages in '/home/jy/armordetect'
[0.081s] Level 1:colcon.colcon_core.package_identification:_identify(.) by extensions ['ignore', 'ignore_ament_install']
[0.081s] Level 1:colcon.colcon_core.package_identification:_identify(.) by extension 'ignore'
[0.081s] Level 1:colcon.colcon_core.package_identification:_identify(.) by extension 'ignore_ament_install'
[0.081s] Level 1:colcon.colcon_core.package_identification:_identify(.) by extensions ['colcon_pkg']
[0.081s] Level 1:colcon.colcon_core.package_identification:_identify(.) by extension 'colcon_pkg'
[0.081s] Level 1:colcon.colcon_core.package_identification:_identify(.) by extensions ['colcon_meta']
[0.081s] Level 1:colcon.colcon_core.package_identification:_identify(.) by extension 'colcon_meta'
[0.081s] Level 1:colcon.colcon_core.package_identification:_identify(.) by extensions ['ros']
[0.081s] Level 1:colcon.colcon_core.package_identification:_identify(.) by extension 'ros'
[0.089s] Level 1:colcon.colcon_core.package_identification:_identify(.) by extensions ['cmake', 'python']
[0.089s] Level 1:colcon.colcon_core.package_identification:_identify(.) by extension 'cmake'
[0.089s] Level 1:colcon.colcon_core.package_identification:_identify(.) by extension 'python'
[0.089s] Level 1:colcon.colcon_core.package_identification:_identify(.) by extensions ['python_setup_py']
[0.089s] Level 1:colcon.colcon_core.package_identification:_identify(.) by extension 'python_setup_py'
[0.089s] Level 1:colcon.colcon_core.package_identification:_identify(build) by extensions ['ignore', 'ignore_ament_install']
[0.089s] Level 1:colcon.colcon_core.package_identification:_identify(build) by extension 'ignore'
[0.089s] Level 1:colcon.colcon_core.package_identification:_identify(build) ignored
[0.089s] Level 1:colcon.colcon_core.package_identification:_identify(install) by extensions ['ignore', 'ignore_ament_install']
[0.089s] Level 1:colcon.colcon_core.package_identification:_identify(install) by extension 'ignore'
[0.089s] Level 1:colcon.colcon_core.package_identification:_identify(install) ignored
[0.090s] Level 1:colcon.colcon_core.package_identification:_identify(log) by extensions ['ignore', 'ignore_ament_install']
[0.090s] Level 1:colcon.colcon_core.package_identification:_identify(log) by extension 'ignore'
[0.090s] Level 1:colcon.colcon_core.package_identification:_identify(log) ignored
[0.090s] Level 1:colcon.colcon_core.package_identification:_identify(rosbag2_2025_11_02-21_42_12) by extensions ['ignore', 'ignore_ament_install']
[0.090s] Level 1:colcon.colcon_core.package_identification:_identify(rosbag2_2025_11_02-21_42_12) by extension 'ignore'
[0.090s] Level 1:colcon.colcon_core.package_identification:_identify(rosbag2_2025_11_02-21_42_12) by extension 'ignore_ament_install'
[0.090s] Level 1:colcon.colcon_core.package_identification:_identify(rosbag2_2025_11_02-21_42_12) by extensions ['colcon_pkg']
[0.090s] Level 1:colcon.colcon_core.package_identification:_identify(rosbag2_2025_11_02-21_42_12) by extension 'colcon_pkg'
[0.090s] Level 1:colcon.colcon_core.package_identification:_identify(rosbag2_2025_11_02-21_42_12) by extensions ['colcon_meta']
[0.090s] Level 1:colcon.colcon_core.package_identification:_identify(rosbag2_2025_11_02-21_42_12) by extension 'colcon_meta'
[0.090s] Level 1:colcon.colcon_core.package_identification:_identify(rosbag2_2025_11_02-21_42_12) by extensions ['ros']
[0.090s] Level 1:colcon.colcon_core.package_identification:_identify(rosbag2_2025_11_02-21_42_12) by extension 'ros'
[0.090s] Level 1:colcon.colcon_core.package_identification:_identify(rosbag2_2025_11_02-21_42_12) by extensions ['cmake', 'python']
[0.090s] Level 1:colcon.colcon_core.package_identification:_identify(rosbag2_2025_11_02-21_42_12) by extension 'cmake'
[0.090s] Level 1:colcon.colcon_core.package_identification:_identify(rosbag2_2025_11_02-21_42_12) by extension 'python'
[0.090s] Level 1:colcon.colcon_core.package_identification:_identify(rosbag2_2025_11_02-21_42_12) by extensions ['python_setup_py']
[0.090s] Level 1:colcon.colcon_core.package_identification:_identify(rosbag2_2025_11_02-21_42_12) by extension 'python_setup_py'
[0.090s] Level 1:colcon.colcon_core.package_identification:_identify(src) by extensions ['ignore', 'ignore_ament_install']
[0.090s] Level 1:colcon.colcon_core.package_identification:_identify(src) by extension 'ignore'
[0.090s] Level 1:colcon.colcon_core.package_identification:_identify(src) by extension 'ignore_ament_install'
[0.090s] Level 1:colcon.colcon_core.package_identification:_identify(src) by extensions ['colcon_pkg']
[0.090s] Level 1:colcon.colcon_core.package_identification:_identify(src) by extension 'colcon_pkg'
[0.090s] Level 1:colcon.colcon_core.package_identification:_identify(src) by extensions ['colcon_meta']
[0.090s] Level 1:colcon.colcon_core.package_identification:_identify(src) by extension 'colcon_meta'
[0.090s] Level 1:colcon.colcon_core.package_identification:_identify(src) by extensions ['ros']
[0.090s] Level 1:colcon.colcon_core.package_identification:_identify(src) by extension 'ros'
[0.090s] Level 1:colcon.colcon_core.package_identification:_identify(src) by extensions ['cmake', 'python']
[0.090s] Level 1:colcon.colcon_core.package_identification:_identify(src) by extension 'cmake'
[0.090s] Level 1:colcon.colcon_core.package_identification:_identify(src) by extension 'python'
[0.090s] Level 1:colcon.colcon_core.package_identification:_identify(src) by extensions ['python_setup_py']
[0.090s] Level 1:colcon.colcon_core.package_identification:_identify(src) by extension 'python_setup_py'
[0.090s] Level 1:colcon.colcon_core.package_identification:_identify(src/armor_detect) by extensions ['ignore', 'ignore_ament_install']
[0.090s] Level 1:colcon.colcon_core.package_identification:_identify(src/armor_detect) by extension 'ignore'
[0.090s] Level 1:colcon.colcon_core.package_identification:_identify(src/armor_detect) by extension 'ignore_ament_install'
[0.090s] Level 1:colcon.colcon_core.package_identification:_identify(src/armor_detect) by extensions ['colcon_pkg']
[0.090s] Level 1:colcon.colcon_core.package_identification:_identify(src/armor_detect) by extension 'colcon_pkg'
[0.090s] Level 1:colcon.colcon_core.package_identification:_identify(src/armor_detect) by extensions ['colcon_meta']
[0.090s] Level 1:colcon.colcon_core.package_identification:_identify(src/armor_detect) by extension 'colcon_meta'
[0.090s] Level 1:colcon.colcon_core.package_identification:_identify(src/armor_detect) by extensions ['ros']
[0.090s] Level 1:colcon.colcon_core.package_identification:_identify(src/armor_detect) by extension 'ros'
[0.092s] DEBUG:colcon.colcon_core.package_identification:Package 'src/armor_detect' with type 'ros.ament_cmake' and name 'armor_detect'
[0.092s] Level 1:colcon.colcon_core.package_identification:_identify(src/armor_interfaces) by extensions ['ignore', 'ignore_ament_install']
[0.092s] Level 1:colcon.colcon_core.package_identification:_identify(src/armor_interfaces) by extension 'ignore'
[0.092s] Level 1:colcon.colcon_core.package_identification:_identify(src/armor_interfaces) by extension 'ignore_ament_install'
[0.092s] Level 1:colcon.colcon_core.package_identification:_identify(src/armor_interfaces) by extensions ['colcon_pkg']
[0.092s] Level 1:colcon.colcon_core.package_identification:_identify(src/armor_interfaces) by extension 'colcon_pkg'
[0.092s] Level 1:colcon.colcon_core.package_identification:_identify(src/armor_interfaces) by extensions ['colcon_meta']
[0.092s] Level 1:colcon.colcon_core.package_identification:_identify(src/armor_interfaces) by extension 'colcon_meta'
[0.092s] Level 1:colcon.colcon_core.package_identification:_identify(src/armor_interfaces) by extensions ['ros']
[0.092s] Level 1:colcon.colcon_core.package_identification:_identify(src/armor_interfaces) by extension 'ros'
[0.092s] DEBUG:colcon.colcon_core.package_identification:Package 'src/armor_interfaces' with type 'ros.ament_cmake' and name 'armor_interfaces'
[0.092s] Level 1:colcon.colcon_core.package_identification:_identify(src/slam_toolbox) by extensions ['ignore', 'ignore_ament_install']
[0.092s] Level 1:colcon.colcon_core.package_identification:_identify(src/slam_toolbox) by extension 'ignore'
[0.092s] Level 1:colcon.colcon_core.package_identification:_identify(src/slam_toolbox) by extension 'ignore_ament_install'
[0.092s] Level 1:colcon.colcon_core.package_identification:_identify(src/slam_toolbox) by extensions ['colcon_pkg']
[0.092s] Level 1:colcon.colcon_core.package_identification:_identify(src/slam_toolbox) by extension 'colcon_pkg'
[0.092s] Level 1:colcon.colcon_core.package_identification:_identify(src/slam_toolbox) by extensions ['colcon_meta']
[0.092s] Level 1:colcon.colcon_core.package_identification:_identify(src/slam_toolbox) by extension 'colcon_meta'
[0.092s] Level 1:colcon.colcon_core.package_identification:_identify(src/slam_toolbox) by extensions ['ros']
[0.092s] Level 1:colcon.colcon_core.package_identification:_identify(src/slam_toolbox) by extension 'ros'
[0.093s] DEBUG:colcon.colcon_core.package_identification:Package 'src/slam_toolbox' with type 'ros.ament_cmake' and name 'slam_toolbox'
[0.093s] Level 1:colcon.colcon_core.package_discovery:discover_packages(recursive) using defaults
[0.093s] Level 1:colcon.colcon_core.package_discovery:discover_packages(ignore) discover
[0.093s] Level 1:colcon.colcon_core.package_discovery:discover_packages(ignore) using defaults
[0.093s] Level 1:colcon.colcon_core.package_discovery:discover_packages(path) discover
[0.093s] Level 1:colcon.colcon_core.package_discovery:discover_packages(path) using defaults
[0.105s] INFO:colcon.colcon_core.package_selection:Skipping not selected package 'armor_interfaces' in 'src/armor_interfaces'
[0.105s] INFO:colcon.colcon_core.package_selection:Skipping not selected package 'slam_toolbox' in 'src/slam_toolbox'
[0.105s] Level 1:colcon.colcon_core.package_discovery:discover_packages(prefix_path) check parameters
[0.105s] Level 1:colcon.colcon_core.package_discovery:discover_packages(prefix_path) discover
[0.106s] DEBUG:colcon.colcon_installed_package_information.package_discovery:Found 1 installed packages in /home/jy/armordetect/install
[0.106s] DEBUG:colcon.colcon_installed_package_information.package_discovery:Found 7 installed packages in /home/jy/ws00_helloworld/install
[0.107s] DEBUG:colcon.colcon_installed_package_information.package_discovery:Found 455 installed packages in /opt/ros/humble
[0.108s] Level 1:colcon.colcon_core.package_discovery:discover_packages(prefix_path) using defaults
[0.134s] Level 5:colcon.colcon_core.verb:set package 'armor_detect' build argument 'cmake_args' from command line to 'None'
[0.134s] Level 5:colcon.colcon_core.verb:set package 'armor_detect' build argument 'cmake_target' from command line to 'None'
[0.134s] Level 5:colcon.colcon_core.verb:set package 'armor_detect' build argument 'cmake_target_skip_unavailable' from command line to 'False'
[0.134s] Level 5:colcon.colcon_core.verb:set package 'armor_detect' build argument 'cmake_clean_cache' from command line to 'False'
[0.134s] Level 5:colcon.colcon_core.verb:set package 'armor_detect' build argument 'cmake_clean_first' from command line to 'False'
[0.134s] Level 5:colcon.colcon_core.verb:set package 'armor_detect' build argument 'cmake_force_configure' from command line to 'False'
[0.134s] Level 5:colcon.colcon_core.verb:set package 'armor_detect' build argument 'ament_cmake_args' from command line to 'None'
[0.134s] Level 5:colcon.colcon_core.verb:set package 'armor_detect' build argument 'catkin_cmake_args' from command line to 'None'
[0.134s] Level 5:colcon.colcon_core.verb:set package 'armor_detect' build argument 'catkin_skip_building_tests' from command line to 'False'
[0.134s] DEBUG:colcon.colcon_core.verb:Building package 'armor_detect' with the following arguments: {'ament_cmake_args': None, 'build_base': '/home/jy/armordetect/build/armor_detect', 'catkin_cmake_args': None, 'catkin_skip_building_tests': False, 'cmake_args': None, 'cmake_clean_cache': False, 'cmake_clean_first': False, 'cmake_force_configure': False, 'cmake_target': None, 'cmake_target_skip_unavailable': False, 'install_base': '/home/jy/armordetect/install/armor_detect', 'merge_install': False, 'path': '/home/jy/armordetect/src/armor_detect', 'symlink_install': False, 'test_result_base': None}
[0.135s] INFO:colcon.colcon_core.executor:Executing jobs using 'parallel' executor
[0.135s] DEBUG:colcon.colcon_parallel_executor.executor.parallel:run_until_complete
[0.135s] INFO:colcon.colcon_ros.task.ament_cmake.build:Building ROS package in '/home/jy/armordetect/src/armor_detect' with build type 'ament_cmake'
[0.135s] INFO:colcon.colcon_cmake.task.cmake.build:Building CMake package in '/home/jy/armordetect/src/armor_detect'
[0.137s] INFO:colcon.colcon_core.plugin_system:Skipping extension 'colcon_core.shell.bat': Not used on non-Windows systems
[0.137s] INFO:colcon.colcon_core.shell:Skip shell extension 'powershell' for command environment: Not usable outside of PowerShell
[0.137s] DEBUG:colcon.colcon_core.shell:Skip shell extension 'dsv' for command environment
[0.138s] DEBUG:colcon.colcon_core.shell:Ignoring prefix path '/home/jy/catkin_ws/devel'
[0.138s] DEBUG:colcon.colcon_core.shell:Ignoring prefix path '/home/jy/catkin_ws/devel_isolated/wpr_simulation'
[0.139s] DEBUG:colcon.colcon_core.shell:Ignoring prefix path '/home/jy/catkin_ws/devel_isolated/ssr_pkg'
[0.144s] DEBUG:colcon.colcon_core.event_handler.log_command:Invoking command in '/home/jy/armordetect/build/armor_detect': CMAKE_PREFIX_PATH=/home/jy/armordetect/install/armor_interfaces:/home/jy/ws00_helloworld/install/pkg01_helloworld_cpp:/home/jy/ws00_helloworld/install/cpp03_action:/home/jy/ws00_helloworld/install/cpp02_service:/home/jy/ws00_helloworld/install/cpp01_topic:/home/jy/ws00_helloworld/install/base_interfaces_demo:/home/jy/ws00_helloworld/install/py02_service:/home/jy/ws00_helloworld/install/py01_topic:/opt/ros/humble:/home/jy/catkin_ws/devel:/home/jy/catkin_ws/devel_isolated/wpr_simulation:/home/jy/catkin_ws/devel_isolated/ssr_pkg /usr/bin/cmake /home/jy/armordetect/src/armor_detect -DCMAKE_INSTALL_PREFIX=/home/jy/armordetect/install/armor_detect
[1.142s] DEBUG:colcon.colcon_core.event_handler.log_command:Invoked command in '/home/jy/armordetect/build/armor_detect' returned '0': CMAKE_PREFIX_PATH=/home/jy/armordetect/install/armor_interfaces:/home/jy/ws00_helloworld/install/pkg01_helloworld_cpp:/home/jy/ws00_helloworld/install/cpp03_action:/home/jy/ws00_helloworld/install/cpp02_service:/home/jy/ws00_helloworld/install/cpp01_topic:/home/jy/ws00_helloworld/install/base_interfaces_demo:/home/jy/ws00_helloworld/install/py02_service:/home/jy/ws00_helloworld/install/py01_topic:/opt/ros/humble:/home/jy/catkin_ws/devel:/home/jy/catkin_ws/devel_isolated/wpr_simulation:/home/jy/catkin_ws/devel_isolated/ssr_pkg /usr/bin/cmake /home/jy/armordetect/src/armor_detect -DCMAKE_INSTALL_PREFIX=/home/jy/armordetect/install/armor_detect
[1.144s] DEBUG:colcon.colcon_core.event_handler.log_command:Invoking command in '/home/jy/armordetect/build/armor_detect': CMAKE_PREFIX_PATH=/home/jy/armordetect/install/armor_interfaces:/home/jy/ws00_helloworld/install/pkg01_helloworld_cpp:/home/jy/ws00_helloworld/install/cpp03_action:/home/jy/ws00_helloworld/install/cpp02_service:/home/jy/ws00_helloworld/install/cpp01_topic:/home/jy/ws00_helloworld/install/base_interfaces_demo:/home/jy/ws00_helloworld/install/py02_service:/home/jy/ws00_helloworld/install/py01_topic:/opt/ros/humble:/home/jy/catkin_ws/devel:/home/jy/catkin_ws/devel_isolated/wpr_simulation:/home/jy/catkin_ws/devel_isolated/ssr_pkg /usr/bin/cmake --build /home/jy/armordetect/build/armor_detect -- -j16 -l16
[6.151s] DEBUG:colcon.colcon_core.event_handler.log_command:Invoked command in '/home/jy/armordetect/build/armor_detect' returned '0': CMAKE_PREFIX_PATH=/home/jy/armordetect/install/armor_interfaces:/home/jy/ws00_helloworld/install/pkg01_helloworld_cpp:/home/jy/ws00_helloworld/install/cpp03_action:/home/jy/ws00_helloworld/install/cpp02_service:/home/jy/ws00_helloworld/install/cpp01_topic:/home/jy/ws00_helloworld/install/base_interfaces_demo:/home/jy/ws00_helloworld/install/py02_service:/home/jy/ws00_helloworld/install/py01_topic:/opt/ros/humble:/home/jy/catkin_ws/devel:/home/jy/catkin_ws/devel_isolated/wpr_simulation:/home/jy/catkin_ws/devel_isolated/ssr_pkg /usr/bin/cmake --build /home/jy/armordetect/build/armor_detect -- -j16 -l16
[6.157s] DEBUG:colcon.colcon_core.event_handler.log_command:Invoking command in '/home/jy/armordetect/build/armor_detect': CMAKE_PREFIX_PATH=/home/jy/armordetect/install/armor_interfaces:/home/jy/ws00_helloworld/install/pkg01_helloworld_cpp:/home/jy/ws00_helloworld/install/cpp03_action:/home/jy/ws00_helloworld/install/cpp02_service:/home/jy/ws00_helloworld/install/cpp01_topic:/home/jy/ws00_helloworld/install/base_interfaces_demo:/home/jy/ws00_helloworld/install/py02_service:/home/jy/ws00_helloworld/install/py01_topic:/opt/ros/humble:/home/jy/catkin_ws/devel:/home/jy/catkin_ws/devel_isolated/wpr_simulation:/home/jy/catkin_ws/devel_isolated/ssr_pkg /usr/bin/cmake --install /home/jy/armordetect/build/armor_detect
[6.168s] Level 1:colcon.colcon_core.environment:create_environment_scripts_only(armor_detect)
[6.168s] DEBUG:colcon.colcon_core.event_handler.log_command:Invoked command in '/home/jy/armordetect/build/armor_detect' returned '0': CMAKE_PREFIX_PATH=/home/jy/armordetect/install/armor_interfaces:/home/jy/ws00_helloworld/install/pkg01_helloworld_cpp:/home/jy/ws00_helloworld/install/cpp03_action:/home/jy/ws00_helloworld/install/cpp02_service:/home/jy/ws00_helloworld/install/cpp01_topic:/home/jy/ws00_helloworld/install/base_interfaces_demo:/home/jy/ws00_helloworld/install/py02_service:/home/jy/ws00_helloworld/install/py01_topic:/opt/ros/humble:/home/jy/catkin_ws/devel:/home/jy/catkin_ws/devel_isolated/wpr_simulation:/home/jy/catkin_ws/devel_isolated/ssr_pkg /usr/bin/cmake --install /home/jy/armordetect/build/armor_detect
[6.170s] Level 1:colcon.colcon_core.environment:checking '/home/jy/armordetect/install/armor_detect' for CMake module files
[6.170s] Level 1:colcon.colcon_core.environment:checking '/home/jy/armordetect/install/armor_detect' for CMake config files
[6.170s] Level 1:colcon.colcon_core.shell:create_environment_hook('armor_detect', 'cmake_prefix_path')
[6.170s] INFO:colcon.colcon_core.shell:Creating environment hook '/home/jy/armordetect/install/armor_detect/share/armor_detect/hook/cmake_prefix_path.ps1'
[6.171s] INFO:colcon.colcon_core.shell:Creating environment descriptor '/home/jy/armordetect/install/armor_detect/share/armor_detect/hook/cmake_prefix_path.dsv'
[6.171s] INFO:colcon.colcon_core.shell:Creating environment hook '/home/jy/armordetect/install/armor_detect/share/armor_detect/hook/cmake_prefix_path.sh'
[6.171s] Level 1:colcon.colcon_core.environment:checking '/home/jy/armordetect/install/armor_detect/lib'
[6.172s] Level 1:colcon.colcon_core.environment:checking '/home/jy/armordetect/install/armor_detect/bin'
[6.172s] Level 1:colcon.colcon_core.environment:checking '/home/jy/armordetect/install/armor_detect/lib/pkgconfig/armor_detect.pc'
[6.172s] Level 1:colcon.colcon_core.environment:checking '/home/jy/armordetect/install/armor_detect/lib/python3.10/site-packages'
[6.172s] Level 1:colcon.colcon_core.environment:checking '/home/jy/armordetect/install/armor_detect/bin'
[6.172s] INFO:colcon.colcon_core.shell:Creating package script '/home/jy/armordetect/install/armor_detect/share/armor_detect/package.ps1'
[6.173s] INFO:colcon.colcon_core.shell:Creating package descriptor '/home/jy/armordetect/install/armor_detect/share/armor_detect/package.dsv'
[6.174s] INFO:colcon.colcon_core.shell:Creating package script '/home/jy/armordetect/install/armor_detect/share/armor_detect/package.sh'
[6.174s] INFO:colcon.colcon_core.shell:Creating package script '/home/jy/armordetect/install/armor_detect/share/armor_detect/package.bash'
[6.175s] INFO:colcon.colcon_core.shell:Creating package script '/home/jy/armordetect/install/armor_detect/share/armor_detect/package.zsh'
[6.175s] Level 1:colcon.colcon_core.environment:create_file_with_runtime_dependencies(/home/jy/armordetect/install/armor_detect/share/colcon-core/packages/armor_detect)
[6.176s] Level 1:colcon.colcon_core.environment:create_environment_scripts_only(armor_detect)
[6.176s] Level 1:colcon.colcon_core.environment:checking '/home/jy/armordetect/install/armor_detect' for CMake module files
[6.176s] Level 1:colcon.colcon_core.environment:checking '/home/jy/armordetect/install/armor_detect' for CMake config files
[6.176s] Level 1:colcon.colcon_core.shell:create_environment_hook('armor_detect', 'cmake_prefix_path')
[6.177s] INFO:colcon.colcon_core.shell:Creating environment hook '/home/jy/armordetect/install/armor_detect/share/armor_detect/hook/cmake_prefix_path.ps1'
[6.177s] INFO:colcon.colcon_core.shell:Creating environment descriptor '/home/jy/armordetect/install/armor_detect/share/armor_detect/hook/cmake_prefix_path.dsv'
[6.177s] INFO:colcon.colcon_core.shell:Creating environment hook '/home/jy/armordetect/install/armor_detect/share/armor_detect/hook/cmake_prefix_path.sh'
[6.178s] Level 1:colcon.colcon_core.environment:checking '/home/jy/armordetect/install/armor_detect/lib'
[6.178s] Level 1:colcon.colcon_core.environment:checking '/home/jy/armordetect/install/armor_detect/bin'
[6.178s] Level 1:colcon.colcon_core.environment:checking '/home/jy/armordetect/install/armor_detect/lib/pkgconfig/armor_detect.pc'
[6.178s] Level 1:colcon.colcon_core.environment:checking '/home/jy/armordetect/install/armor_detect/lib/python3.10/site-packages'
[6.178s] Level 1:colcon.colcon_core.environment:checking '/home/jy/armordetect/install/armor_detect/bin'
[6.178s] INFO:colcon.colcon_core.shell:Creating package script '/home/jy/armordetect/install/armor_detect/share/armor_detect/package.ps1'
[6.179s] INFO:colcon.colcon_core.shell:Creating package descriptor '/home/jy/armordetect/install/armor_detect/share/armor_detect/package.dsv'
[6.179s] INFO:colcon.colcon_core.shell:Creating package script '/home/jy/armordetect/install/armor_detect/share/armor_detect/package.sh'
[6.185s] INFO:colcon.colcon_core.shell:Creating package script '/home/jy/armordetect/install/armor_detect/share/armor_detect/package.bash'
[6.186s] INFO:colcon.colcon_core.shell:Creating package script '/home/jy/armordetect/install/armor_detect/share/armor_detect/package.zsh'
[6.186s] Level 1:colcon.colcon_core.environment:create_file_with_runtime_dependencies(/home/jy/armordetect/install/armor_detect/share/colcon-core/packages/armor_detect)
[6.186s] DEBUG:colcon.colcon_parallel_executor.executor.parallel:closing loop
[6.186s] DEBUG:colcon.colcon_parallel_executor.executor.parallel:loop closed
[6.186s] DEBUG:colcon.colcon_parallel_executor.executor.parallel:run_until_complete finished with '0'
[6.186s] DEBUG:colcon.colcon_core.event_reactor:joining thread
[6.189s] INFO:colcon.colcon_core.plugin_system:Skipping extension 'colcon_notification.desktop_notification.terminal_notifier': Not used on non-Darwin systems
[6.189s] INFO:colcon.colcon_core.plugin_system:Skipping extension 'colcon_notification.desktop_notification.win32': Not used on non-Windows systems
[6.189s] INFO:colcon.colcon_notification.desktop_notification:Sending desktop notification using 'notify2'
[6.196s] DEBUG:colcon.colcon_core.event_reactor:joined thread
[6.197s] INFO:colcon.colcon_core.shell:Creating prefix script '/home/jy/armordetect/install/local_setup.ps1'
[6.197s] INFO:colcon.colcon_core.shell:Creating prefix util module '/home/jy/armordetect/install/_local_setup_util_ps1.py'
[6.198s] INFO:colcon.colcon_core.shell:Creating prefix chain script '/home/jy/armordetect/install/setup.ps1'
[6.199s] INFO:colcon.colcon_core.shell:Creating prefix script '/home/jy/armordetect/install/local_setup.sh'
[6.199s] INFO:colcon.colcon_core.shell:Creating prefix util module '/home/jy/armordetect/install/_local_setup_util_sh.py'
[6.199s] INFO:colcon.colcon_core.shell:Creating prefix chain script '/home/jy/armordetect/install/setup.sh'
[6.200s] INFO:colcon.colcon_core.shell:Creating prefix script '/home/jy/armordetect/install/local_setup.bash'
[6.200s] INFO:colcon.colcon_core.shell:Creating prefix chain script '/home/jy/armordetect/install/setup.bash'
[6.201s] INFO:colcon.colcon_core.shell:Creating prefix script '/home/jy/armordetect/install/local_setup.zsh'
[6.201s] INFO:colcon.colcon_core.shell:Creating prefix chain script '/home/jy/armordetect/install/setup.zsh'
