[0.009s] Invoking command in '/home/jy/armordetect/build/slam_toolbox': CMAKE_PREFIX_PATH=/home/jy/ws00_helloworld/install/pkg01_helloworld_cpp:/home/jy/ws00_helloworld/install/cpp03_action:/home/jy/ws00_helloworld/install/cpp02_service:/home/jy/ws00_helloworld/install/cpp01_topic:/home/jy/ws00_helloworld/install/base_interfaces_demo:/home/jy/ws00_helloworld/install/py02_service:/home/jy/ws00_helloworld/install/py01_topic:/opt/ros/humble:/home/jy/catkin_ws/devel:/home/jy/catkin_ws/devel_isolated/wpr_simulation:/home/jy/catkin_ws/devel_isolated/ssr_pkg /usr/bin/cmake --build /home/jy/armordetect/build/slam_toolbox -- -j16 -l16
[0.047s] [35m[1mConsolidate compiler generated dependencies of target kartoSlamToolbox[0m
[0.047s] [35m[1mConsolidate compiler generated dependencies of target slam_toolbox__rosidl_generator_c[0m
[0.054s] [  1%] Built target slam_toolbox__cpp
[0.059s] [  1%] Built target ament_cmake_python_copy_slam_toolbox
[0.060s] [ 10%] Built target slam_toolbox__rosidl_generator_c
[0.064s] [35m[1mConsolidate compiler generated dependencies of target slam_toolbox__rosidl_typesupport_introspection_cpp[0m
[0.065s] [35m[1mConsolidate compiler generated dependencies of target slam_toolbox__rosidl_typesupport_fastrtps_cpp[0m
[0.065s] [35m[1mConsolidate compiler generated dependencies of target slam_toolbox__rosidl_typesupport_cpp[0m
[0.067s] [ 12%] Built target kartoSlamToolbox
[0.071s] [35m[1mConsolidate compiler generated dependencies of target slam_toolbox__rosidl_typesupport_c[0m
[0.072s] [35m[1mConsolidate compiler generated dependencies of target slam_toolbox__rosidl_typesupport_fastrtps_c[0m
[0.072s] [35m[1mConsolidate compiler generated dependencies of target slam_toolbox__rosidl_typesupport_introspection_c[0m
[0.080s] [ 20%] Built target slam_toolbox__rosidl_typesupport_cpp
[0.081s] [ 28%] Built target slam_toolbox__rosidl_typesupport_introspection_cpp
[0.082s] [ 37%] Built target slam_toolbox__rosidl_typesupport_fastrtps_cpp
[0.083s] [ 45%] Built target slam_toolbox__rosidl_typesupport_c
[0.086s] [ 53%] Built target slam_toolbox__rosidl_typesupport_introspection_c
[0.089s] [ 62%] Built target slam_toolbox__rosidl_typesupport_fastrtps_c
[0.090s] [35m[1mConsolidate compiler generated dependencies of target SlamToolboxPlugin[0m
[0.091s] [35m[1mConsolidate compiler generated dependencies of target ceres_solver_plugin[0m
[0.095s] [35m[1mConsolidate compiler generated dependencies of target toolbox_common[0m
[0.102s] [ 62%] Built target slam_toolbox
[0.108s] [ 64%] Built target SlamToolboxPlugin
[0.110s] [ 66%] Built target ceres_solver_plugin
[0.114s] [ 66%] Built target slam_toolbox__py
[0.123s] [35m[1mConsolidate compiler generated dependencies of target slam_toolbox__rosidl_generator_py[0m
[0.123s] [ 71%] Built target toolbox_common
[0.131s] [35m[1mConsolidate compiler generated dependencies of target sync_slam_toolbox[0m
[0.131s] [35m[1mConsolidate compiler generated dependencies of target localization_slam_toolbox[0m
[0.131s] [35m[1mConsolidate compiler generated dependencies of target async_slam_toolbox[0m
[0.131s] [35m[1mConsolidate compiler generated dependencies of target lifelong_slam_toolbox[0m
[0.134s] [35m[1mConsolidate compiler generated dependencies of target merge_maps_kinematic[0m
[0.135s] [ 79%] Built target slam_toolbox__rosidl_generator_py
[0.142s] [35m[1mConsolidate compiler generated dependencies of target slam_toolbox__rosidl_typesupport_fastrtps_c__pyext[0m
[0.142s] [35m[1mConsolidate compiler generated dependencies of target slam_toolbox__rosidl_typesupport_c__pyext[0m
[0.142s] [35m[1mConsolidate compiler generated dependencies of target slam_toolbox__rosidl_typesupport_introspection_c__pyext[0m
[0.150s] [ 83%] Built target slam_toolbox__rosidl_typesupport_c__pyext
[0.150s] [ 85%] Built target async_slam_toolbox
[0.150s] [ 85%] Built target slam_toolbox__rosidl_typesupport_introspection_c__pyext
[0.150s] [ 86%] Built target slam_toolbox__rosidl_typesupport_fastrtps_c__pyext
[0.150s] [ 87%] Built target lifelong_slam_toolbox
[0.154s] [ 90%] Built target localization_slam_toolbox
[0.154s] [ 90%] Built target sync_slam_toolbox
[0.158s] [35m[1mConsolidate compiler generated dependencies of target async_slam_toolbox_node[0m
[0.160s] [ 92%] Built target merge_maps_kinematic
[0.161s] [35m[1mConsolidate compiler generated dependencies of target localization_slam_toolbox_node[0m
[0.161s] [35m[1mConsolidate compiler generated dependencies of target lifelong_slam_toolbox_node[0m
[0.164s] [35m[1mConsolidate compiler generated dependencies of target map_and_localization_slam_toolbox[0m
[0.164s] [35m[1mConsolidate compiler generated dependencies of target sync_slam_toolbox_node[0m
[0.179s] [ 94%] Built target localization_slam_toolbox_node
[0.180s] [ 95%] Built target async_slam_toolbox_node
[0.183s] [ 96%] Built target sync_slam_toolbox_node
[0.189s] [ 98%] Built target lifelong_slam_toolbox_node
[0.189s] [ 99%] Built target map_and_localization_slam_toolbox
[0.197s] [35m[1mConsolidate compiler generated dependencies of target map_and_localization_slam_toolbox_node[0m
[0.201s] running egg_info
[0.210s] writing slam_toolbox.egg-info/PKG-INFO
[0.211s] writing dependency_links to slam_toolbox.egg-info/dependency_links.txt
[0.211s] writing top-level names to slam_toolbox.egg-info/top_level.txt
[0.223s] [100%] Built target map_and_localization_slam_toolbox_node
[0.239s] reading manifest file 'slam_toolbox.egg-info/SOURCES.txt'
[0.239s] writing manifest file 'slam_toolbox.egg-info/SOURCES.txt'
[0.256s] [100%] Built target ament_cmake_python_build_slam_toolbox_egg
[0.265s] Invoked command in '/home/jy/armordetect/build/slam_toolbox' returned '0': CMAKE_PREFIX_PATH=/home/jy/ws00_helloworld/install/pkg01_helloworld_cpp:/home/jy/ws00_helloworld/install/cpp03_action:/home/jy/ws00_helloworld/install/cpp02_service:/home/jy/ws00_helloworld/install/cpp01_topic:/home/jy/ws00_helloworld/install/base_interfaces_demo:/home/jy/ws00_helloworld/install/py02_service:/home/jy/ws00_helloworld/install/py01_topic:/opt/ros/humble:/home/jy/catkin_ws/devel:/home/jy/catkin_ws/devel_isolated/wpr_simulation:/home/jy/catkin_ws/devel_isolated/ssr_pkg /usr/bin/cmake --build /home/jy/armordetect/build/slam_toolbox -- -j16 -l16
[0.273s] Invoking command in '/home/jy/armordetect/build/slam_toolbox': CMAKE_PREFIX_PATH=/home/jy/ws00_helloworld/install/pkg01_helloworld_cpp:/home/jy/ws00_helloworld/install/cpp03_action:/home/jy/ws00_helloworld/install/cpp02_service:/home/jy/ws00_helloworld/install/cpp01_topic:/home/jy/ws00_helloworld/install/base_interfaces_demo:/home/jy/ws00_helloworld/install/py02_service:/home/jy/ws00_helloworld/install/py01_topic:/opt/ros/humble:/home/jy/catkin_ws/devel:/home/jy/catkin_ws/devel_isolated/wpr_simulation:/home/jy/catkin_ws/devel_isolated/ssr_pkg /usr/bin/cmake --install /home/jy/armordetect/build/slam_toolbox
[0.278s] -- Install configuration: "Release"
[0.278s] -- Up-to-date: /home/jy/armordetect/install/slam_toolbox/share/ament_index/resource_index/rosidl_interfaces/slam_toolbox
[0.279s] -- Up-to-date: /home/jy/armordetect/install/slam_toolbox/include/slam_toolbox/slam_toolbox
[0.279s] -- Up-to-date: /home/jy/armordetect/install/slam_toolbox/include/slam_toolbox/slam_toolbox/msg
[0.279s] -- Up-to-date: /home/jy/armordetect/install/slam_toolbox/include/slam_toolbox/slam_toolbox/msg/rosidl_generator_c__visibility_control.h
[0.279s] -- Up-to-date: /home/jy/armordetect/install/slam_toolbox/include/slam_toolbox/slam_toolbox/srv
[0.279s] -- Up-to-date: /home/jy/armordetect/install/slam_toolbox/include/slam_toolbox/slam_toolbox/srv/merge_maps.h
[0.279s] -- Up-to-date: /home/jy/armordetect/install/slam_toolbox/include/slam_toolbox/slam_toolbox/srv/detail
[0.279s] -- Up-to-date: /home/jy/armordetect/install/slam_toolbox/include/slam_toolbox/slam_toolbox/srv/detail/serialize_pose_graph__struct.h
[0.279s] -- Up-to-date: /home/jy/armordetect/install/slam_toolbox/include/slam_toolbox/slam_toolbox/srv/detail/add_submap__functions.c
[0.279s] -- Up-to-date: /home/jy/armordetect/install/slam_toolbox/include/slam_toolbox/slam_toolbox/srv/detail/serialize_pose_graph__type_support.h
[0.279s] -- Up-to-date: /home/jy/armordetect/install/slam_toolbox/include/slam_toolbox/slam_toolbox/srv/detail/toggle_interactive__functions.c
[0.279s] -- Up-to-date: /home/jy/armordetect/install/slam_toolbox/include/slam_toolbox/slam_toolbox/srv/detail/pause__functions.c
[0.279s] -- Up-to-date: /home/jy/armordetect/install/slam_toolbox/include/slam_toolbox/slam_toolbox/srv/detail/clear__struct.h
[0.279s] -- Up-to-date: /home/jy/armordetect/install/slam_toolbox/include/slam_toolbox/slam_toolbox/srv/detail/save_map__struct.h
[0.279s] -- Up-to-date: /home/jy/armordetect/install/slam_toolbox/include/slam_toolbox/slam_toolbox/srv/detail/serialize_pose_graph__functions.c
[0.279s] -- Up-to-date: /home/jy/armordetect/install/slam_toolbox/include/slam_toolbox/slam_toolbox/srv/detail/deserialize_pose_graph__type_support.h
[0.279s] -- Up-to-date: /home/jy/armordetect/install/slam_toolbox/include/slam_toolbox/slam_toolbox/srv/detail/toggle_interactive__struct.h
[0.279s] -- Up-to-date: /home/jy/armordetect/install/slam_toolbox/include/slam_toolbox/slam_toolbox/srv/detail/clear_queue__type_support.h
[0.279s] -- Up-to-date: /home/jy/armordetect/install/slam_toolbox/include/slam_toolbox/slam_toolbox/srv/detail/clear_queue__struct.h
[0.279s] -- Up-to-date: /home/jy/armordetect/install/slam_toolbox/include/slam_toolbox/slam_toolbox/srv/detail/pause__struct.h
[0.279s] -- Up-to-date: /home/jy/armordetect/install/slam_toolbox/include/slam_toolbox/slam_toolbox/srv/detail/deserialize_pose_graph__functions.c
[0.279s] -- Up-to-date: /home/jy/armordetect/install/slam_toolbox/include/slam_toolbox/slam_toolbox/srv/detail/toggle_interactive__functions.h
[0.279s] -- Up-to-date: /home/jy/armordetect/install/slam_toolbox/include/slam_toolbox/slam_toolbox/srv/detail/save_map__functions.c
[0.279s] -- Up-to-date: /home/jy/armordetect/install/slam_toolbox/include/slam_toolbox/slam_toolbox/srv/detail/pause__functions.h
[0.279s] -- Up-to-date: /home/jy/armordetect/install/slam_toolbox/include/slam_toolbox/slam_toolbox/srv/detail/serialize_pose_graph__functions.h
[0.279s] -- Up-to-date: /home/jy/armordetect/install/slam_toolbox/include/slam_toolbox/slam_toolbox/srv/detail/add_submap__type_support.h
[0.279s] -- Up-to-date: /home/jy/armordetect/install/slam_toolbox/include/slam_toolbox/slam_toolbox/srv/detail/merge_maps__type_support.h
[0.279s] -- Up-to-date: /home/jy/armordetect/install/slam_toolbox/include/slam_toolbox/slam_toolbox/srv/detail/add_submap__struct.h
[0.280s] -- Up-to-date: /home/jy/armordetect/install/slam_toolbox/include/slam_toolbox/slam_toolbox/srv/detail/pause__type_support.h
[0.280s] -- Up-to-date: /home/jy/armordetect/install/slam_toolbox/include/slam_toolbox/slam_toolbox/srv/detail/loop_closure__type_support.h
[0.280s] -- Up-to-date: /home/jy/armordetect/install/slam_toolbox/include/slam_toolbox/slam_toolbox/srv/detail/deserialize_pose_graph__struct.h
[0.280s] -- Up-to-date: /home/jy/armordetect/install/slam_toolbox/include/slam_toolbox/slam_toolbox/srv/detail/merge_maps__functions.c
[0.280s] -- Up-to-date: /home/jy/armordetect/install/slam_toolbox/include/slam_toolbox/slam_toolbox/srv/detail/add_submap__functions.h
[0.280s] -- Up-to-date: /home/jy/armordetect/install/slam_toolbox/include/slam_toolbox/slam_toolbox/srv/detail/clear_queue__functions.c
[0.280s] -- Up-to-date: /home/jy/armordetect/install/slam_toolbox/include/slam_toolbox/slam_toolbox/srv/detail/clear__functions.c
[0.280s] -- Up-to-date: /home/jy/armordetect/install/slam_toolbox/include/slam_toolbox/slam_toolbox/srv/detail/loop_closure__struct.h
[0.280s] -- Up-to-date: /home/jy/armordetect/install/slam_toolbox/include/slam_toolbox/slam_toolbox/srv/detail/merge_maps__functions.h
[0.280s] -- Up-to-date: /home/jy/armordetect/install/slam_toolbox/include/slam_toolbox/slam_toolbox/srv/detail/clear__type_support.h
[0.280s] -- Up-to-date: /home/jy/armordetect/install/slam_toolbox/include/slam_toolbox/slam_toolbox/srv/detail/clear__functions.h
[0.280s] -- Up-to-date: /home/jy/armordetect/install/slam_toolbox/include/slam_toolbox/slam_toolbox/srv/detail/merge_maps__struct.h
[0.280s] -- Up-to-date: /home/jy/armordetect/install/slam_toolbox/include/slam_toolbox/slam_toolbox/srv/detail/loop_closure__functions.h
[0.280s] -- Up-to-date: /home/jy/armordetect/install/slam_toolbox/include/slam_toolbox/slam_toolbox/srv/detail/save_map__type_support.h
[0.280s] -- Up-to-date: /home/jy/armordetect/install/slam_toolbox/include/slam_toolbox/slam_toolbox/srv/detail/clear_queue__functions.h
[0.280s] -- Up-to-date: /home/jy/armordetect/install/slam_toolbox/include/slam_toolbox/slam_toolbox/srv/detail/loop_closure__functions.c
[0.280s] -- Up-to-date: /home/jy/armordetect/install/slam_toolbox/include/slam_toolbox/slam_toolbox/srv/detail/deserialize_pose_graph__functions.h
[0.280s] -- Up-to-date: /home/jy/armordetect/install/slam_toolbox/include/slam_toolbox/slam_toolbox/srv/detail/toggle_interactive__type_support.h
[0.280s] -- Up-to-date: /home/jy/armordetect/install/slam_toolbox/include/slam_toolbox/slam_toolbox/srv/detail/save_map__functions.h
[0.280s] -- Up-to-date: /home/jy/armordetect/install/slam_toolbox/include/slam_toolbox/slam_toolbox/srv/deserialize_pose_graph.h
[0.280s] -- Up-to-date: /home/jy/armordetect/install/slam_toolbox/include/slam_toolbox/slam_toolbox/srv/serialize_pose_graph.h
[0.280s] -- Up-to-date: /home/jy/armordetect/install/slam_toolbox/include/slam_toolbox/slam_toolbox/srv/clear.h
[0.280s] -- Up-to-date: /home/jy/armordetect/install/slam_toolbox/include/slam_toolbox/slam_toolbox/srv/save_map.h
[0.280s] -- Up-to-date: /home/jy/armordetect/install/slam_toolbox/include/slam_toolbox/slam_toolbox/srv/toggle_interactive.h
[0.280s] -- Up-to-date: /home/jy/armordetect/install/slam_toolbox/include/slam_toolbox/slam_toolbox/srv/loop_closure.h
[0.280s] -- Up-to-date: /home/jy/armordetect/install/slam_toolbox/include/slam_toolbox/slam_toolbox/srv/clear_queue.h
[0.280s] -- Up-to-date: /home/jy/armordetect/install/slam_toolbox/include/slam_toolbox/slam_toolbox/srv/pause.h
[0.280s] -- Up-to-date: /home/jy/armordetect/install/slam_toolbox/include/slam_toolbox/slam_toolbox/srv/add_submap.h
[0.280s] -- Up-to-date: /home/jy/armordetect/install/slam_toolbox/share/slam_toolbox/environment/library_path.sh
[0.280s] -- Up-to-date: /home/jy/armordetect/install/slam_toolbox/share/slam_toolbox/environment/library_path.dsv
[0.280s] -- Up-to-date: /home/jy/armordetect/install/slam_toolbox/lib/libslam_toolbox__rosidl_generator_c.so
[0.280s] -- Up-to-date: /home/jy/armordetect/install/slam_toolbox/include/slam_toolbox/slam_toolbox
[0.280s] -- Up-to-date: /home/jy/armordetect/install/slam_toolbox/include/slam_toolbox/slam_toolbox/msg
[0.280s] -- Up-to-date: /home/jy/armordetect/install/slam_toolbox/include/slam_toolbox/slam_toolbox/msg/rosidl_typesupport_fastrtps_c__visibility_control.h
[0.280s] -- Up-to-date: /home/jy/armordetect/install/slam_toolbox/include/slam_toolbox/slam_toolbox/srv
[0.281s] -- Up-to-date: /home/jy/armordetect/install/slam_toolbox/include/slam_toolbox/slam_toolbox/srv/detail
[0.281s] -- Up-to-date: /home/jy/armordetect/install/slam_toolbox/include/slam_toolbox/slam_toolbox/srv/detail/toggle_interactive__rosidl_typesupport_fastrtps_c.h
[0.281s] -- Up-to-date: /home/jy/armordetect/install/slam_toolbox/include/slam_toolbox/slam_toolbox/srv/detail/pause__rosidl_typesupport_fastrtps_c.h
[0.281s] -- Up-to-date: /home/jy/armordetect/install/slam_toolbox/include/slam_toolbox/slam_toolbox/srv/detail/loop_closure__rosidl_typesupport_fastrtps_c.h
[0.281s] -- Up-to-date: /home/jy/armordetect/install/slam_toolbox/include/slam_toolbox/slam_toolbox/srv/detail/save_map__rosidl_typesupport_fastrtps_c.h
[0.281s] -- Up-to-date: /home/jy/armordetect/install/slam_toolbox/include/slam_toolbox/slam_toolbox/srv/detail/merge_maps__rosidl_typesupport_fastrtps_c.h
[0.281s] -- Up-to-date: /home/jy/armordetect/install/slam_toolbox/include/slam_toolbox/slam_toolbox/srv/detail/serialize_pose_graph__rosidl_typesupport_fastrtps_c.h
[0.281s] -- Up-to-date: /home/jy/armordetect/install/slam_toolbox/include/slam_toolbox/slam_toolbox/srv/detail/clear__rosidl_typesupport_fastrtps_c.h
[0.281s] -- Up-to-date: /home/jy/armordetect/install/slam_toolbox/include/slam_toolbox/slam_toolbox/srv/detail/clear_queue__rosidl_typesupport_fastrtps_c.h
[0.281s] -- Up-to-date: /home/jy/armordetect/install/slam_toolbox/include/slam_toolbox/slam_toolbox/srv/detail/add_submap__rosidl_typesupport_fastrtps_c.h
[0.281s] -- Up-to-date: /home/jy/armordetect/install/slam_toolbox/include/slam_toolbox/slam_toolbox/srv/detail/deserialize_pose_graph__rosidl_typesupport_fastrtps_c.h
[0.282s] -- Up-to-date: /home/jy/armordetect/install/slam_toolbox/lib/libslam_toolbox__rosidl_typesupport_fastrtps_c.so
[0.282s] -- Up-to-date: /home/jy/armordetect/install/slam_toolbox/include/slam_toolbox/slam_toolbox
[0.282s] -- Up-to-date: /home/jy/armordetect/install/slam_toolbox/include/slam_toolbox/slam_toolbox/msg
[0.282s] -- Up-to-date: /home/jy/armordetect/install/slam_toolbox/include/slam_toolbox/slam_toolbox/msg/rosidl_generator_cpp__visibility_control.hpp
[0.282s] -- Up-to-date: /home/jy/armordetect/install/slam_toolbox/include/slam_toolbox/slam_toolbox/srv
[0.282s] -- Up-to-date: /home/jy/armordetect/install/slam_toolbox/include/slam_toolbox/slam_toolbox/srv/clear.hpp
[0.282s] -- Up-to-date: /home/jy/armordetect/install/slam_toolbox/include/slam_toolbox/slam_toolbox/srv/serialize_pose_graph.hpp
[0.282s] -- Up-to-date: /home/jy/armordetect/install/slam_toolbox/include/slam_toolbox/slam_toolbox/srv/detail
[0.282s] -- Up-to-date: /home/jy/armordetect/install/slam_toolbox/include/slam_toolbox/slam_toolbox/srv/detail/add_submap__builder.hpp
[0.282s] -- Up-to-date: /home/jy/armordetect/install/slam_toolbox/include/slam_toolbox/slam_toolbox/srv/detail/serialize_pose_graph__type_support.hpp
[0.282s] -- Up-to-date: /home/jy/armordetect/install/slam_toolbox/include/slam_toolbox/slam_toolbox/srv/detail/merge_maps__type_support.hpp
[0.282s] -- Up-to-date: /home/jy/armordetect/install/slam_toolbox/include/slam_toolbox/slam_toolbox/srv/detail/merge_maps__struct.hpp
[0.282s] -- Up-to-date: /home/jy/armordetect/install/slam_toolbox/include/slam_toolbox/slam_toolbox/srv/detail/clear__builder.hpp
[0.282s] -- Up-to-date: /home/jy/armordetect/install/slam_toolbox/include/slam_toolbox/slam_toolbox/srv/detail/loop_closure__traits.hpp
[0.282s] -- Up-to-date: /home/jy/armordetect/install/slam_toolbox/include/slam_toolbox/slam_toolbox/srv/detail/serialize_pose_graph__struct.hpp
[0.282s] -- Up-to-date: /home/jy/armordetect/install/slam_toolbox/include/slam_toolbox/slam_toolbox/srv/detail/toggle_interactive__traits.hpp
[0.282s] -- Up-to-date: /home/jy/armordetect/install/slam_toolbox/include/slam_toolbox/slam_toolbox/srv/detail/serialize_pose_graph__builder.hpp
[0.282s] -- Up-to-date: /home/jy/armordetect/install/slam_toolbox/include/slam_toolbox/slam_toolbox/srv/detail/pause__type_support.hpp
[0.282s] -- Up-to-date: /home/jy/armordetect/install/slam_toolbox/include/slam_toolbox/slam_toolbox/srv/detail/pause__builder.hpp
[0.282s] -- Up-to-date: /home/jy/armordetect/install/slam_toolbox/include/slam_toolbox/slam_toolbox/srv/detail/toggle_interactive__builder.hpp
[0.282s] -- Up-to-date: /home/jy/armordetect/install/slam_toolbox/include/slam_toolbox/slam_toolbox/srv/detail/save_map__traits.hpp
[0.282s] -- Up-to-date: /home/jy/armordetect/install/slam_toolbox/include/slam_toolbox/slam_toolbox/srv/detail/save_map__type_support.hpp
[0.282s] -- Up-to-date: /home/jy/armordetect/install/slam_toolbox/include/slam_toolbox/slam_toolbox/srv/detail/pause__traits.hpp
[0.282s] -- Up-to-date: /home/jy/armordetect/install/slam_toolbox/include/slam_toolbox/slam_toolbox/srv/detail/serialize_pose_graph__traits.hpp
[0.282s] -- Up-to-date: /home/jy/armordetect/install/slam_toolbox/include/slam_toolbox/slam_toolbox/srv/detail/deserialize_pose_graph__builder.hpp
[0.282s] -- Up-to-date: /home/jy/armordetect/install/slam_toolbox/include/slam_toolbox/slam_toolbox/srv/detail/clear__type_support.hpp
[0.282s] -- Up-to-date: /home/jy/armordetect/install/slam_toolbox/include/slam_toolbox/slam_toolbox/srv/detail/toggle_interactive__struct.hpp
[0.282s] -- Up-to-date: /home/jy/armordetect/install/slam_toolbox/include/slam_toolbox/slam_toolbox/srv/detail/toggle_interactive__type_support.hpp
[0.282s] -- Up-to-date: /home/jy/armordetect/install/slam_toolbox/include/slam_toolbox/slam_toolbox/srv/detail/save_map__builder.hpp
[0.282s] -- Up-to-date: /home/jy/armordetect/install/slam_toolbox/include/slam_toolbox/slam_toolbox/srv/detail/deserialize_pose_graph__struct.hpp
[0.283s] -- Up-to-date: /home/jy/armordetect/install/slam_toolbox/include/slam_toolbox/slam_toolbox/srv/detail/clear_queue__struct.hpp
[0.283s] -- Up-to-date: /home/jy/armordetect/install/slam_toolbox/include/slam_toolbox/slam_toolbox/srv/detail/clear_queue__traits.hpp
[0.283s] -- Up-to-date: /home/jy/armordetect/install/slam_toolbox/include/slam_toolbox/slam_toolbox/srv/detail/add_submap__traits.hpp
[0.283s] -- Up-to-date: /home/jy/armordetect/install/slam_toolbox/include/slam_toolbox/slam_toolbox/srv/detail/loop_closure__type_support.hpp
[0.283s] -- Up-to-date: /home/jy/armordetect/install/slam_toolbox/include/slam_toolbox/slam_toolbox/srv/detail/clear_queue__type_support.hpp
[0.283s] -- Up-to-date: /home/jy/armordetect/install/slam_toolbox/include/slam_toolbox/slam_toolbox/srv/detail/deserialize_pose_graph__traits.hpp
[0.283s] -- Up-to-date: /home/jy/armordetect/install/slam_toolbox/include/slam_toolbox/slam_toolbox/srv/detail/merge_maps__builder.hpp
[0.283s] -- Up-to-date: /home/jy/armordetect/install/slam_toolbox/include/slam_toolbox/slam_toolbox/srv/detail/add_submap__type_support.hpp
[0.283s] -- Up-to-date: /home/jy/armordetect/install/slam_toolbox/include/slam_toolbox/slam_toolbox/srv/detail/add_submap__struct.hpp
[0.283s] -- Up-to-date: /home/jy/armordetect/install/slam_toolbox/include/slam_toolbox/slam_toolbox/srv/detail/loop_closure__builder.hpp
[0.283s] -- Up-to-date: /home/jy/armordetect/install/slam_toolbox/include/slam_toolbox/slam_toolbox/srv/detail/loop_closure__struct.hpp
[0.283s] -- Up-to-date: /home/jy/armordetect/install/slam_toolbox/include/slam_toolbox/slam_toolbox/srv/detail/clear__struct.hpp
[0.283s] -- Up-to-date: /home/jy/armordetect/install/slam_toolbox/include/slam_toolbox/slam_toolbox/srv/detail/save_map__struct.hpp
[0.283s] -- Up-to-date: /home/jy/armordetect/install/slam_toolbox/include/slam_toolbox/slam_toolbox/srv/detail/merge_maps__traits.hpp
[0.283s] -- Up-to-date: /home/jy/armordetect/install/slam_toolbox/include/slam_toolbox/slam_toolbox/srv/detail/pause__struct.hpp
[0.283s] -- Up-to-date: /home/jy/armordetect/install/slam_toolbox/include/slam_toolbox/slam_toolbox/srv/detail/clear__traits.hpp
[0.283s] -- Up-to-date: /home/jy/armordetect/install/slam_toolbox/include/slam_toolbox/slam_toolbox/srv/detail/deserialize_pose_graph__type_support.hpp
[0.283s] -- Up-to-date: /home/jy/armordetect/install/slam_toolbox/include/slam_toolbox/slam_toolbox/srv/detail/clear_queue__builder.hpp
[0.283s] -- Up-to-date: /home/jy/armordetect/install/slam_toolbox/include/slam_toolbox/slam_toolbox/srv/merge_maps.hpp
[0.283s] -- Up-to-date: /home/jy/armordetect/install/slam_toolbox/include/slam_toolbox/slam_toolbox/srv/save_map.hpp
[0.283s] -- Up-to-date: /home/jy/armordetect/install/slam_toolbox/include/slam_toolbox/slam_toolbox/srv/toggle_interactive.hpp
[0.283s] -- Up-to-date: /home/jy/armordetect/install/slam_toolbox/include/slam_toolbox/slam_toolbox/srv/clear_queue.hpp
[0.283s] -- Up-to-date: /home/jy/armordetect/install/slam_toolbox/include/slam_toolbox/slam_toolbox/srv/deserialize_pose_graph.hpp
[0.283s] -- Up-to-date: /home/jy/armordetect/install/slam_toolbox/include/slam_toolbox/slam_toolbox/srv/loop_closure.hpp
[0.283s] -- Up-to-date: /home/jy/armordetect/install/slam_toolbox/include/slam_toolbox/slam_toolbox/srv/add_submap.hpp
[0.283s] -- Up-to-date: /home/jy/armordetect/install/slam_toolbox/include/slam_toolbox/slam_toolbox/srv/pause.hpp
[0.283s] -- Up-to-date: /home/jy/armordetect/install/slam_toolbox/include/slam_toolbox/slam_toolbox
[0.283s] -- Up-to-date: /home/jy/armordetect/install/slam_toolbox/include/slam_toolbox/slam_toolbox/msg
[0.283s] -- Up-to-date: /home/jy/armordetect/install/slam_toolbox/include/slam_toolbox/slam_toolbox/msg/rosidl_typesupport_fastrtps_cpp__visibility_control.h
[0.283s] -- Up-to-date: /home/jy/armordetect/install/slam_toolbox/include/slam_toolbox/slam_toolbox/srv
[0.283s] -- Up-to-date: /home/jy/armordetect/install/slam_toolbox/include/slam_toolbox/slam_toolbox/srv/detail
[0.283s] -- Up-to-date: /home/jy/armordetect/install/slam_toolbox/include/slam_toolbox/slam_toolbox/srv/detail/deserialize_pose_graph__rosidl_typesupport_fastrtps_cpp.hpp
[0.283s] -- Up-to-date: /home/jy/armordetect/install/slam_toolbox/include/slam_toolbox/slam_toolbox/srv/detail/clear_queue__rosidl_typesupport_fastrtps_cpp.hpp
[0.283s] -- Up-to-date: /home/jy/armordetect/install/slam_toolbox/include/slam_toolbox/slam_toolbox/srv/detail/loop_closure__rosidl_typesupport_fastrtps_cpp.hpp
[0.283s] -- Up-to-date: /home/jy/armordetect/install/slam_toolbox/include/slam_toolbox/slam_toolbox/srv/detail/pause__rosidl_typesupport_fastrtps_cpp.hpp
[0.283s] -- Up-to-date: /home/jy/armordetect/install/slam_toolbox/include/slam_toolbox/slam_toolbox/srv/detail/toggle_interactive__rosidl_typesupport_fastrtps_cpp.hpp
[0.283s] -- Up-to-date: /home/jy/armordetect/install/slam_toolbox/include/slam_toolbox/slam_toolbox/srv/detail/dds_fastrtps
[0.283s] -- Up-to-date: /home/jy/armordetect/install/slam_toolbox/include/slam_toolbox/slam_toolbox/srv/detail/serialize_pose_graph__rosidl_typesupport_fastrtps_cpp.hpp
[0.283s] -- Up-to-date: /home/jy/armordetect/install/slam_toolbox/include/slam_toolbox/slam_toolbox/srv/detail/add_submap__rosidl_typesupport_fastrtps_cpp.hpp
[0.283s] -- Up-to-date: /home/jy/armordetect/install/slam_toolbox/include/slam_toolbox/slam_toolbox/srv/detail/clear__rosidl_typesupport_fastrtps_cpp.hpp
[0.283s] -- Up-to-date: /home/jy/armordetect/install/slam_toolbox/include/slam_toolbox/slam_toolbox/srv/detail/merge_maps__rosidl_typesupport_fastrtps_cpp.hpp
[0.283s] -- Up-to-date: /home/jy/armordetect/install/slam_toolbox/include/slam_toolbox/slam_toolbox/srv/detail/save_map__rosidl_typesupport_fastrtps_cpp.hpp
[0.283s] -- Up-to-date: /home/jy/armordetect/install/slam_toolbox/lib/libslam_toolbox__rosidl_typesupport_fastrtps_cpp.so
[0.283s] -- Up-to-date: /home/jy/armordetect/install/slam_toolbox/include/slam_toolbox/slam_toolbox
[0.284s] -- Up-to-date: /home/jy/armordetect/install/slam_toolbox/include/slam_toolbox/slam_toolbox/msg
[0.284s] -- Up-to-date: /home/jy/armordetect/install/slam_toolbox/include/slam_toolbox/slam_toolbox/msg/rosidl_typesupport_introspection_c__visibility_control.h
[0.284s] -- Up-to-date: /home/jy/armordetect/install/slam_toolbox/include/slam_toolbox/slam_toolbox/srv
[0.284s] -- Up-to-date: /home/jy/armordetect/install/slam_toolbox/include/slam_toolbox/slam_toolbox/srv/detail
[0.284s] -- Up-to-date: /home/jy/armordetect/install/slam_toolbox/include/slam_toolbox/slam_toolbox/srv/detail/toggle_interactive__rosidl_typesupport_introspection_c.h
[0.284s] -- Up-to-date: /home/jy/armordetect/install/slam_toolbox/include/slam_toolbox/slam_toolbox/srv/detail/add_submap__rosidl_typesupport_introspection_c.h
[0.284s] -- Up-to-date: /home/jy/armordetect/install/slam_toolbox/include/slam_toolbox/slam_toolbox/srv/detail/serialize_pose_graph__rosidl_typesupport_introspection_c.h
[0.284s] -- Up-to-date: /home/jy/armordetect/install/slam_toolbox/include/slam_toolbox/slam_toolbox/srv/detail/loop_closure__rosidl_typesupport_introspection_c.h
[0.284s] -- Up-to-date: /home/jy/armordetect/install/slam_toolbox/include/slam_toolbox/slam_toolbox/srv/detail/pause__rosidl_typesupport_introspection_c.h
[0.284s] -- Up-to-date: /home/jy/armordetect/install/slam_toolbox/include/slam_toolbox/slam_toolbox/srv/detail/toggle_interactive__type_support.c
[0.284s] -- Up-to-date: /home/jy/armordetect/install/slam_toolbox/include/slam_toolbox/slam_toolbox/srv/detail/save_map__type_support.c
[0.284s] -- Up-to-date: /home/jy/armordetect/install/slam_toolbox/include/slam_toolbox/slam_toolbox/srv/detail/add_submap__type_support.c
[0.284s] -- Up-to-date: /home/jy/armordetect/install/slam_toolbox/include/slam_toolbox/slam_toolbox/srv/detail/save_map__rosidl_typesupport_introspection_c.h
[0.284s] -- Up-to-date: /home/jy/armordetect/install/slam_toolbox/include/slam_toolbox/slam_toolbox/srv/detail/pause__type_support.c
[0.284s] -- Up-to-date: /home/jy/armordetect/install/slam_toolbox/include/slam_toolbox/slam_toolbox/srv/detail/merge_maps__type_support.c
[0.284s] -- Up-to-date: /home/jy/armordetect/install/slam_toolbox/include/slam_toolbox/slam_toolbox/srv/detail/loop_closure__type_support.c
[0.284s] -- Up-to-date: /home/jy/armordetect/install/slam_toolbox/include/slam_toolbox/slam_toolbox/srv/detail/deserialize_pose_graph__rosidl_typesupport_introspection_c.h
[0.284s] -- Up-to-date: /home/jy/armordetect/install/slam_toolbox/include/slam_toolbox/slam_toolbox/srv/detail/clear__rosidl_typesupport_introspection_c.h
[0.284s] -- Up-to-date: /home/jy/armordetect/install/slam_toolbox/include/slam_toolbox/slam_toolbox/srv/detail/clear_queue__rosidl_typesupport_introspection_c.h
[0.284s] -- Up-to-date: /home/jy/armordetect/install/slam_toolbox/include/slam_toolbox/slam_toolbox/srv/detail/serialize_pose_graph__type_support.c
[0.284s] -- Up-to-date: /home/jy/armordetect/install/slam_toolbox/include/slam_toolbox/slam_toolbox/srv/detail/merge_maps__rosidl_typesupport_introspection_c.h
[0.284s] -- Up-to-date: /home/jy/armordetect/install/slam_toolbox/include/slam_toolbox/slam_toolbox/srv/detail/clear_queue__type_support.c
[0.284s] -- Up-to-date: /home/jy/armordetect/install/slam_toolbox/include/slam_toolbox/slam_toolbox/srv/detail/clear__type_support.c
[0.284s] -- Up-to-date: /home/jy/armordetect/install/slam_toolbox/include/slam_toolbox/slam_toolbox/srv/detail/deserialize_pose_graph__type_support.c
[0.284s] -- Up-to-date: /home/jy/armordetect/install/slam_toolbox/lib/libslam_toolbox__rosidl_typesupport_introspection_c.so
[0.284s] -- Up-to-date: /home/jy/armordetect/install/slam_toolbox/lib/libslam_toolbox__rosidl_typesupport_c.so
[0.284s] -- Up-to-date: /home/jy/armordetect/install/slam_toolbox/include/slam_toolbox/slam_toolbox
[0.284s] -- Up-to-date: /home/jy/armordetect/install/slam_toolbox/include/slam_toolbox/slam_toolbox/srv
[0.284s] -- Up-to-date: /home/jy/armordetect/install/slam_toolbox/include/slam_toolbox/slam_toolbox/srv/detail
[0.284s] -- Up-to-date: /home/jy/armordetect/install/slam_toolbox/include/slam_toolbox/slam_toolbox/srv/detail/add_submap__rosidl_typesupport_introspection_cpp.hpp
[0.284s] -- Up-to-date: /home/jy/armordetect/install/slam_toolbox/include/slam_toolbox/slam_toolbox/srv/detail/clear__rosidl_typesupport_introspection_cpp.hpp
[0.284s] -- Up-to-date: /home/jy/armordetect/install/slam_toolbox/include/slam_toolbox/slam_toolbox/srv/detail/merge_maps__rosidl_typesupport_introspection_cpp.hpp
[0.284s] -- Up-to-date: /home/jy/armordetect/install/slam_toolbox/include/slam_toolbox/slam_toolbox/srv/detail/deserialize_pose_graph__type_support.cpp
[0.284s] -- Up-to-date: /home/jy/armordetect/install/slam_toolbox/include/slam_toolbox/slam_toolbox/srv/detail/clear_queue__rosidl_typesupport_introspection_cpp.hpp
[0.284s] -- Up-to-date: /home/jy/armordetect/install/slam_toolbox/include/slam_toolbox/slam_toolbox/srv/detail/merge_maps__type_support.cpp
[0.284s] -- Up-to-date: /home/jy/armordetect/install/slam_toolbox/include/slam_toolbox/slam_toolbox/srv/detail/deserialize_pose_graph__rosidl_typesupport_introspection_cpp.hpp
[0.284s] -- Up-to-date: /home/jy/armordetect/install/slam_toolbox/include/slam_toolbox/slam_toolbox/srv/detail/clear_queue__type_support.cpp
[0.284s] -- Up-to-date: /home/jy/armordetect/install/slam_toolbox/include/slam_toolbox/slam_toolbox/srv/detail/pause__rosidl_typesupport_introspection_cpp.hpp
[0.284s] -- Up-to-date: /home/jy/armordetect/install/slam_toolbox/include/slam_toolbox/slam_toolbox/srv/detail/save_map__type_support.cpp
[0.284s] -- Up-to-date: /home/jy/armordetect/install/slam_toolbox/include/slam_toolbox/slam_toolbox/srv/detail/toggle_interactive__type_support.cpp
[0.284s] -- Up-to-date: /home/jy/armordetect/install/slam_toolbox/include/slam_toolbox/slam_toolbox/srv/detail/loop_closure__type_support.cpp
[0.284s] -- Up-to-date: /home/jy/armordetect/install/slam_toolbox/include/slam_toolbox/slam_toolbox/srv/detail/save_map__rosidl_typesupport_introspection_cpp.hpp
[0.284s] -- Up-to-date: /home/jy/armordetect/install/slam_toolbox/include/slam_toolbox/slam_toolbox/srv/detail/toggle_interactive__rosidl_typesupport_introspection_cpp.hpp
[0.284s] -- Up-to-date: /home/jy/armordetect/install/slam_toolbox/include/slam_toolbox/slam_toolbox/srv/detail/loop_closure__rosidl_typesupport_introspection_cpp.hpp
[0.284s] -- Up-to-date: /home/jy/armordetect/install/slam_toolbox/include/slam_toolbox/slam_toolbox/srv/detail/serialize_pose_graph__rosidl_typesupport_introspection_cpp.hpp
[0.285s] -- Up-to-date: /home/jy/armordetect/install/slam_toolbox/include/slam_toolbox/slam_toolbox/srv/detail/add_submap__type_support.cpp
[0.285s] -- Up-to-date: /home/jy/armordetect/install/slam_toolbox/include/slam_toolbox/slam_toolbox/srv/detail/pause__type_support.cpp
[0.285s] -- Up-to-date: /home/jy/armordetect/install/slam_toolbox/include/slam_toolbox/slam_toolbox/srv/detail/clear__type_support.cpp
[0.285s] -- Up-to-date: /home/jy/armordetect/install/slam_toolbox/include/slam_toolbox/slam_toolbox/srv/detail/serialize_pose_graph__type_support.cpp
[0.285s] -- Up-to-date: /home/jy/armordetect/install/slam_toolbox/lib/libslam_toolbox__rosidl_typesupport_introspection_cpp.so
[0.285s] -- Up-to-date: /home/jy/armordetect/install/slam_toolbox/lib/libslam_toolbox__rosidl_typesupport_cpp.so
[0.285s] -- Up-to-date: /home/jy/armordetect/install/slam_toolbox/share/slam_toolbox/environment/pythonpath.sh
[0.285s] -- Up-to-date: /home/jy/armordetect/install/slam_toolbox/share/slam_toolbox/environment/pythonpath.dsv
[0.285s] -- Up-to-date: /home/jy/armordetect/install/slam_toolbox/local/lib/python3.10/dist-packages/slam_toolbox-2.6.10-py3.10.egg-info
[0.285s] -- Installing: /home/jy/armordetect/install/slam_toolbox/local/lib/python3.10/dist-packages/slam_toolbox-2.6.10-py3.10.egg-info/dependency_links.txt
[0.285s] -- Installing: /home/jy/armordetect/install/slam_toolbox/local/lib/python3.10/dist-packages/slam_toolbox-2.6.10-py3.10.egg-info/top_level.txt
[0.285s] -- Installing: /home/jy/armordetect/install/slam_toolbox/local/lib/python3.10/dist-packages/slam_toolbox-2.6.10-py3.10.egg-info/SOURCES.txt
[0.285s] -- Installing: /home/jy/armordetect/install/slam_toolbox/local/lib/python3.10/dist-packages/slam_toolbox-2.6.10-py3.10.egg-info/PKG-INFO
[0.285s] -- Up-to-date: /home/jy/armordetect/install/slam_toolbox/local/lib/python3.10/dist-packages/slam_toolbox
[0.285s] -- Up-to-date: /home/jy/armordetect/install/slam_toolbox/local/lib/python3.10/dist-packages/slam_toolbox/libslam_toolbox__rosidl_generator_py.so
[0.285s] -- Up-to-date: /home/jy/armordetect/install/slam_toolbox/local/lib/python3.10/dist-packages/slam_toolbox/slam_toolbox_s__rosidl_typesupport_introspection_c.cpython-310-x86_64-linux-gnu.so
[0.285s] -- Up-to-date: /home/jy/armordetect/install/slam_toolbox/local/lib/python3.10/dist-packages/slam_toolbox/_slam_toolbox_s.ep.rosidl_typesupport_introspection_c.c
[0.285s] -- Up-to-date: /home/jy/armordetect/install/slam_toolbox/local/lib/python3.10/dist-packages/slam_toolbox/__init__.py
[0.285s] -- Up-to-date: /home/jy/armordetect/install/slam_toolbox/local/lib/python3.10/dist-packages/slam_toolbox/slam_toolbox_s__rosidl_typesupport_c.cpython-310-x86_64-linux-gnu.so
[0.285s] -- Up-to-date: /home/jy/armordetect/install/slam_toolbox/local/lib/python3.10/dist-packages/slam_toolbox/_slam_toolbox_s.ep.rosidl_typesupport_c.c
[0.285s] -- Up-to-date: /home/jy/armordetect/install/slam_toolbox/local/lib/python3.10/dist-packages/slam_toolbox/srv
[0.285s] -- Up-to-date: /home/jy/armordetect/install/slam_toolbox/local/lib/python3.10/dist-packages/slam_toolbox/srv/_deserialize_pose_graph.py
[0.285s] -- Up-to-date: /home/jy/armordetect/install/slam_toolbox/local/lib/python3.10/dist-packages/slam_toolbox/srv/_add_submap.py
[0.285s] -- Up-to-date: /home/jy/armordetect/install/slam_toolbox/local/lib/python3.10/dist-packages/slam_toolbox/srv/_clear_queue_s.c
[0.285s] -- Up-to-date: /home/jy/armordetect/install/slam_toolbox/local/lib/python3.10/dist-packages/slam_toolbox/srv/_clear_s.c
[0.285s] -- Up-to-date: /home/jy/armordetect/install/slam_toolbox/local/lib/python3.10/dist-packages/slam_toolbox/srv/_save_map.py
[0.285s] -- Up-to-date: /home/jy/armordetect/install/slam_toolbox/local/lib/python3.10/dist-packages/slam_toolbox/srv/_clear.py
[0.285s] -- Up-to-date: /home/jy/armordetect/install/slam_toolbox/local/lib/python3.10/dist-packages/slam_toolbox/srv/_merge_maps_s.c
[0.285s] -- Up-to-date: /home/jy/armordetect/install/slam_toolbox/local/lib/python3.10/dist-packages/slam_toolbox/srv/_save_map_s.c
[0.285s] -- Up-to-date: /home/jy/armordetect/install/slam_toolbox/local/lib/python3.10/dist-packages/slam_toolbox/srv/_deserialize_pose_graph_s.c
[0.285s] -- Up-to-date: /home/jy/armordetect/install/slam_toolbox/local/lib/python3.10/dist-packages/slam_toolbox/srv/_pause.py
[0.285s] -- Up-to-date: /home/jy/armordetect/install/slam_toolbox/local/lib/python3.10/dist-packages/slam_toolbox/srv/__init__.py
[0.285s] -- Up-to-date: /home/jy/armordetect/install/slam_toolbox/local/lib/python3.10/dist-packages/slam_toolbox/srv/_pause_s.c
[0.285s] -- Up-to-date: /home/jy/armordetect/install/slam_toolbox/local/lib/python3.10/dist-packages/slam_toolbox/srv/_loop_closure_s.c
[0.285s] -- Up-to-date: /home/jy/armordetect/install/slam_toolbox/local/lib/python3.10/dist-packages/slam_toolbox/srv/_clear_queue.py
[0.285s] -- Up-to-date: /home/jy/armordetect/install/slam_toolbox/local/lib/python3.10/dist-packages/slam_toolbox/srv/_serialize_pose_graph.py
[0.285s] -- Up-to-date: /home/jy/armordetect/install/slam_toolbox/local/lib/python3.10/dist-packages/slam_toolbox/srv/_toggle_interactive_s.c
[0.285s] -- Up-to-date: /home/jy/armordetect/install/slam_toolbox/local/lib/python3.10/dist-packages/slam_toolbox/srv/_toggle_interactive.py
[0.285s] -- Up-to-date: /home/jy/armordetect/install/slam_toolbox/local/lib/python3.10/dist-packages/slam_toolbox/srv/_add_submap_s.c
[0.285s] -- Up-to-date: /home/jy/armordetect/install/slam_toolbox/local/lib/python3.10/dist-packages/slam_toolbox/srv/_merge_maps.py
[0.285s] -- Up-to-date: /home/jy/armordetect/install/slam_toolbox/local/lib/python3.10/dist-packages/slam_toolbox/srv/_serialize_pose_graph_s.c
[0.285s] -- Up-to-date: /home/jy/armordetect/install/slam_toolbox/local/lib/python3.10/dist-packages/slam_toolbox/srv/_loop_closure.py
[0.285s] -- Up-to-date: /home/jy/armordetect/install/slam_toolbox/local/lib/python3.10/dist-packages/slam_toolbox/slam_toolbox_s__rosidl_typesupport_fastrtps_c.cpython-310-x86_64-linux-gnu.so
[0.285s] -- Up-to-date: /home/jy/armordetect/install/slam_toolbox/local/lib/python3.10/dist-packages/slam_toolbox/_slam_toolbox_s.ep.rosidl_typesupport_fastrtps_c.c
[0.301s] Listing '/home/jy/armordetect/install/slam_toolbox/local/lib/python3.10/dist-packages/slam_toolbox'...
[0.301s] Listing '/home/jy/armordetect/install/slam_toolbox/local/lib/python3.10/dist-packages/slam_toolbox/srv'...
[0.304s] -- Up-to-date: /home/jy/armordetect/install/slam_toolbox/local/lib/python3.10/dist-packages/slam_toolbox/slam_toolbox_s__rosidl_typesupport_fastrtps_c.cpython-310-x86_64-linux-gnu.so
[0.304s] -- Up-to-date: /home/jy/armordetect/install/slam_toolbox/local/lib/python3.10/dist-packages/slam_toolbox/slam_toolbox_s__rosidl_typesupport_introspection_c.cpython-310-x86_64-linux-gnu.so
[0.304s] -- Up-to-date: /home/jy/armordetect/install/slam_toolbox/local/lib/python3.10/dist-packages/slam_toolbox/slam_toolbox_s__rosidl_typesupport_c.cpython-310-x86_64-linux-gnu.so
[0.304s] -- Up-to-date: /home/jy/armordetect/install/slam_toolbox/lib/libslam_toolbox__rosidl_generator_py.so
[0.304s] -- Up-to-date: /home/jy/armordetect/install/slam_toolbox/share/slam_toolbox/srv/Pause.idl
[0.304s] -- Up-to-date: /home/jy/armordetect/install/slam_toolbox/share/slam_toolbox/srv/ClearQueue.idl
[0.304s] -- Up-to-date: /home/jy/armordetect/install/slam_toolbox/share/slam_toolbox/srv/ToggleInteractive.idl
[0.304s] -- Up-to-date: /home/jy/armordetect/install/slam_toolbox/share/slam_toolbox/srv/Clear.idl
[0.304s] -- Up-to-date: /home/jy/armordetect/install/slam_toolbox/share/slam_toolbox/srv/SaveMap.idl
[0.304s] -- Up-to-date: /home/jy/armordetect/install/slam_toolbox/share/slam_toolbox/srv/LoopClosure.idl
[0.305s] -- Up-to-date: /home/jy/armordetect/install/slam_toolbox/share/slam_toolbox/srv/MergeMaps.idl
[0.305s] -- Up-to-date: /home/jy/armordetect/install/slam_toolbox/share/slam_toolbox/srv/AddSubmap.idl
[0.305s] -- Up-to-date: /home/jy/armordetect/install/slam_toolbox/share/slam_toolbox/srv/DeserializePoseGraph.idl
[0.305s] -- Up-to-date: /home/jy/armordetect/install/slam_toolbox/share/slam_toolbox/srv/SerializePoseGraph.idl
[0.305s] -- Up-to-date: /home/jy/armordetect/install/slam_toolbox/share/slam_toolbox/srv/Pause.srv
[0.305s] -- Up-to-date: /home/jy/armordetect/install/slam_toolbox/share/slam_toolbox/srv/Pause_Request.msg
[0.305s] -- Up-to-date: /home/jy/armordetect/install/slam_toolbox/share/slam_toolbox/srv/Pause_Response.msg
[0.305s] -- Up-to-date: /home/jy/armordetect/install/slam_toolbox/share/slam_toolbox/srv/ClearQueue.srv
[0.305s] -- Up-to-date: /home/jy/armordetect/install/slam_toolbox/share/slam_toolbox/srv/ClearQueue_Request.msg
[0.305s] -- Up-to-date: /home/jy/armordetect/install/slam_toolbox/share/slam_toolbox/srv/ClearQueue_Response.msg
[0.305s] -- Up-to-date: /home/jy/armordetect/install/slam_toolbox/share/slam_toolbox/srv/ToggleInteractive.srv
[0.305s] -- Up-to-date: /home/jy/armordetect/install/slam_toolbox/share/slam_toolbox/srv/ToggleInteractive_Request.msg
[0.305s] -- Up-to-date: /home/jy/armordetect/install/slam_toolbox/share/slam_toolbox/srv/ToggleInteractive_Response.msg
[0.305s] -- Up-to-date: /home/jy/armordetect/install/slam_toolbox/share/slam_toolbox/srv/Clear.srv
[0.305s] -- Up-to-date: /home/jy/armordetect/install/slam_toolbox/share/slam_toolbox/srv/Clear_Request.msg
[0.305s] -- Up-to-date: /home/jy/armordetect/install/slam_toolbox/share/slam_toolbox/srv/Clear_Response.msg
[0.305s] -- Up-to-date: /home/jy/armordetect/install/slam_toolbox/share/slam_toolbox/srv/SaveMap.srv
[0.305s] -- Up-to-date: /home/jy/armordetect/install/slam_toolbox/share/slam_toolbox/srv/SaveMap_Request.msg
[0.305s] -- Up-to-date: /home/jy/armordetect/install/slam_toolbox/share/slam_toolbox/srv/SaveMap_Response.msg
[0.305s] -- Up-to-date: /home/jy/armordetect/install/slam_toolbox/share/slam_toolbox/srv/LoopClosure.srv
[0.305s] -- Up-to-date: /home/jy/armordetect/install/slam_toolbox/share/slam_toolbox/srv/LoopClosure_Request.msg
[0.305s] -- Up-to-date: /home/jy/armordetect/install/slam_toolbox/share/slam_toolbox/srv/LoopClosure_Response.msg
[0.305s] -- Up-to-date: /home/jy/armordetect/install/slam_toolbox/share/slam_toolbox/srv/MergeMaps.srv
[0.305s] -- Up-to-date: /home/jy/armordetect/install/slam_toolbox/share/slam_toolbox/srv/MergeMaps_Request.msg
[0.305s] -- Up-to-date: /home/jy/armordetect/install/slam_toolbox/share/slam_toolbox/srv/MergeMaps_Response.msg
[0.305s] -- Up-to-date: /home/jy/armordetect/install/slam_toolbox/share/slam_toolbox/srv/AddSubmap.srv
[0.305s] -- Up-to-date: /home/jy/armordetect/install/slam_toolbox/share/slam_toolbox/srv/AddSubmap_Request.msg
[0.305s] -- Up-to-date: /home/jy/armordetect/install/slam_toolbox/share/slam_toolbox/srv/AddSubmap_Response.msg
[0.305s] -- Up-to-date: /home/jy/armordetect/install/slam_toolbox/share/slam_toolbox/srv/DeserializePoseGraph.srv
[0.305s] -- Up-to-date: /home/jy/armordetect/install/slam_toolbox/share/slam_toolbox/srv/DeserializePoseGraph_Request.msg
[0.305s] -- Up-to-date: /home/jy/armordetect/install/slam_toolbox/share/slam_toolbox/srv/DeserializePoseGraph_Response.msg
[0.305s] -- Up-to-date: /home/jy/armordetect/install/slam_toolbox/share/slam_toolbox/srv/SerializePoseGraph.srv
[0.305s] -- Up-to-date: /home/jy/armordetect/install/slam_toolbox/share/slam_toolbox/srv/SerializePoseGraph_Request.msg
[0.305s] -- Up-to-date: /home/jy/armordetect/install/slam_toolbox/share/slam_toolbox/srv/SerializePoseGraph_Response.msg
[0.305s] -- Up-to-date: /home/jy/armordetect/install/slam_toolbox/share/slam_toolbox/rviz_plugins.xml
[0.306s] -- Up-to-date: /home/jy/armordetect/install/slam_toolbox/share/slam_toolbox/solver_plugins.xml
[0.306s] -- Up-to-date: /home/jy/armordetect/install/slam_toolbox/lib/slam_toolbox/async_slam_toolbox_node
[0.306s] -- Up-to-date: /home/jy/armordetect/install/slam_toolbox/lib/slam_toolbox/sync_slam_toolbox_node
[0.306s] -- Up-to-date: /home/jy/armordetect/install/slam_toolbox/lib/slam_toolbox/localization_slam_toolbox_node
[0.306s] -- Up-to-date: /home/jy/armordetect/install/slam_toolbox/lib/slam_toolbox/map_and_localization_slam_toolbox_node
[0.306s] -- Up-to-date: /home/jy/armordetect/install/slam_toolbox/lib/slam_toolbox/merge_maps_kinematic
[0.306s] -- Up-to-date: /home/jy/armordetect/install/slam_toolbox/lib/libtoolbox_common.so
[0.306s] -- Up-to-date: /home/jy/armordetect/install/slam_toolbox/lib/libSlamToolboxPlugin.so
[0.306s] -- Up-to-date: /home/jy/armordetect/install/slam_toolbox/lib/libceres_solver_plugin.so
[0.306s] -- Up-to-date: /home/jy/armordetect/install/slam_toolbox/lib/libasync_slam_toolbox.so
[0.306s] -- Up-to-date: /home/jy/armordetect/install/slam_toolbox/lib/libsync_slam_toolbox.so
[0.306s] -- Up-to-date: /home/jy/armordetect/install/slam_toolbox/lib/liblocalization_slam_toolbox.so
[0.306s] -- Up-to-date: /home/jy/armordetect/install/slam_toolbox/lib/liblifelong_slam_toolbox.so
[0.307s] -- Up-to-date: /home/jy/armordetect/install/slam_toolbox/lib/libmap_and_localization_slam_toolbox.so
[0.307s] -- Up-to-date: /home/jy/armordetect/install/slam_toolbox/lib/libkartoSlamToolbox.so
[0.307s] -- Up-to-date: /home/jy/armordetect/install/slam_toolbox/lib/libSlamToolboxPlugin.so
[0.307s] -- Up-to-date: /home/jy/armordetect/install/slam_toolbox/include
[0.307s] -- Up-to-date: /home/jy/armordetect/install/slam_toolbox/include/slam_toolbox
[0.307s] -- Up-to-date: /home/jy/armordetect/install/slam_toolbox/include/slam_toolbox/get_pose_helper.hpp
[0.307s] -- Up-to-date: /home/jy/armordetect/install/slam_toolbox/include/slam_toolbox/laser_utils.hpp
[0.307s] -- Up-to-date: /home/jy/armordetect/install/slam_toolbox/include/slam_toolbox/toolbox_msgs.hpp
[0.307s] -- Up-to-date: /home/jy/armordetect/install/slam_toolbox/include/slam_toolbox/serialization.hpp
[0.308s] -- Up-to-date: /home/jy/armordetect/install/slam_toolbox/include/slam_toolbox/loop_closure_assistant.hpp
[0.308s] -- Up-to-date: /home/jy/armordetect/install/slam_toolbox/include/slam_toolbox/slam_toolbox_sync.hpp
[0.308s] -- Up-to-date: /home/jy/armordetect/install/slam_toolbox/include/slam_toolbox/map_saver.hpp
[0.308s] -- Up-to-date: /home/jy/armordetect/install/slam_toolbox/include/slam_toolbox/slam_toolbox_localization.hpp
[0.308s] -- Up-to-date: /home/jy/armordetect/install/slam_toolbox/include/slam_toolbox/merge_maps_kinematic.hpp
[0.308s] -- Up-to-date: /home/jy/armordetect/install/slam_toolbox/include/slam_toolbox/snap_utils.hpp
[0.308s] -- Up-to-date: /home/jy/armordetect/install/slam_toolbox/include/slam_toolbox/slam_toolbox_common.hpp
[0.308s] -- Up-to-date: /home/jy/armordetect/install/slam_toolbox/include/slam_toolbox/slam_toolbox_async.hpp
[0.308s] -- Up-to-date: /home/jy/armordetect/install/slam_toolbox/include/slam_toolbox/toolbox_types.hpp
[0.308s] -- Up-to-date: /home/jy/armordetect/install/slam_toolbox/include/slam_toolbox/visualization_utils.hpp
[0.308s] -- Up-to-date: /home/jy/armordetect/install/slam_toolbox/include/slam_toolbox/experimental
[0.308s] -- Up-to-date: /home/jy/armordetect/install/slam_toolbox/include/slam_toolbox/experimental/slam_toolbox_lifelong.hpp
[0.308s] -- Up-to-date: /home/jy/armordetect/install/slam_toolbox/include/slam_toolbox/experimental/slam_toolbox_map_and_localization.hpp
[0.309s] -- Up-to-date: /home/jy/armordetect/install/slam_toolbox/include/slam_toolbox/slam_mapper.hpp
[0.309s] -- Up-to-date: /home/jy/armordetect/install/slam_toolbox/share/slam_toolbox/launch
[0.309s] -- Up-to-date: /home/jy/armordetect/install/slam_toolbox/share/slam_toolbox/launch/offline_launch.py
[0.309s] -- Up-to-date: /home/jy/armordetect/install/slam_toolbox/share/slam_toolbox/launch/merge_maps_kinematic_launch.py
[0.309s] -- Up-to-date: /home/jy/armordetect/install/slam_toolbox/share/slam_toolbox/launch/localization_launch.py
[0.309s] -- Up-to-date: /home/jy/armordetect/install/slam_toolbox/share/slam_toolbox/launch/online_sync_launch.py
[0.309s] -- Up-to-date: /home/jy/armordetect/install/slam_toolbox/share/slam_toolbox/launch/online_async_launch.py
[0.309s] -- Up-to-date: /home/jy/armordetect/install/slam_toolbox/share/slam_toolbox/config
[0.309s] -- Up-to-date: /home/jy/armordetect/install/slam_toolbox/share/slam_toolbox/config/slam_toolbox_default.rviz
[0.309s] -- Up-to-date: /home/jy/armordetect/install/slam_toolbox/share/slam_toolbox/config/mapper_params_offline.yaml
[0.309s] -- Up-to-date: /home/jy/armordetect/install/slam_toolbox/share/slam_toolbox/config/mapper_params_localization.yaml
[0.309s] -- Up-to-date: /home/jy/armordetect/install/slam_toolbox/share/slam_toolbox/config/mapper_params_online_async.yaml
[0.309s] -- Up-to-date: /home/jy/armordetect/install/slam_toolbox/share/slam_toolbox/config/mapper_params_lifelong.yaml
[0.309s] -- Up-to-date: /home/jy/armordetect/install/slam_toolbox/share/slam_toolbox/config/mapper_params_online_sync.yaml
[0.309s] -- Up-to-date: /home/jy/armordetect/install/slam_toolbox/share/solver_plugins.xml
[0.309s] -- Up-to-date: /home/jy/armordetect/install/slam_toolbox/share/rviz_plugins.xml
[0.309s] -- Up-to-date: /home/jy/armordetect/install/slam_toolbox/share/ament_index/resource_index/package_run_dependencies/slam_toolbox
[0.309s] -- Up-to-date: /home/jy/armordetect/install/slam_toolbox/share/ament_index/resource_index/parent_prefix_path/slam_toolbox
[0.309s] -- Up-to-date: /home/jy/armordetect/install/slam_toolbox/share/slam_toolbox/environment/ament_prefix_path.sh
[0.309s] -- Up-to-date: /home/jy/armordetect/install/slam_toolbox/share/slam_toolbox/environment/ament_prefix_path.dsv
[0.309s] -- Up-to-date: /home/jy/armordetect/install/slam_toolbox/share/slam_toolbox/environment/path.sh
[0.309s] -- Up-to-date: /home/jy/armordetect/install/slam_toolbox/share/slam_toolbox/environment/path.dsv
[0.309s] -- Up-to-date: /home/jy/armordetect/install/slam_toolbox/share/slam_toolbox/local_setup.bash
[0.309s] -- Up-to-date: /home/jy/armordetect/install/slam_toolbox/share/slam_toolbox/local_setup.sh
[0.309s] -- Up-to-date: /home/jy/armordetect/install/slam_toolbox/share/slam_toolbox/local_setup.zsh
[0.309s] -- Up-to-date: /home/jy/armordetect/install/slam_toolbox/share/slam_toolbox/local_setup.dsv
[0.309s] -- Installing: /home/jy/armordetect/install/slam_toolbox/share/slam_toolbox/package.dsv
[0.309s] -- Up-to-date: /home/jy/armordetect/install/slam_toolbox/share/ament_index/resource_index/packages/slam_toolbox
[0.309s] -- Up-to-date: /home/jy/armordetect/install/slam_toolbox/share/ament_index/resource_index/rviz_common__pluginlib__plugin/slam_toolbox
[0.309s] -- Up-to-date: /home/jy/armordetect/install/slam_toolbox/share/ament_index/resource_index/slam_toolbox__pluginlib__plugin/slam_toolbox
[0.309s] -- Up-to-date: /home/jy/armordetect/install/slam_toolbox/share/slam_toolbox/cmake/export_slam_toolbox__rosidl_generator_cExport.cmake
[0.309s] -- Up-to-date: /home/jy/armordetect/install/slam_toolbox/share/slam_toolbox/cmake/export_slam_toolbox__rosidl_generator_cExport-release.cmake
[0.309s] -- Up-to-date: /home/jy/armordetect/install/slam_toolbox/share/slam_toolbox/cmake/export_slam_toolbox__rosidl_typesupport_fastrtps_cExport.cmake
[0.309s] -- Up-to-date: /home/jy/armordetect/install/slam_toolbox/share/slam_toolbox/cmake/export_slam_toolbox__rosidl_typesupport_fastrtps_cExport-release.cmake
[0.310s] -- Up-to-date: /home/jy/armordetect/install/slam_toolbox/share/slam_toolbox/cmake/export_slam_toolbox__rosidl_generator_cppExport.cmake
[0.310s] -- Up-to-date: /home/jy/armordetect/install/slam_toolbox/share/slam_toolbox/cmake/export_slam_toolbox__rosidl_typesupport_fastrtps_cppExport.cmake
[0.310s] -- Up-to-date: /home/jy/armordetect/install/slam_toolbox/share/slam_toolbox/cmake/export_slam_toolbox__rosidl_typesupport_fastrtps_cppExport-release.cmake
[0.310s] -- Up-to-date: /home/jy/armordetect/install/slam_toolbox/share/slam_toolbox/cmake/slam_toolbox__rosidl_typesupport_introspection_cExport.cmake
[0.310s] -- Up-to-date: /home/jy/armordetect/install/slam_toolbox/share/slam_toolbox/cmake/slam_toolbox__rosidl_typesupport_introspection_cExport-release.cmake
[0.310s] -- Up-to-date: /home/jy/armordetect/install/slam_toolbox/share/slam_toolbox/cmake/slam_toolbox__rosidl_typesupport_cExport.cmake
[0.310s] -- Up-to-date: /home/jy/armordetect/install/slam_toolbox/share/slam_toolbox/cmake/slam_toolbox__rosidl_typesupport_cExport-release.cmake
[0.310s] -- Up-to-date: /home/jy/armordetect/install/slam_toolbox/share/slam_toolbox/cmake/slam_toolbox__rosidl_typesupport_introspection_cppExport.cmake
[0.310s] -- Up-to-date: /home/jy/armordetect/install/slam_toolbox/share/slam_toolbox/cmake/slam_toolbox__rosidl_typesupport_introspection_cppExport-release.cmake
[0.310s] -- Up-to-date: /home/jy/armordetect/install/slam_toolbox/share/slam_toolbox/cmake/slam_toolbox__rosidl_typesupport_cppExport.cmake
[0.310s] -- Up-to-date: /home/jy/armordetect/install/slam_toolbox/share/slam_toolbox/cmake/slam_toolbox__rosidl_typesupport_cppExport-release.cmake
[0.310s] -- Up-to-date: /home/jy/armordetect/install/slam_toolbox/share/slam_toolbox/cmake/export_slam_toolbox__rosidl_generator_pyExport.cmake
[0.310s] -- Up-to-date: /home/jy/armordetect/install/slam_toolbox/share/slam_toolbox/cmake/export_slam_toolbox__rosidl_generator_pyExport-release.cmake
[0.310s] -- Up-to-date: /home/jy/armordetect/install/slam_toolbox/share/slam_toolbox/cmake/SlamToolboxPluginExport.cmake
[0.310s] -- Up-to-date: /home/jy/armordetect/install/slam_toolbox/share/slam_toolbox/cmake/SlamToolboxPluginExport-release.cmake
[0.310s] -- Up-to-date: /home/jy/armordetect/install/slam_toolbox/share/ament_index/resource_index/rclcpp_components/slam_toolbox
[0.311s] -- Up-to-date: /home/jy/armordetect/install/slam_toolbox/share/slam_toolbox/cmake/rosidl_cmake-extras.cmake
[0.311s] -- Up-to-date: /home/jy/armordetect/install/slam_toolbox/share/slam_toolbox/cmake/ament_cmake_export_dependencies-extras.cmake
[0.311s] -- Up-to-date: /home/jy/armordetect/install/slam_toolbox/share/slam_toolbox/cmake/ament_cmake_export_include_directories-extras.cmake
[0.311s] -- Up-to-date: /home/jy/armordetect/install/slam_toolbox/share/slam_toolbox/cmake/ament_cmake_export_libraries-extras.cmake
[0.311s] -- Up-to-date: /home/jy/armordetect/install/slam_toolbox/share/slam_toolbox/cmake/ament_cmake_export_targets-extras.cmake
[0.311s] -- Up-to-date: /home/jy/armordetect/install/slam_toolbox/share/slam_toolbox/cmake/rosidl_cmake_export_typesupport_targets-extras.cmake
[0.311s] -- Up-to-date: /home/jy/armordetect/install/slam_toolbox/share/slam_toolbox/cmake/rosidl_cmake_export_typesupport_libraries-extras.cmake
[0.311s] -- Up-to-date: /home/jy/armordetect/install/slam_toolbox/share/slam_toolbox/cmake/slam_toolboxConfig.cmake
[0.311s] -- Up-to-date: /home/jy/armordetect/install/slam_toolbox/share/slam_toolbox/cmake/slam_toolboxConfig-version.cmake
[0.311s] -- Up-to-date: /home/jy/armordetect/install/slam_toolbox/share/slam_toolbox/package.xml
[0.311s] -- Up-to-date: /home/jy/armordetect/install/slam_toolbox/include/
[0.311s] -- Up-to-date: /home/jy/armordetect/install/slam_toolbox/include//karto_sdk
[0.311s] -- Up-to-date: /home/jy/armordetect/install/slam_toolbox/include//karto_sdk/Mapper.h
[0.311s] -- Up-to-date: /home/jy/armordetect/install/slam_toolbox/include//karto_sdk/nanoflann_adaptors.h
[0.311s] -- Up-to-date: /home/jy/armordetect/install/slam_toolbox/include//karto_sdk/nanoflann.hpp
[0.311s] -- Up-to-date: /home/jy/armordetect/install/slam_toolbox/include//karto_sdk/Macros.h
[0.311s] -- Up-to-date: /home/jy/armordetect/install/slam_toolbox/include//karto_sdk/Math.h
[0.311s] -- Up-to-date: /home/jy/armordetect/install/slam_toolbox/include//karto_sdk/Karto.h
[0.311s] -- Up-to-date: /home/jy/armordetect/install/slam_toolbox/include//karto_sdk/Types.h
[0.311s] Invoked command in '/home/jy/armordetect/build/slam_toolbox' returned '0': CMAKE_PREFIX_PATH=/home/jy/ws00_helloworld/install/pkg01_helloworld_cpp:/home/jy/ws00_helloworld/install/cpp03_action:/home/jy/ws00_helloworld/install/cpp02_service:/home/jy/ws00_helloworld/install/cpp01_topic:/home/jy/ws00_helloworld/install/base_interfaces_demo:/home/jy/ws00_helloworld/install/py02_service:/home/jy/ws00_helloworld/install/py01_topic:/opt/ros/humble:/home/jy/catkin_ws/devel:/home/jy/catkin_ws/devel_isolated/wpr_simulation:/home/jy/catkin_ws/devel_isolated/ssr_pkg /usr/bin/cmake --install /home/jy/armordetect/build/slam_toolbox
