[0.007s] Invoking command in '/home/jy/armordetect/build/armor_interfaces': CMAKE_PREFIX_PATH=/home/jy/ws00_helloworld/install/pkg01_helloworld_cpp:/home/jy/ws00_helloworld/install/cpp03_action:/home/jy/ws00_helloworld/install/cpp02_service:/home/jy/ws00_helloworld/install/cpp01_topic:/home/jy/ws00_helloworld/install/base_interfaces_demo:/home/jy/ws00_helloworld/install/py02_service:/home/jy/ws00_helloworld/install/py01_topic:/opt/ros/humble:/home/jy/catkin_ws/devel:/home/jy/catkin_ws/devel_isolated/wpr_simulation:/home/jy/catkin_ws/devel_isolated/ssr_pkg /usr/bin/cmake --build /home/jy/armordetect/build/armor_interfaces -- -j16 -l16
[0.056s] [  3%] Built target armor_interfaces__cpp
[0.057s] [ 12%] Built target armor_interfaces__rosidl_generator_c
[0.068s] [ 12%] Built target ament_cmake_python_symlink_armor_interfaces
[0.087s] [ 22%] Built target armor_interfaces__rosidl_typesupport_cpp
[0.087s] [ 32%] Built target armor_interfaces__rosidl_typesupport_fastrtps_c
[0.089s] [ 41%] Built target armor_interfaces__rosidl_typesupport_c
[0.089s] [ 51%] Built target armor_interfaces__rosidl_typesupport_introspection_cpp
[0.090s] [ 61%] Built target armor_interfaces__rosidl_typesupport_introspection_c
[0.091s] [ 70%] Built target armor_interfaces__rosidl_typesupport_fastrtps_cpp
[0.107s] [ 70%] Built target armor_interfaces
[0.123s] [ 74%] Built target armor_interfaces__py
[0.141s] [ 80%] Built target armor_interfaces__rosidl_generator_py
[0.155s] [ 87%] Built target armor_interfaces__rosidl_typesupport_introspection_c__pyext
[0.156s] [ 93%] Built target armor_interfaces__rosidl_typesupport_c__pyext
[0.161s] [100%] Built target armor_interfaces__rosidl_typesupport_fastrtps_c__pyext
[0.197s] running egg_info
[0.206s] writing armor_interfaces.egg-info/PKG-INFO
[0.206s] writing dependency_links to armor_interfaces.egg-info/dependency_links.txt
[0.206s] writing top-level names to armor_interfaces.egg-info/top_level.txt
[0.230s] reading manifest file 'armor_interfaces.egg-info/SOURCES.txt'
[0.230s] writing manifest file 'armor_interfaces.egg-info/SOURCES.txt'
[0.246s] [100%] Built target ament_cmake_python_build_armor_interfaces_egg
[0.255s] Invoked command in '/home/jy/armordetect/build/armor_interfaces' returned '0': CMAKE_PREFIX_PATH=/home/jy/ws00_helloworld/install/pkg01_helloworld_cpp:/home/jy/ws00_helloworld/install/cpp03_action:/home/jy/ws00_helloworld/install/cpp02_service:/home/jy/ws00_helloworld/install/cpp01_topic:/home/jy/ws00_helloworld/install/base_interfaces_demo:/home/jy/ws00_helloworld/install/py02_service:/home/jy/ws00_helloworld/install/py01_topic:/opt/ros/humble:/home/jy/catkin_ws/devel:/home/jy/catkin_ws/devel_isolated/wpr_simulation:/home/jy/catkin_ws/devel_isolated/ssr_pkg /usr/bin/cmake --build /home/jy/armordetect/build/armor_interfaces -- -j16 -l16
[0.262s] Invoking command in '/home/jy/armordetect/build/armor_interfaces': CMAKE_PREFIX_PATH=/home/jy/ws00_helloworld/install/pkg01_helloworld_cpp:/home/jy/ws00_helloworld/install/cpp03_action:/home/jy/ws00_helloworld/install/cpp02_service:/home/jy/ws00_helloworld/install/cpp01_topic:/home/jy/ws00_helloworld/install/base_interfaces_demo:/home/jy/ws00_helloworld/install/py02_service:/home/jy/ws00_helloworld/install/py01_topic:/opt/ros/humble:/home/jy/catkin_ws/devel:/home/jy/catkin_ws/devel_isolated/wpr_simulation:/home/jy/catkin_ws/devel_isolated/ssr_pkg /usr/bin/cmake --install /home/jy/armordetect/build/armor_interfaces
[0.268s] -- Install configuration: ""
[0.269s] -- Execute custom install script
[0.269s] -- Up-to-date symlink: /home/jy/armordetect/install/armor_interfaces/share/ament_index/resource_index/rosidl_interfaces/armor_interfaces
[0.269s] -- Up-to-date symlink: /home/jy/armordetect/install/armor_interfaces/include/armor_interfaces/armor_interfaces/msg/armor_detection.h
[0.269s] -- Up-to-date symlink: /home/jy/armordetect/install/armor_interfaces/include/armor_interfaces/armor_interfaces/msg/detail/armor_detection__functions.h
[0.269s] -- Up-to-date symlink: /home/jy/armordetect/install/armor_interfaces/include/armor_interfaces/armor_interfaces/msg/detail/armor_detection__struct.h
[0.269s] -- Up-to-date symlink: /home/jy/armordetect/install/armor_interfaces/include/armor_interfaces/armor_interfaces/msg/detail/armor_detection__type_support.h
[0.269s] -- Up-to-date symlink: /home/jy/armordetect/install/armor_interfaces/include/armor_interfaces/armor_interfaces/msg/rosidl_generator_c__visibility_control.h
[0.269s] -- Up-to-date symlink: /home/jy/armordetect/install/armor_interfaces/share/armor_interfaces/environment/library_path.sh
[0.269s] -- Up-to-date symlink: /home/jy/armordetect/install/armor_interfaces/share/armor_interfaces/environment/library_path.dsv
[0.269s] -- Up-to-date symlink: /home/jy/armordetect/install/armor_interfaces/include/armor_interfaces/armor_interfaces/msg/detail/armor_detection__rosidl_typesupport_fastrtps_c.h
[0.269s] -- Up-to-date symlink: /home/jy/armordetect/install/armor_interfaces/include/armor_interfaces/armor_interfaces/msg/rosidl_typesupport_fastrtps_c__visibility_control.h
[0.270s] -- Up-to-date symlink: /home/jy/armordetect/install/armor_interfaces/include/armor_interfaces/armor_interfaces/msg/detail/armor_detection__rosidl_typesupport_introspection_c.h
[0.270s] -- Up-to-date symlink: /home/jy/armordetect/install/armor_interfaces/include/armor_interfaces/armor_interfaces/msg/rosidl_typesupport_introspection_c__visibility_control.h
[0.270s] -- Up-to-date symlink: /home/jy/armordetect/install/armor_interfaces/include/armor_interfaces/armor_interfaces/msg/armor_detection.hpp
[0.270s] -- Up-to-date symlink: /home/jy/armordetect/install/armor_interfaces/include/armor_interfaces/armor_interfaces/msg/detail/armor_detection__builder.hpp
[0.270s] -- Up-to-date symlink: /home/jy/armordetect/install/armor_interfaces/include/armor_interfaces/armor_interfaces/msg/detail/armor_detection__struct.hpp
[0.270s] -- Up-to-date symlink: /home/jy/armordetect/install/armor_interfaces/include/armor_interfaces/armor_interfaces/msg/detail/armor_detection__traits.hpp
[0.270s] -- Up-to-date symlink: /home/jy/armordetect/install/armor_interfaces/include/armor_interfaces/armor_interfaces/msg/detail/armor_detection__type_support.hpp
[0.270s] -- Up-to-date symlink: /home/jy/armordetect/install/armor_interfaces/include/armor_interfaces/armor_interfaces/msg/rosidl_generator_cpp__visibility_control.hpp
[0.270s] -- Up-to-date symlink: /home/jy/armordetect/install/armor_interfaces/include/armor_interfaces/armor_interfaces/msg/detail/armor_detection__rosidl_typesupport_fastrtps_cpp.hpp
[0.270s] -- Up-to-date symlink: /home/jy/armordetect/install/armor_interfaces/include/armor_interfaces/armor_interfaces/msg/rosidl_typesupport_fastrtps_cpp__visibility_control.h
[0.270s] -- Up-to-date symlink: /home/jy/armordetect/install/armor_interfaces/include/armor_interfaces/armor_interfaces/msg/detail/armor_detection__rosidl_typesupport_introspection_cpp.hpp
[0.270s] -- Up-to-date symlink: /home/jy/armordetect/install/armor_interfaces/share/armor_interfaces/environment/pythonpath.sh
[0.271s] -- Up-to-date symlink: /home/jy/armordetect/install/armor_interfaces/share/armor_interfaces/environment/pythonpath.dsv
[0.271s] -- Up-to-date symlink: /home/jy/armordetect/install/armor_interfaces/local/lib/python3.10/dist-packages/armor_interfaces-0.0.0-py3.10.egg-info/PKG-INFO
[0.271s] -- Up-to-date symlink: /home/jy/armordetect/install/armor_interfaces/local/lib/python3.10/dist-packages/armor_interfaces-0.0.0-py3.10.egg-info/SOURCES.txt
[0.271s] -- Up-to-date symlink: /home/jy/armordetect/install/armor_interfaces/local/lib/python3.10/dist-packages/armor_interfaces-0.0.0-py3.10.egg-info/dependency_links.txt
[0.271s] -- Up-to-date symlink: /home/jy/armordetect/install/armor_interfaces/local/lib/python3.10/dist-packages/armor_interfaces-0.0.0-py3.10.egg-info/top_level.txt
[0.271s] -- Up-to-date symlink: /home/jy/armordetect/install/armor_interfaces/local/lib/python3.10/dist-packages/armor_interfaces/__init__.py
[0.271s] -- Up-to-date symlink: /home/jy/armordetect/install/armor_interfaces/local/lib/python3.10/dist-packages/armor_interfaces/_armor_interfaces_s.ep.rosidl_typesupport_c.c
[0.271s] -- Up-to-date symlink: /home/jy/armordetect/install/armor_interfaces/local/lib/python3.10/dist-packages/armor_interfaces/_armor_interfaces_s.ep.rosidl_typesupport_fastrtps_c.c
[0.271s] -- Up-to-date symlink: /home/jy/armordetect/install/armor_interfaces/local/lib/python3.10/dist-packages/armor_interfaces/_armor_interfaces_s.ep.rosidl_typesupport_introspection_c.c
[0.271s] -- Up-to-date symlink: /home/jy/armordetect/install/armor_interfaces/local/lib/python3.10/dist-packages/armor_interfaces/armor_interfaces_s__rosidl_typesupport_c.cpython-310-x86_64-linux-gnu.so
[0.271s] -- Up-to-date symlink: /home/jy/armordetect/install/armor_interfaces/local/lib/python3.10/dist-packages/armor_interfaces/armor_interfaces_s__rosidl_typesupport_fastrtps_c.cpython-310-x86_64-linux-gnu.so
[0.271s] -- Up-to-date symlink: /home/jy/armordetect/install/armor_interfaces/local/lib/python3.10/dist-packages/armor_interfaces/armor_interfaces_s__rosidl_typesupport_introspection_c.cpython-310-x86_64-linux-gnu.so
[0.271s] -- Up-to-date symlink: /home/jy/armordetect/install/armor_interfaces/local/lib/python3.10/dist-packages/armor_interfaces/libarmor_interfaces__rosidl_generator_py.so
[0.271s] -- Up-to-date symlink: /home/jy/armordetect/install/armor_interfaces/local/lib/python3.10/dist-packages/armor_interfaces/msg/__init__.py
[0.271s] -- Up-to-date symlink: /home/jy/armordetect/install/armor_interfaces/local/lib/python3.10/dist-packages/armor_interfaces/msg/_armor_detection.py
[0.271s] -- Up-to-date symlink: /home/jy/armordetect/install/armor_interfaces/local/lib/python3.10/dist-packages/armor_interfaces/msg/_armor_detection_s.c
[0.272s] -- Up-to-date symlink: /home/jy/armordetect/install/armor_interfaces/local/lib/python3.10/dist-packages/armor_interfaces/armor_interfaces_s__rosidl_typesupport_fastrtps_c.cpython-310-x86_64-linux-gnu.so
[0.272s] -- Up-to-date symlink: /home/jy/armordetect/install/armor_interfaces/local/lib/python3.10/dist-packages/armor_interfaces/armor_interfaces_s__rosidl_typesupport_introspection_c.cpython-310-x86_64-linux-gnu.so
[0.274s] -- Up-to-date symlink: /home/jy/armordetect/install/armor_interfaces/local/lib/python3.10/dist-packages/armor_interfaces/armor_interfaces_s__rosidl_typesupport_c.cpython-310-x86_64-linux-gnu.so
[0.274s] -- Up-to-date symlink: /home/jy/armordetect/install/armor_interfaces/share/armor_interfaces/msg/ArmorDetection.idl
[0.274s] -- Up-to-date symlink: /home/jy/armordetect/install/armor_interfaces/share/armor_interfaces/msg/ArmorDetection.msg
[0.274s] -- Up-to-date symlink: /home/jy/armordetect/install/armor_interfaces/share/ament_index/resource_index/package_run_dependencies/armor_interfaces
[0.274s] -- Up-to-date symlink: /home/jy/armordetect/install/armor_interfaces/share/ament_index/resource_index/parent_prefix_path/armor_interfaces
[0.275s] -- Up-to-date symlink: /home/jy/armordetect/install/armor_interfaces/share/armor_interfaces/environment/ament_prefix_path.sh
[0.275s] -- Up-to-date symlink: /home/jy/armordetect/install/armor_interfaces/share/armor_interfaces/environment/ament_prefix_path.dsv
[0.275s] -- Up-to-date symlink: /home/jy/armordetect/install/armor_interfaces/share/armor_interfaces/environment/path.sh
[0.275s] -- Up-to-date symlink: /home/jy/armordetect/install/armor_interfaces/share/armor_interfaces/environment/path.dsv
[0.275s] -- Up-to-date symlink: /home/jy/armordetect/install/armor_interfaces/share/armor_interfaces/local_setup.bash
[0.275s] -- Up-to-date symlink: /home/jy/armordetect/install/armor_interfaces/share/armor_interfaces/local_setup.sh
[0.275s] -- Up-to-date symlink: /home/jy/armordetect/install/armor_interfaces/share/armor_interfaces/local_setup.zsh
[0.275s] -- Up-to-date symlink: /home/jy/armordetect/install/armor_interfaces/share/armor_interfaces/local_setup.dsv
[0.275s] -- Symlinking: /home/jy/armordetect/install/armor_interfaces/share/armor_interfaces/package.dsv
[0.283s] -- Up-to-date symlink: /home/jy/armordetect/install/armor_interfaces/share/ament_index/resource_index/packages/armor_interfaces
[0.283s] -- Up-to-date symlink: /home/jy/armordetect/install/armor_interfaces/share/armor_interfaces/cmake/rosidl_cmake-extras.cmake
[0.283s] -- Up-to-date symlink: /home/jy/armordetect/install/armor_interfaces/share/armor_interfaces/cmake/ament_cmake_export_dependencies-extras.cmake
[0.283s] -- Up-to-date symlink: /home/jy/armordetect/install/armor_interfaces/share/armor_interfaces/cmake/ament_cmake_export_include_directories-extras.cmake
[0.283s] -- Up-to-date symlink: /home/jy/armordetect/install/armor_interfaces/share/armor_interfaces/cmake/ament_cmake_export_libraries-extras.cmake
[0.283s] -- Up-to-date symlink: /home/jy/armordetect/install/armor_interfaces/share/armor_interfaces/cmake/ament_cmake_export_targets-extras.cmake
[0.283s] -- Up-to-date symlink: /home/jy/armordetect/install/armor_interfaces/share/armor_interfaces/cmake/rosidl_cmake_export_typesupport_targets-extras.cmake
[0.283s] -- Up-to-date symlink: /home/jy/armordetect/install/armor_interfaces/share/armor_interfaces/cmake/rosidl_cmake_export_typesupport_libraries-extras.cmake
[0.283s] -- Up-to-date symlink: /home/jy/armordetect/install/armor_interfaces/share/armor_interfaces/cmake/armor_interfacesConfig.cmake
[0.283s] -- Up-to-date symlink: /home/jy/armordetect/install/armor_interfaces/share/armor_interfaces/cmake/armor_interfacesConfig-version.cmake
[0.283s] -- Up-to-date symlink: /home/jy/armordetect/install/armor_interfaces/share/armor_interfaces/package.xml
[0.284s] -- Up-to-date: /home/jy/armordetect/install/armor_interfaces/lib/libarmor_interfaces__rosidl_generator_c.so
[0.284s] -- Up-to-date: /home/jy/armordetect/install/armor_interfaces/lib/libarmor_interfaces__rosidl_typesupport_fastrtps_c.so
[0.284s] -- Up-to-date: /home/jy/armordetect/install/armor_interfaces/lib/libarmor_interfaces__rosidl_typesupport_introspection_c.so
[0.284s] -- Up-to-date: /home/jy/armordetect/install/armor_interfaces/lib/libarmor_interfaces__rosidl_typesupport_c.so
[0.284s] -- Up-to-date: /home/jy/armordetect/install/armor_interfaces/lib/libarmor_interfaces__rosidl_typesupport_fastrtps_cpp.so
[0.284s] -- Up-to-date: /home/jy/armordetect/install/armor_interfaces/lib/libarmor_interfaces__rosidl_typesupport_introspection_cpp.so
[0.284s] -- Up-to-date: /home/jy/armordetect/install/armor_interfaces/lib/libarmor_interfaces__rosidl_typesupport_cpp.so
[0.305s] Listing '/home/jy/armordetect/install/armor_interfaces/local/lib/python3.10/dist-packages/armor_interfaces'...
[0.305s] Listing '/home/jy/armordetect/install/armor_interfaces/local/lib/python3.10/dist-packages/armor_interfaces/msg'...
[0.307s] -- Up-to-date: /home/jy/armordetect/install/armor_interfaces/lib/libarmor_interfaces__rosidl_generator_py.so
[0.307s] -- Up-to-date: /home/jy/armordetect/install/armor_interfaces/share/armor_interfaces/cmake/export_armor_interfaces__rosidl_generator_cExport.cmake
[0.308s] -- Up-to-date: /home/jy/armordetect/install/armor_interfaces/share/armor_interfaces/cmake/export_armor_interfaces__rosidl_generator_cExport-noconfig.cmake
[0.308s] -- Up-to-date: /home/jy/armordetect/install/armor_interfaces/share/armor_interfaces/cmake/export_armor_interfaces__rosidl_typesupport_fastrtps_cExport.cmake
[0.308s] -- Up-to-date: /home/jy/armordetect/install/armor_interfaces/share/armor_interfaces/cmake/export_armor_interfaces__rosidl_typesupport_fastrtps_cExport-noconfig.cmake
[0.308s] -- Up-to-date: /home/jy/armordetect/install/armor_interfaces/share/armor_interfaces/cmake/armor_interfaces__rosidl_typesupport_introspection_cExport.cmake
[0.308s] -- Up-to-date: /home/jy/armordetect/install/armor_interfaces/share/armor_interfaces/cmake/armor_interfaces__rosidl_typesupport_introspection_cExport-noconfig.cmake
[0.308s] -- Up-to-date: /home/jy/armordetect/install/armor_interfaces/share/armor_interfaces/cmake/armor_interfaces__rosidl_typesupport_cExport.cmake
[0.308s] -- Up-to-date: /home/jy/armordetect/install/armor_interfaces/share/armor_interfaces/cmake/armor_interfaces__rosidl_typesupport_cExport-noconfig.cmake
[0.308s] -- Up-to-date: /home/jy/armordetect/install/armor_interfaces/share/armor_interfaces/cmake/export_armor_interfaces__rosidl_generator_cppExport.cmake
[0.308s] -- Up-to-date: /home/jy/armordetect/install/armor_interfaces/share/armor_interfaces/cmake/export_armor_interfaces__rosidl_typesupport_fastrtps_cppExport.cmake
[0.308s] -- Up-to-date: /home/jy/armordetect/install/armor_interfaces/share/armor_interfaces/cmake/export_armor_interfaces__rosidl_typesupport_fastrtps_cppExport-noconfig.cmake
[0.308s] -- Up-to-date: /home/jy/armordetect/install/armor_interfaces/share/armor_interfaces/cmake/armor_interfaces__rosidl_typesupport_introspection_cppExport.cmake
[0.308s] -- Up-to-date: /home/jy/armordetect/install/armor_interfaces/share/armor_interfaces/cmake/armor_interfaces__rosidl_typesupport_introspection_cppExport-noconfig.cmake
[0.308s] -- Up-to-date: /home/jy/armordetect/install/armor_interfaces/share/armor_interfaces/cmake/armor_interfaces__rosidl_typesupport_cppExport.cmake
[0.308s] -- Up-to-date: /home/jy/armordetect/install/armor_interfaces/share/armor_interfaces/cmake/armor_interfaces__rosidl_typesupport_cppExport-noconfig.cmake
[0.308s] -- Up-to-date: /home/jy/armordetect/install/armor_interfaces/share/armor_interfaces/cmake/export_armor_interfaces__rosidl_generator_pyExport.cmake
[0.308s] -- Up-to-date: /home/jy/armordetect/install/armor_interfaces/share/armor_interfaces/cmake/export_armor_interfaces__rosidl_generator_pyExport-noconfig.cmake
[0.310s] Invoked command in '/home/jy/armordetect/build/armor_interfaces' returned '0': CMAKE_PREFIX_PATH=/home/jy/ws00_helloworld/install/pkg01_helloworld_cpp:/home/jy/ws00_helloworld/install/cpp03_action:/home/jy/ws00_helloworld/install/cpp02_service:/home/jy/ws00_helloworld/install/cpp01_topic:/home/jy/ws00_helloworld/install/base_interfaces_demo:/home/jy/ws00_helloworld/install/py02_service:/home/jy/ws00_helloworld/install/py01_topic:/opt/ros/humble:/home/jy/catkin_ws/devel:/home/jy/catkin_ws/devel_isolated/wpr_simulation:/home/jy/catkin_ws/devel_isolated/ssr_pkg /usr/bin/cmake --install /home/jy/armordetect/build/armor_interfaces
