[35m[1mConsolidate compiler generated dependencies of target subscriber_node[0m
[35m[1mConsolidate compiler generated dependencies of target publisher_node[0m
[ 30%] Built target subscriber_node
[ 40%] [32mBuilding CXX object CMakeFiles/publisher_node.dir/src/armor_detector.cpp.o[0m
[ 50%] [32m[1mLinking CXX executable publisher_node[0m
[100%] Built target publisher_node
-- Install configuration: ""
-- Installing: /home/jy/armordetect/install/armor_detect/lib/armor_detect/publisher_node
-- Set runtime path of "/home/jy/armordetect/install/armor_detect/lib/armor_detect/publisher_node" to ""
-- Up-to-date: /home/jy/armordetect/install/armor_detect/lib/armor_detect/subscriber_node
-- Up-to-date: /home/jy/armordetect/install/armor_detect/share/ament_index/resource_index/package_run_dependencies/armor_detect
-- Up-to-date: /home/jy/armordetect/install/armor_detect/share/ament_index/resource_index/parent_prefix_path/armor_detect
-- Up-to-date: /home/jy/armordetect/install/armor_detect/share/armor_detect/environment/ament_prefix_path.sh
-- Up-to-date: /home/jy/armordetect/install/armor_detect/share/armor_detect/environment/ament_prefix_path.dsv
-- Up-to-date: /home/jy/armordetect/install/armor_detect/share/armor_detect/environment/path.sh
-- Up-to-date: /home/jy/armordetect/install/armor_detect/share/armor_detect/environment/path.dsv
-- Up-to-date: /home/jy/armordetect/install/armor_detect/share/armor_detect/local_setup.bash
-- Up-to-date: /home/jy/armordetect/install/armor_detect/share/armor_detect/local_setup.sh
-- Up-to-date: /home/jy/armordetect/install/armor_detect/share/armor_detect/local_setup.zsh
-- Up-to-date: /home/jy/armordetect/install/armor_detect/share/armor_detect/local_setup.dsv
-- Installing: /home/jy/armordetect/install/armor_detect/share/armor_detect/package.dsv
-- Up-to-date: /home/jy/armordetect/install/armor_detect/share/ament_index/resource_index/packages/armor_detect
-- Up-to-date: /home/jy/armordetect/install/armor_detect/share/armor_detect/cmake/armor_detectConfig.cmake
-- Up-to-date: /home/jy/armordetect/install/armor_detect/share/armor_detect/cmake/armor_detectConfig-version.cmake
-- Up-to-date: /home/jy/armordetect/install/armor_detect/share/armor_detect/package.xml
