[0.007s] Invoking command in '/home/jy/armordetect/build/armor_interfaces': CMAKE_PREFIX_PATH=/home/jy/ws00_helloworld/install/pkg01_helloworld_cpp:/home/jy/ws00_helloworld/install/cpp03_action:/home/jy/ws00_helloworld/install/cpp02_service:/home/jy/ws00_helloworld/install/cpp01_topic:/home/jy/ws00_helloworld/install/base_interfaces_demo:/home/jy/ws00_helloworld/install/py02_service:/home/jy/ws00_helloworld/install/py01_topic:/opt/ros/humble:/home/jy/catkin_ws/devel:/home/jy/catkin_ws/devel_isolated/wpr_simulation:/home/jy/catkin_ws/devel_isolated/ssr_pkg /usr/bin/cmake /home/jy/armordetect/src/armor_interfaces -DCMAKE_INSTALL_PREFIX=/home/jy/armordetect/install/armor_interfaces
[0.015s] -- Found ament_cmake: 1.3.12 (/opt/ros/humble/share/ament_cmake/cmake)
[0.091s] -- Override CMake install command with custom implementation using symlinks instead of copying resources
[0.095s] -- Found rosidl_default_generators: 1.2.0 (/opt/ros/humble/share/rosidl_default_generators/cmake)
[0.096s] -- Using all available rosidl_typesupport_c: rosidl_typesupport_fastrtps_c;rosidl_typesupport_introspection_c
[0.098s] -- Found rosidl_adapter: 3.1.7 (/opt/ros/humble/share/rosidl_adapter/cmake)
[0.114s] -- Using all available rosidl_typesupport_cpp: rosidl_typesupport_fastrtps_cpp;rosidl_typesupport_introspection_cpp
[0.128s] -- Found geometry_msgs: 4.9.0 (/opt/ros/humble/share/geometry_msgs/cmake)
[0.328s] -- Found ament_cmake_ros: 0.10.0 (/opt/ros/humble/share/ament_cmake_ros/cmake)
[0.502s] -- Using all available rosidl_typesupport_c: rosidl_typesupport_fastrtps_c;rosidl_typesupport_introspection_c
[0.716s] -- Using all available rosidl_typesupport_cpp: rosidl_typesupport_fastrtps_cpp;rosidl_typesupport_introspection_cpp
[0.730s] -- Found python_cmake_module: 0.10.0 (/opt/ros/humble/share/python_cmake_module/cmake)
[0.744s] -- Using PYTHON_EXECUTABLE: /usr/bin/python3
[0.745s] -- Using PYTHON_INCLUDE_DIRS: /usr/include/python3.10
[0.745s] -- Using PYTHON_LIBRARIES: /usr/lib/x86_64-linux-gnu/libpython3.10.so
[0.769s] -- Found ament_lint_auto: 0.12.14 (/opt/ros/humble/share/ament_lint_auto/cmake)
[0.772s] -- Configuring done
[0.789s] -- Generating done
[0.795s] -- Build files have been written to: /home/jy/armordetect/build/armor_interfaces
[0.799s] Invoked command in '/home/jy/armordetect/build/armor_interfaces' returned '0': CMAKE_PREFIX_PATH=/home/jy/ws00_helloworld/install/pkg01_helloworld_cpp:/home/jy/ws00_helloworld/install/cpp03_action:/home/jy/ws00_helloworld/install/cpp02_service:/home/jy/ws00_helloworld/install/cpp01_topic:/home/jy/ws00_helloworld/install/base_interfaces_demo:/home/jy/ws00_helloworld/install/py02_service:/home/jy/ws00_helloworld/install/py01_topic:/opt/ros/humble:/home/jy/catkin_ws/devel:/home/jy/catkin_ws/devel_isolated/wpr_simulation:/home/jy/catkin_ws/devel_isolated/ssr_pkg /usr/bin/cmake /home/jy/armordetect/src/armor_interfaces -DCMAKE_INSTALL_PREFIX=/home/jy/armordetect/install/armor_interfaces
[0.801s] Invoking command in '/home/jy/armordetect/build/armor_interfaces': CMAKE_PREFIX_PATH=/home/jy/ws00_helloworld/install/pkg01_helloworld_cpp:/home/jy/ws00_helloworld/install/cpp03_action:/home/jy/ws00_helloworld/install/cpp02_service:/home/jy/ws00_helloworld/install/cpp01_topic:/home/jy/ws00_helloworld/install/base_interfaces_demo:/home/jy/ws00_helloworld/install/py02_service:/home/jy/ws00_helloworld/install/py01_topic:/opt/ros/humble:/home/jy/catkin_ws/devel:/home/jy/catkin_ws/devel_isolated/wpr_simulation:/home/jy/catkin_ws/devel_isolated/ssr_pkg /usr/bin/cmake --build /home/jy/armordetect/build/armor_interfaces -- -j16 -l16
[0.832s] [35m[1mConsolidate compiler generated dependencies of target armor_interfaces__rosidl_generator_c[0m
[0.842s] [  3%] Built target armor_interfaces__cpp
[0.842s] [ 12%] Built target armor_interfaces__rosidl_generator_c
[0.845s] [ 12%] Built target ament_cmake_python_symlink_armor_interfaces
[0.850s] [35m[1mConsolidate compiler generated dependencies of target armor_interfaces__rosidl_typesupport_cpp[0m
[0.850s] [35m[1mConsolidate compiler generated dependencies of target armor_interfaces__rosidl_typesupport_introspection_cpp[0m
[0.851s] [35m[1mConsolidate compiler generated dependencies of target armor_interfaces__rosidl_typesupport_fastrtps_cpp[0m
[0.853s] [35m[1mConsolidate compiler generated dependencies of target armor_interfaces__rosidl_typesupport_c[0m
[0.853s] [35m[1mConsolidate compiler generated dependencies of target armor_interfaces__rosidl_typesupport_introspection_c[0m
[0.855s] [35m[1mConsolidate compiler generated dependencies of target armor_interfaces__rosidl_typesupport_fastrtps_c[0m
[0.861s] [ 22%] Built target armor_interfaces__rosidl_typesupport_cpp
[0.861s] [ 38%] Built target armor_interfaces__rosidl_typesupport_c
[0.862s] [ 41%] Built target armor_interfaces__rosidl_typesupport_introspection_cpp
[0.862s] [ 51%] Built target armor_interfaces__rosidl_typesupport_introspection_c
[0.864s] [ 61%] Built target armor_interfaces__rosidl_typesupport_fastrtps_cpp
[0.865s] [ 70%] Built target armor_interfaces__rosidl_typesupport_fastrtps_c
[0.879s] [ 70%] Built target armor_interfaces
[0.894s] [ 74%] Built target armor_interfaces__py
[0.901s] [35m[1mConsolidate compiler generated dependencies of target armor_interfaces__rosidl_generator_py[0m
[0.911s] [ 80%] Built target armor_interfaces__rosidl_generator_py
[0.916s] [35m[1mConsolidate compiler generated dependencies of target armor_interfaces__rosidl_typesupport_c__pyext[0m
[0.917s] [35m[1mConsolidate compiler generated dependencies of target armor_interfaces__rosidl_typesupport_introspection_c__pyext[0m
[0.919s] [35m[1mConsolidate compiler generated dependencies of target armor_interfaces__rosidl_typesupport_fastrtps_c__pyext[0m
[0.924s] [ 87%] Built target armor_interfaces__rosidl_typesupport_c__pyext
[0.926s] [ 93%] Built target armor_interfaces__rosidl_typesupport_introspection_c__pyext
[0.928s] [100%] Built target armor_interfaces__rosidl_typesupport_fastrtps_c__pyext
[0.961s] running egg_info
[0.969s] writing armor_interfaces.egg-info/PKG-INFO
[0.969s] writing dependency_links to armor_interfaces.egg-info/dependency_links.txt
[0.969s] writing top-level names to armor_interfaces.egg-info/top_level.txt
[0.993s] reading manifest file 'armor_interfaces.egg-info/SOURCES.txt'
[0.993s] writing manifest file 'armor_interfaces.egg-info/SOURCES.txt'
[1.010s] [100%] Built target ament_cmake_python_build_armor_interfaces_egg
[1.017s] Invoked command in '/home/jy/armordetect/build/armor_interfaces' returned '0': CMAKE_PREFIX_PATH=/home/jy/ws00_helloworld/install/pkg01_helloworld_cpp:/home/jy/ws00_helloworld/install/cpp03_action:/home/jy/ws00_helloworld/install/cpp02_service:/home/jy/ws00_helloworld/install/cpp01_topic:/home/jy/ws00_helloworld/install/base_interfaces_demo:/home/jy/ws00_helloworld/install/py02_service:/home/jy/ws00_helloworld/install/py01_topic:/opt/ros/humble:/home/jy/catkin_ws/devel:/home/jy/catkin_ws/devel_isolated/wpr_simulation:/home/jy/catkin_ws/devel_isolated/ssr_pkg /usr/bin/cmake --build /home/jy/armordetect/build/armor_interfaces -- -j16 -l16
[1.025s] Invoking command in '/home/jy/armordetect/build/armor_interfaces': CMAKE_PREFIX_PATH=/home/jy/ws00_helloworld/install/pkg01_helloworld_cpp:/home/jy/ws00_helloworld/install/cpp03_action:/home/jy/ws00_helloworld/install/cpp02_service:/home/jy/ws00_helloworld/install/cpp01_topic:/home/jy/ws00_helloworld/install/base_interfaces_demo:/home/jy/ws00_helloworld/install/py02_service:/home/jy/ws00_helloworld/install/py01_topic:/opt/ros/humble:/home/jy/catkin_ws/devel:/home/jy/catkin_ws/devel_isolated/wpr_simulation:/home/jy/catkin_ws/devel_isolated/ssr_pkg /usr/bin/cmake --install /home/jy/armordetect/build/armor_interfaces
[1.032s] -- Install configuration: ""
[1.032s] -- Execute custom install script
[1.032s] -- Up-to-date symlink: /home/jy/armordetect/install/armor_interfaces/share/ament_index/resource_index/rosidl_interfaces/armor_interfaces
[1.033s] -- Up-to-date symlink: /home/jy/armordetect/install/armor_interfaces/include/armor_interfaces/armor_interfaces/msg/armor_detection.h
[1.033s] -- Up-to-date symlink: /home/jy/armordetect/install/armor_interfaces/include/armor_interfaces/armor_interfaces/msg/detail/armor_detection__functions.h
[1.033s] -- Up-to-date symlink: /home/jy/armordetect/install/armor_interfaces/include/armor_interfaces/armor_interfaces/msg/detail/armor_detection__struct.h
[1.033s] -- Up-to-date symlink: /home/jy/armordetect/install/armor_interfaces/include/armor_interfaces/armor_interfaces/msg/detail/armor_detection__type_support.h
[1.033s] -- Up-to-date symlink: /home/jy/armordetect/install/armor_interfaces/include/armor_interfaces/armor_interfaces/msg/rosidl_generator_c__visibility_control.h
[1.033s] -- Up-to-date symlink: /home/jy/armordetect/install/armor_interfaces/share/armor_interfaces/environment/library_path.sh
[1.033s] -- Up-to-date symlink: /home/jy/armordetect/install/armor_interfaces/share/armor_interfaces/environment/library_path.dsv
[1.034s] -- Up-to-date symlink: /home/jy/armordetect/install/armor_interfaces/include/armor_interfaces/armor_interfaces/msg/detail/armor_detection__rosidl_typesupport_fastrtps_c.h
[1.034s] -- Up-to-date symlink: /home/jy/armordetect/install/armor_interfaces/include/armor_interfaces/armor_interfaces/msg/rosidl_typesupport_fastrtps_c__visibility_control.h
[1.034s] -- Up-to-date symlink: /home/jy/armordetect/install/armor_interfaces/include/armor_interfaces/armor_interfaces/msg/detail/armor_detection__rosidl_typesupport_introspection_c.h
[1.034s] -- Up-to-date symlink: /home/jy/armordetect/install/armor_interfaces/include/armor_interfaces/armor_interfaces/msg/rosidl_typesupport_introspection_c__visibility_control.h
[1.034s] -- Up-to-date symlink: /home/jy/armordetect/install/armor_interfaces/include/armor_interfaces/armor_interfaces/msg/armor_detection.hpp
[1.034s] -- Up-to-date symlink: /home/jy/armordetect/install/armor_interfaces/include/armor_interfaces/armor_interfaces/msg/detail/armor_detection__builder.hpp
[1.035s] -- Up-to-date symlink: /home/jy/armordetect/install/armor_interfaces/include/armor_interfaces/armor_interfaces/msg/detail/armor_detection__struct.hpp
[1.035s] -- Up-to-date symlink: /home/jy/armordetect/install/armor_interfaces/include/armor_interfaces/armor_interfaces/msg/detail/armor_detection__traits.hpp
[1.035s] -- Up-to-date symlink: /home/jy/armordetect/install/armor_interfaces/include/armor_interfaces/armor_interfaces/msg/detail/armor_detection__type_support.hpp
[1.035s] -- Up-to-date symlink: /home/jy/armordetect/install/armor_interfaces/include/armor_interfaces/armor_interfaces/msg/rosidl_generator_cpp__visibility_control.hpp
[1.035s] -- Up-to-date symlink: /home/jy/armordetect/install/armor_interfaces/include/armor_interfaces/armor_interfaces/msg/detail/armor_detection__rosidl_typesupport_fastrtps_cpp.hpp
[1.035s] -- Up-to-date symlink: /home/jy/armordetect/install/armor_interfaces/include/armor_interfaces/armor_interfaces/msg/rosidl_typesupport_fastrtps_cpp__visibility_control.h
[1.036s] -- Up-to-date symlink: /home/jy/armordetect/install/armor_interfaces/include/armor_interfaces/armor_interfaces/msg/detail/armor_detection__rosidl_typesupport_introspection_cpp.hpp
[1.036s] -- Up-to-date symlink: /home/jy/armordetect/install/armor_interfaces/share/armor_interfaces/environment/pythonpath.sh
[1.036s] -- Up-to-date symlink: /home/jy/armordetect/install/armor_interfaces/share/armor_interfaces/environment/pythonpath.dsv
[1.036s] -- Up-to-date symlink: /home/jy/armordetect/install/armor_interfaces/local/lib/python3.10/dist-packages/armor_interfaces-0.0.0-py3.10.egg-info/PKG-INFO
[1.036s] -- Up-to-date symlink: /home/jy/armordetect/install/armor_interfaces/local/lib/python3.10/dist-packages/armor_interfaces-0.0.0-py3.10.egg-info/SOURCES.txt
[1.036s] -- Up-to-date symlink: /home/jy/armordetect/install/armor_interfaces/local/lib/python3.10/dist-packages/armor_interfaces-0.0.0-py3.10.egg-info/dependency_links.txt
[1.036s] -- Up-to-date symlink: /home/jy/armordetect/install/armor_interfaces/local/lib/python3.10/dist-packages/armor_interfaces-0.0.0-py3.10.egg-info/top_level.txt
[1.037s] -- Up-to-date symlink: /home/jy/armordetect/install/armor_interfaces/local/lib/python3.10/dist-packages/armor_interfaces/__init__.py
[1.037s] -- Up-to-date symlink: /home/jy/armordetect/install/armor_interfaces/local/lib/python3.10/dist-packages/armor_interfaces/_armor_interfaces_s.ep.rosidl_typesupport_c.c
[1.037s] -- Up-to-date symlink: /home/jy/armordetect/install/armor_interfaces/local/lib/python3.10/dist-packages/armor_interfaces/_armor_interfaces_s.ep.rosidl_typesupport_fastrtps_c.c
[1.037s] -- Up-to-date symlink: /home/jy/armordetect/install/armor_interfaces/local/lib/python3.10/dist-packages/armor_interfaces/_armor_interfaces_s.ep.rosidl_typesupport_introspection_c.c
[1.037s] -- Up-to-date symlink: /home/jy/armordetect/install/armor_interfaces/local/lib/python3.10/dist-packages/armor_interfaces/armor_interfaces_s__rosidl_typesupport_c.cpython-310-x86_64-linux-gnu.so
[1.038s] -- Up-to-date symlink: /home/jy/armordetect/install/armor_interfaces/local/lib/python3.10/dist-packages/armor_interfaces/armor_interfaces_s__rosidl_typesupport_fastrtps_c.cpython-310-x86_64-linux-gnu.so
[1.038s] -- Up-to-date symlink: /home/jy/armordetect/install/armor_interfaces/local/lib/python3.10/dist-packages/armor_interfaces/armor_interfaces_s__rosidl_typesupport_introspection_c.cpython-310-x86_64-linux-gnu.so
[1.038s] -- Up-to-date symlink: /home/jy/armordetect/install/armor_interfaces/local/lib/python3.10/dist-packages/armor_interfaces/libarmor_interfaces__rosidl_generator_py.so
[1.038s] -- Up-to-date symlink: /home/jy/armordetect/install/armor_interfaces/local/lib/python3.10/dist-packages/armor_interfaces/msg/__init__.py
[1.038s] -- Up-to-date symlink: /home/jy/armordetect/install/armor_interfaces/local/lib/python3.10/dist-packages/armor_interfaces/msg/_armor_detection.py
[1.038s] -- Up-to-date symlink: /home/jy/armordetect/install/armor_interfaces/local/lib/python3.10/dist-packages/armor_interfaces/msg/_armor_detection_s.c
[1.039s] -- Up-to-date symlink: /home/jy/armordetect/install/armor_interfaces/local/lib/python3.10/dist-packages/armor_interfaces/armor_interfaces_s__rosidl_typesupport_fastrtps_c.cpython-310-x86_64-linux-gnu.so
[1.039s] -- Up-to-date symlink: /home/jy/armordetect/install/armor_interfaces/local/lib/python3.10/dist-packages/armor_interfaces/armor_interfaces_s__rosidl_typesupport_introspection_c.cpython-310-x86_64-linux-gnu.so
[1.039s] -- Up-to-date symlink: /home/jy/armordetect/install/armor_interfaces/local/lib/python3.10/dist-packages/armor_interfaces/armor_interfaces_s__rosidl_typesupport_c.cpython-310-x86_64-linux-gnu.so
[1.039s] -- Up-to-date symlink: /home/jy/armordetect/install/armor_interfaces/share/armor_interfaces/msg/ArmorDetection.idl
[1.039s] -- Up-to-date symlink: /home/jy/armordetect/install/armor_interfaces/share/armor_interfaces/msg/ArmorDetection.msg
[1.039s] -- Up-to-date symlink: /home/jy/armordetect/install/armor_interfaces/share/ament_index/resource_index/package_run_dependencies/armor_interfaces
[1.039s] -- Up-to-date symlink: /home/jy/armordetect/install/armor_interfaces/share/ament_index/resource_index/parent_prefix_path/armor_interfaces
[1.039s] -- Up-to-date symlink: /home/jy/armordetect/install/armor_interfaces/share/armor_interfaces/environment/ament_prefix_path.sh
[1.040s] -- Up-to-date symlink: /home/jy/armordetect/install/armor_interfaces/share/armor_interfaces/environment/ament_prefix_path.dsv
[1.040s] -- Up-to-date symlink: /home/jy/armordetect/install/armor_interfaces/share/armor_interfaces/environment/path.sh
[1.040s] -- Up-to-date symlink: /home/jy/armordetect/install/armor_interfaces/share/armor_interfaces/environment/path.dsv
[1.040s] -- Up-to-date symlink: /home/jy/armordetect/install/armor_interfaces/share/armor_interfaces/local_setup.bash
[1.040s] -- Up-to-date symlink: /home/jy/armordetect/install/armor_interfaces/share/armor_interfaces/local_setup.sh
[1.040s] -- Up-to-date symlink: /home/jy/armordetect/install/armor_interfaces/share/armor_interfaces/local_setup.zsh
[1.040s] -- Up-to-date symlink: /home/jy/armordetect/install/armor_interfaces/share/armor_interfaces/local_setup.dsv
[1.040s] -- Symlinking: /home/jy/armordetect/install/armor_interfaces/share/armor_interfaces/package.dsv
[1.046s] -- Up-to-date symlink: /home/jy/armordetect/install/armor_interfaces/share/ament_index/resource_index/packages/armor_interfaces
[1.046s] -- Up-to-date symlink: /home/jy/armordetect/install/armor_interfaces/share/armor_interfaces/cmake/rosidl_cmake-extras.cmake
[1.046s] -- Up-to-date symlink: /home/jy/armordetect/install/armor_interfaces/share/armor_interfaces/cmake/ament_cmake_export_dependencies-extras.cmake
[1.046s] -- Up-to-date symlink: /home/jy/armordetect/install/armor_interfaces/share/armor_interfaces/cmake/ament_cmake_export_include_directories-extras.cmake
[1.046s] -- Up-to-date symlink: /home/jy/armordetect/install/armor_interfaces/share/armor_interfaces/cmake/ament_cmake_export_libraries-extras.cmake
[1.047s] -- Up-to-date symlink: /home/jy/armordetect/install/armor_interfaces/share/armor_interfaces/cmake/ament_cmake_export_targets-extras.cmake
[1.047s] -- Up-to-date symlink: /home/jy/armordetect/install/armor_interfaces/share/armor_interfaces/cmake/rosidl_cmake_export_typesupport_targets-extras.cmake
[1.047s] -- Up-to-date symlink: /home/jy/armordetect/install/armor_interfaces/share/armor_interfaces/cmake/rosidl_cmake_export_typesupport_libraries-extras.cmake
[1.047s] -- Up-to-date symlink: /home/jy/armordetect/install/armor_interfaces/share/armor_interfaces/cmake/armor_interfacesConfig.cmake
[1.047s] -- Up-to-date symlink: /home/jy/armordetect/install/armor_interfaces/share/armor_interfaces/cmake/armor_interfacesConfig-version.cmake
[1.047s] -- Up-to-date symlink: /home/jy/armordetect/install/armor_interfaces/share/armor_interfaces/package.xml
[1.047s] -- Up-to-date: /home/jy/armordetect/install/armor_interfaces/lib/libarmor_interfaces__rosidl_generator_c.so
[1.047s] -- Up-to-date: /home/jy/armordetect/install/armor_interfaces/lib/libarmor_interfaces__rosidl_typesupport_fastrtps_c.so
[1.047s] -- Up-to-date: /home/jy/armordetect/install/armor_interfaces/lib/libarmor_interfaces__rosidl_typesupport_introspection_c.so
[1.047s] -- Up-to-date: /home/jy/armordetect/install/armor_interfaces/lib/libarmor_interfaces__rosidl_typesupport_c.so
[1.047s] -- Up-to-date: /home/jy/armordetect/install/armor_interfaces/lib/libarmor_interfaces__rosidl_typesupport_fastrtps_cpp.so
[1.047s] -- Up-to-date: /home/jy/armordetect/install/armor_interfaces/lib/libarmor_interfaces__rosidl_typesupport_introspection_cpp.so
[1.047s] -- Up-to-date: /home/jy/armordetect/install/armor_interfaces/lib/libarmor_interfaces__rosidl_typesupport_cpp.so
[1.076s] Listing '/home/jy/armordetect/install/armor_interfaces/local/lib/python3.10/dist-packages/armor_interfaces'...
[1.076s] Compiling '/home/jy/armordetect/install/armor_interfaces/local/lib/python3.10/dist-packages/armor_interfaces/__init__.py'...
[1.076s] Listing '/home/jy/armordetect/install/armor_interfaces/local/lib/python3.10/dist-packages/armor_interfaces/msg'...
[1.078s] -- Up-to-date: /home/jy/armordetect/install/armor_interfaces/lib/libarmor_interfaces__rosidl_generator_py.so
[1.079s] -- Up-to-date: /home/jy/armordetect/install/armor_interfaces/share/armor_interfaces/cmake/export_armor_interfaces__rosidl_generator_cExport.cmake
[1.079s] -- Up-to-date: /home/jy/armordetect/install/armor_interfaces/share/armor_interfaces/cmake/export_armor_interfaces__rosidl_generator_cExport-noconfig.cmake
[1.079s] -- Up-to-date: /home/jy/armordetect/install/armor_interfaces/share/armor_interfaces/cmake/export_armor_interfaces__rosidl_typesupport_fastrtps_cExport.cmake
[1.079s] -- Up-to-date: /home/jy/armordetect/install/armor_interfaces/share/armor_interfaces/cmake/export_armor_interfaces__rosidl_typesupport_fastrtps_cExport-noconfig.cmake
[1.079s] -- Up-to-date: /home/jy/armordetect/install/armor_interfaces/share/armor_interfaces/cmake/armor_interfaces__rosidl_typesupport_introspection_cExport.cmake
[1.079s] -- Up-to-date: /home/jy/armordetect/install/armor_interfaces/share/armor_interfaces/cmake/armor_interfaces__rosidl_typesupport_introspection_cExport-noconfig.cmake
[1.079s] -- Up-to-date: /home/jy/armordetect/install/armor_interfaces/share/armor_interfaces/cmake/armor_interfaces__rosidl_typesupport_cExport.cmake
[1.079s] -- Up-to-date: /home/jy/armordetect/install/armor_interfaces/share/armor_interfaces/cmake/armor_interfaces__rosidl_typesupport_cExport-noconfig.cmake
[1.079s] -- Up-to-date: /home/jy/armordetect/install/armor_interfaces/share/armor_interfaces/cmake/export_armor_interfaces__rosidl_generator_cppExport.cmake
[1.079s] -- Up-to-date: /home/jy/armordetect/install/armor_interfaces/share/armor_interfaces/cmake/export_armor_interfaces__rosidl_typesupport_fastrtps_cppExport.cmake
[1.079s] -- Up-to-date: /home/jy/armordetect/install/armor_interfaces/share/armor_interfaces/cmake/export_armor_interfaces__rosidl_typesupport_fastrtps_cppExport-noconfig.cmake
[1.079s] -- Up-to-date: /home/jy/armordetect/install/armor_interfaces/share/armor_interfaces/cmake/armor_interfaces__rosidl_typesupport_introspection_cppExport.cmake
[1.079s] -- Up-to-date: /home/jy/armordetect/install/armor_interfaces/share/armor_interfaces/cmake/armor_interfaces__rosidl_typesupport_introspection_cppExport-noconfig.cmake
[1.079s] -- Up-to-date: /home/jy/armordetect/install/armor_interfaces/share/armor_interfaces/cmake/armor_interfaces__rosidl_typesupport_cppExport.cmake
[1.079s] -- Up-to-date: /home/jy/armordetect/install/armor_interfaces/share/armor_interfaces/cmake/armor_interfaces__rosidl_typesupport_cppExport-noconfig.cmake
[1.079s] -- Up-to-date: /home/jy/armordetect/install/armor_interfaces/share/armor_interfaces/cmake/export_armor_interfaces__rosidl_generator_pyExport.cmake
[1.079s] -- Up-to-date: /home/jy/armordetect/install/armor_interfaces/share/armor_interfaces/cmake/export_armor_interfaces__rosidl_generator_pyExport-noconfig.cmake
[1.080s] Invoked command in '/home/jy/armordetect/build/armor_interfaces' returned '0': CMAKE_PREFIX_PATH=/home/jy/ws00_helloworld/install/pkg01_helloworld_cpp:/home/jy/ws00_helloworld/install/cpp03_action:/home/jy/ws00_helloworld/install/cpp02_service:/home/jy/ws00_helloworld/install/cpp01_topic:/home/jy/ws00_helloworld/install/base_interfaces_demo:/home/jy/ws00_helloworld/install/py02_service:/home/jy/ws00_helloworld/install/py01_topic:/opt/ros/humble:/home/jy/catkin_ws/devel:/home/jy/catkin_ws/devel_isolated/wpr_simulation:/home/jy/catkin_ws/devel_isolated/ssr_pkg /usr/bin/cmake --install /home/jy/armordetect/build/armor_interfaces
